#
# There is insufficient memory for the Java Runtime Environment to continue.
# Native memory allocation (malloc) failed to allocate 193264 bytes for Chunk::new
# Possible reasons:
#   The system is out of physical RAM or swap space
#   The process is running with CompressedOops enabled, and the Java Heap may be blocking the growth of the native heap
# Possible solutions:
#   Reduce memory load on the system
#   Increase physical memory or swap space
#   Check if swap backing store is full
#   Decrease Java heap size (-Xmx/-Xms)
#   Decrease number of Java threads
#   Decrease Java thread stack sizes (-Xss)
#   Set larger code cache with -XX:ReservedCodeCacheSize=
#   JVM is running with Unscaled Compressed Oops mode in which the Java heap is
#     placed in the first 4GB address space. The Java Heap base address is the
#     maximum limit for the native heap growth. Please use -XX:HeapBaseMinAddress
#     to set the Java Heap base and to place the Java Heap above 4GB virtual address.
# This output file may be truncated or incomplete.
#
#  Out of Memory Error (arena.cpp:184), pid=2132, tid=21764
#
# JRE version: Java(TM) SE Runtime Environment (20.0+36) (build 20+36-2344)
# Java VM: Java HotSpot(TM) 64-Bit Server VM (20+36-2344, mixed mode, sharing, tiered, compressed oops, compressed class ptrs, g1 gc, windows-amd64)
# No core dump will be written. Minidumps are not enabled by default on client versions of Windows
#

---------------  S U M M A R Y ------------

Command Line: --module-path=C:\Users\HP\.m2\repository\org\openjfx\javafx-base\21.0.2\javafx-base-21.0.2-win.jar;C:\Users\HP\.m2\repository\org\openjfx\javafx-base\21.0.2\javafx-base-21.0.2.jar;C:\Users\HP\.m2\repository\org\openjfx\javafx-controls\21.0.2\javafx-controls-21.0.2-win.jar;C:\Users\HP\.m2\repository\org\openjfx\javafx-controls\21.0.2\javafx-controls-21.0.2.jar;C:\Users\HP\.m2\repository\org\openjfx\javafx-fxml\21.0.2\javafx-fxml-21.0.2-win.jar;C:\Users\HP\.m2\repository\org\openjfx\javafx-fxml\21.0.2\javafx-fxml-21.0.2.jar;C:\Users\HP\.m2\repository\org\openjfx\javafx-graphics\21.0.2\javafx-graphics-21.0.2-win.jar;C:\Users\HP\.m2\repository\org\openjfx\javafx-graphics\21.0.2\javafx-graphics-21.0.2.jar;C:\Users\HP\.m2\repository\org\openjfx\javafx-media\17.0.6\javafx-media-17.0.6-win.jar;C:\Users\HP\.m2\repository\org\openjfx\javafx-media\17.0.6\javafx-media-17.0.6.jar;C:\Users\HP\.m2\repository\org\openjfx\javafx-web\17.0.6\javafx-web-17.0.6-win.jar;C:\Users\HP\.m2\repository\org\openjfx\javafx-web\17.0.6\javafx-web-17.0.6.jar --add-modules=javafx.base,javafx.controls,javafx.fxml,javafx.graphics,javafx.media,javafx.web tn.esprit.MainFx

Host: AMD Ryzen 5 5600H with Radeon Graphics         , 12 cores, 7G,  Windows 11 , 64 bit Build 22621 (10.0.22621.3374)
Time: Thu May  9 21:34:32 2024 Afr. centrale Ouest elapsed time: 0.373868 seconds (0d 0h 0m 0s)

---------------  T H R E A D  ---------------

Current thread (0x000002c2ef5bf780):  JavaThread "C2 CompilerThread2" daemon [_thread_in_native, id=21764, stack(0x000000e603100000,0x000000e603200000)]


Current CompileTask:
C2:    373  881       4       java.util.HashMap::put (13 bytes)

Stack: [0x000000e603100000,0x000000e603200000]
Native frames: (J=compiled Java code, j=interpreted, Vv=VM code, C=native code)
V  [jvm.dll+0x6bb95a]
V  [jvm.dll+0x8483aa]
V  [jvm.dll+0x849fa5]
V  [jvm.dll+0x84a6a3]
V  [jvm.dll+0x280b0f]
V  [jvm.dll+0xc2b11]
V  [jvm.dll+0xc2e35]
V  [jvm.dll+0x3bb17c]
V  [jvm.dll+0x3857f5]
V  [jvm.dll+0x384c6a]
V  [jvm.dll+0x24b259]
V  [jvm.dll+0x24a651]
V  [jvm.dll+0x1ce491]
V  [jvm.dll+0x259e1b]
V  [jvm.dll+0x2584f0]
V  [jvm.dll+0x3f2895]
V  [jvm.dll+0x7f4906]
V  [jvm.dll+0x6ba5cb]
C  [ucrtbase.dll+0x29333]
C  [KERNEL32.DLL+0x1257d]
C  [ntdll.dll+0x5aa48]


---------------  P R O C E S S  ---------------

Threads class SMR info:
_java_thread_list=0x000002c2f4cc97e0, length=18, elements={
0x000002c2ce54e600, 0x000002c2eb02ad60, 0x000002c2eb02b350, 0x000002c2eb02cc60,
0x000002c2eb02d1b0, 0x000002c2eb02ffd0, 0x000002c2eb041970, 0x000002c2eb066710,
0x000002c2eb066ca0, 0x000002c2ef4fe9e0, 0x000002c2ef68a3c0, 0x000002c2ef5bf780,
0x000002c2ef7b36e0, 0x000002c2efe9f030, 0x000002c2efec8010, 0x000002c2efeca1b0,
0x000002c2f4c858b0, 0x000002c2f4cd8660
}

Java Threads: ( => current thread )
  0x000002c2ce54e600 JavaThread "main" [_thread_blocked, id=10020, stack(0x000000e602000000,0x000000e602100000)]
  0x000002c2eb02ad60 JavaThread "Reference Handler" daemon [_thread_blocked, id=21328, stack(0x000000e602700000,0x000000e602800000)]
  0x000002c2eb02b350 JavaThread "Finalizer" daemon [_thread_blocked, id=10612, stack(0x000000e602800000,0x000000e602900000)]
  0x000002c2eb02cc60 JavaThread "Signal Dispatcher" daemon [_thread_blocked, id=21980, stack(0x000000e602900000,0x000000e602a00000)]
  0x000002c2eb02d1b0 JavaThread "Attach Listener" daemon [_thread_blocked, id=16204, stack(0x000000e602a00000,0x000000e602b00000)]
  0x000002c2eb02ffd0 JavaThread "Service Thread" daemon [_thread_blocked, id=13428, stack(0x000000e602b00000,0x000000e602c00000)]
  0x000002c2eb041970 JavaThread "Monitor Deflation Thread" daemon [_thread_blocked, id=8712, stack(0x000000e602c00000,0x000000e602d00000)]
  0x000002c2eb066710 JavaThread "C2 CompilerThread0" daemon [_thread_blocked, id=13504, stack(0x000000e602d00000,0x000000e602e00000)]
  0x000002c2eb066ca0 JavaThread "C1 CompilerThread0" daemon [_thread_blocked, id=11144, stack(0x000000e602e00000,0x000000e602f00000)]
  0x000002c2ef4fe9e0 JavaThread "Common-Cleaner" daemon [_thread_blocked, id=21136, stack(0x000000e602f00000,0x000000e603000000)]
  0x000002c2ef68a3c0 JavaThread "C2 CompilerThread1" daemon [_thread_blocked, id=6588, stack(0x000000e603000000,0x000000e603100000)]
=>0x000002c2ef5bf780 JavaThread "C2 CompilerThread2" daemon [_thread_in_native, id=21764, stack(0x000000e603100000,0x000000e603200000)]
  0x000002c2ef7b36e0 JavaThread "Notification Thread" daemon [_thread_blocked, id=19044, stack(0x000000e603200000,0x000000e603300000)]
  0x000002c2efe9f030 JavaThread "QuantumRenderer-0" daemon [_thread_blocked, id=7500, stack(0x000000e603400000,0x000000e603500000)]
  0x000002c2efec8010 JavaThread "InvokeLaterDispatcher" daemon [_thread_blocked, id=6728, stack(0x000000e603700000,0x000000e603800000)]
  0x000002c2efeca1b0 JavaThread "JavaFX Application Thread" [_thread_in_vm, id=22448, stack(0x000000e603800000,0x000000e603900000)]
  0x000002c2f4c858b0 JavaThread "JavaFX-Launcher" [_thread_blocked, id=21016, stack(0x000000e604200000,0x000000e604300000)]
  0x000002c2f4cd8660 JavaThread "Thread-2" daemon [_thread_in_native, id=18216, stack(0x000000e604100000,0x000000e604200000)]

Other Threads:
  0x000002c2eb00ae80 VMThread "VM Thread" [stack: 0x000000e602600000,0x000000e602700000] [id=19728]
  0x000002c2ef98d180 WatcherThread "VM Periodic Task Thread" [stack: 0x000000e603300000,0x000000e603400000] [id=11172]
  0x000002c2ce5aa200 WorkerThread "GC Thread#0" [stack: 0x000000e602100000,0x000000e602200000] [id=11084]
  0x000002c2ce5b9c10 ConcurrentGCThread "G1 Main Marker" [stack: 0x000000e602200000,0x000000e602300000] [id=4064]
  0x000002c2ce5ba7e0 WorkerThread "G1 Conc#0" [stack: 0x000000e602300000,0x000000e602400000] [id=14240]
  0x000002c2ce5fe860 ConcurrentGCThread "G1 Refine#0" [stack: 0x000000e602400000,0x000000e602500000] [id=14564]
  0x000002c2eaecd380 ConcurrentGCThread "G1 Service" [stack: 0x000000e602500000,0x000000e602600000] [id=19548]

Threads with active compile tasks:
C2 CompilerThread2      386  881       4       java.util.HashMap::put (13 bytes)

VM state: not at safepoint (normal execution)

VM Mutex/Monitor currently owned by a thread: None

Heap address: 0x000000008a800000, size: 1880 MB, Compressed Oops mode: 32-bit

CDS archive(s) mapped at: [0x0000000800000000-0x0000000800c60000-0x0000000800c60000), size 12976128, SharedBaseAddress: 0x0000000800000000, ArchiveRelocationMode: 0.
Compressed class space mapped at: 0x0000000801000000-0x0000000841000000, reserved size: 1073741824
Narrow klass base: 0x0000000800000000, Narrow klass shift: 0, Narrow klass range: 0x100000000

GC Precious Log:
 CardTable entry size: 512
 Card Set container configuration: InlinePtr #cards 5 size 8 Array Of Cards #cards 12 size 40 Howl #buckets 4 coarsen threshold 1843 Howl Bitmap #cards 512 size 80 coarsen threshold 460 Card regions per heap region 1 cards per card region 2048
 CPUs: 12 total, 12 available
 Memory: 7519M
 Large Page Support: Disabled
 NUMA Support: Disabled
 Compressed Oops: Enabled (32-bit)
 Heap Region Size: 1M
 Heap Min Capacity: 8M
 Heap Initial Capacity: 118M
 Heap Max Capacity: 1880M
 Pre-touch: Disabled
 Parallel Workers: 10
 Concurrent Workers: 3
 Concurrent Refinement Workers: 10
 Periodic GC: Disabled

Heap:
 garbage-first heap   total 120832K, used 19456K [0x000000008a800000, 0x0000000100000000)
  region size 1024K, 21 young (21504K), 0 survivors (0K)
 Metaspace       used 4272K, committed 4480K, reserved 1114112K
  class space    used 486K, committed 576K, reserved 1048576K

Heap Regions: E=young(eden), S=young(survivor), O=old, HS=humongous(starts), HC=humongous(continues), CS=collection set, F=free, OA=open archive, CA=closed archive, TAMS=top-at-mark-start, PB=parsable bottom
|   0|0x000000008a800000, 0x000000008a800000, 0x000000008a900000|  0%| F|  |TAMS 0x000000008a800000| PB 0x000000008a800000| Untracked 
|   1|0x000000008a900000, 0x000000008a900000, 0x000000008aa00000|  0%| F|  |TAMS 0x000000008a900000| PB 0x000000008a900000| Untracked 
|   2|0x000000008aa00000, 0x000000008aa00000, 0x000000008ab00000|  0%| F|  |TAMS 0x000000008aa00000| PB 0x000000008aa00000| Untracked 
|   3|0x000000008ab00000, 0x000000008ab00000, 0x000000008ac00000|  0%| F|  |TAMS 0x000000008ab00000| PB 0x000000008ab00000| Untracked 
|   4|0x000000008ac00000, 0x000000008ac00000, 0x000000008ad00000|  0%| F|  |TAMS 0x000000008ac00000| PB 0x000000008ac00000| Untracked 
|   5|0x000000008ad00000, 0x000000008ad00000, 0x000000008ae00000|  0%| F|  |TAMS 0x000000008ad00000| PB 0x000000008ad00000| Untracked 
|   6|0x000000008ae00000, 0x000000008ae00000, 0x000000008af00000|  0%| F|  |TAMS 0x000000008ae00000| PB 0x000000008ae00000| Untracked 
|   7|0x000000008af00000, 0x000000008af00000, 0x000000008b000000|  0%| F|  |TAMS 0x000000008af00000| PB 0x000000008af00000| Untracked 
|   8|0x000000008b000000, 0x000000008b000000, 0x000000008b100000|  0%| F|  |TAMS 0x000000008b000000| PB 0x000000008b000000| Untracked 
|   9|0x000000008b100000, 0x000000008b100000, 0x000000008b200000|  0%| F|  |TAMS 0x000000008b100000| PB 0x000000008b100000| Untracked 
|  10|0x000000008b200000, 0x000000008b200000, 0x000000008b300000|  0%| F|  |TAMS 0x000000008b200000| PB 0x000000008b200000| Untracked 
|  11|0x000000008b300000, 0x000000008b300000, 0x000000008b400000|  0%| F|  |TAMS 0x000000008b300000| PB 0x000000008b300000| Untracked 
|  12|0x000000008b400000, 0x000000008b400000, 0x000000008b500000|  0%| F|  |TAMS 0x000000008b400000| PB 0x000000008b400000| Untracked 
|  13|0x000000008b500000, 0x000000008b500000, 0x000000008b600000|  0%| F|  |TAMS 0x000000008b500000| PB 0x000000008b500000| Untracked 
|  14|0x000000008b600000, 0x000000008b600000, 0x000000008b700000|  0%| F|  |TAMS 0x000000008b600000| PB 0x000000008b600000| Untracked 
|  15|0x000000008b700000, 0x000000008b700000, 0x000000008b800000|  0%| F|  |TAMS 0x000000008b700000| PB 0x000000008b700000| Untracked 
|  16|0x000000008b800000, 0x000000008b800000, 0x000000008b900000|  0%| F|  |TAMS 0x000000008b800000| PB 0x000000008b800000| Untracked 
|  17|0x000000008b900000, 0x000000008b900000, 0x000000008ba00000|  0%| F|  |TAMS 0x000000008b900000| PB 0x000000008b900000| Untracked 
|  18|0x000000008ba00000, 0x000000008ba00000, 0x000000008bb00000|  0%| F|  |TAMS 0x000000008ba00000| PB 0x000000008ba00000| Untracked 
|  19|0x000000008bb00000, 0x000000008bb00000, 0x000000008bc00000|  0%| F|  |TAMS 0x000000008bb00000| PB 0x000000008bb00000| Untracked 
|  20|0x000000008bc00000, 0x000000008bc00000, 0x000000008bd00000|  0%| F|  |TAMS 0x000000008bc00000| PB 0x000000008bc00000| Untracked 
|  21|0x000000008bd00000, 0x000000008bd00000, 0x000000008be00000|  0%| F|  |TAMS 0x000000008bd00000| PB 0x000000008bd00000| Untracked 
|  22|0x000000008be00000, 0x000000008be00000, 0x000000008bf00000|  0%| F|  |TAMS 0x000000008be00000| PB 0x000000008be00000| Untracked 
|  23|0x000000008bf00000, 0x000000008bf00000, 0x000000008c000000|  0%| F|  |TAMS 0x000000008bf00000| PB 0x000000008bf00000| Untracked 
|  24|0x000000008c000000, 0x000000008c000000, 0x000000008c100000|  0%| F|  |TAMS 0x000000008c000000| PB 0x000000008c000000| Untracked 
|  25|0x000000008c100000, 0x000000008c100000, 0x000000008c200000|  0%| F|  |TAMS 0x000000008c100000| PB 0x000000008c100000| Untracked 
|  26|0x000000008c200000, 0x000000008c200000, 0x000000008c300000|  0%| F|  |TAMS 0x000000008c200000| PB 0x000000008c200000| Untracked 
|  27|0x000000008c300000, 0x000000008c300000, 0x000000008c400000|  0%| F|  |TAMS 0x000000008c300000| PB 0x000000008c300000| Untracked 
|  28|0x000000008c400000, 0x000000008c400000, 0x000000008c500000|  0%| F|  |TAMS 0x000000008c400000| PB 0x000000008c400000| Untracked 
|  29|0x000000008c500000, 0x000000008c500000, 0x000000008c600000|  0%| F|  |TAMS 0x000000008c500000| PB 0x000000008c500000| Untracked 
|  30|0x000000008c600000, 0x000000008c600000, 0x000000008c700000|  0%| F|  |TAMS 0x000000008c600000| PB 0x000000008c600000| Untracked 
|  31|0x000000008c700000, 0x000000008c700000, 0x000000008c800000|  0%| F|  |TAMS 0x000000008c700000| PB 0x000000008c700000| Untracked 
|  32|0x000000008c800000, 0x000000008c800000, 0x000000008c900000|  0%| F|  |TAMS 0x000000008c800000| PB 0x000000008c800000| Untracked 
|  33|0x000000008c900000, 0x000000008c900000, 0x000000008ca00000|  0%| F|  |TAMS 0x000000008c900000| PB 0x000000008c900000| Untracked 
|  34|0x000000008ca00000, 0x000000008ca00000, 0x000000008cb00000|  0%| F|  |TAMS 0x000000008ca00000| PB 0x000000008ca00000| Untracked 
|  35|0x000000008cb00000, 0x000000008cb00000, 0x000000008cc00000|  0%| F|  |TAMS 0x000000008cb00000| PB 0x000000008cb00000| Untracked 
|  36|0x000000008cc00000, 0x000000008cc00000, 0x000000008cd00000|  0%| F|  |TAMS 0x000000008cc00000| PB 0x000000008cc00000| Untracked 
|  37|0x000000008cd00000, 0x000000008cd00000, 0x000000008ce00000|  0%| F|  |TAMS 0x000000008cd00000| PB 0x000000008cd00000| Untracked 
|  38|0x000000008ce00000, 0x000000008ce00000, 0x000000008cf00000|  0%| F|  |TAMS 0x000000008ce00000| PB 0x000000008ce00000| Untracked 
|  39|0x000000008cf00000, 0x000000008cf00000, 0x000000008d000000|  0%| F|  |TAMS 0x000000008cf00000| PB 0x000000008cf00000| Untracked 
|  40|0x000000008d000000, 0x000000008d000000, 0x000000008d100000|  0%| F|  |TAMS 0x000000008d000000| PB 0x000000008d000000| Untracked 
|  41|0x000000008d100000, 0x000000008d100000, 0x000000008d200000|  0%| F|  |TAMS 0x000000008d100000| PB 0x000000008d100000| Untracked 
|  42|0x000000008d200000, 0x000000008d200000, 0x000000008d300000|  0%| F|  |TAMS 0x000000008d200000| PB 0x000000008d200000| Untracked 
|  43|0x000000008d300000, 0x000000008d300000, 0x000000008d400000|  0%| F|  |TAMS 0x000000008d300000| PB 0x000000008d300000| Untracked 
|  44|0x000000008d400000, 0x000000008d400000, 0x000000008d500000|  0%| F|  |TAMS 0x000000008d400000| PB 0x000000008d400000| Untracked 
|  45|0x000000008d500000, 0x000000008d500000, 0x000000008d600000|  0%| F|  |TAMS 0x000000008d500000| PB 0x000000008d500000| Untracked 
|  46|0x000000008d600000, 0x000000008d600000, 0x000000008d700000|  0%| F|  |TAMS 0x000000008d600000| PB 0x000000008d600000| Untracked 
|  47|0x000000008d700000, 0x000000008d700000, 0x000000008d800000|  0%| F|  |TAMS 0x000000008d700000| PB 0x000000008d700000| Untracked 
|  48|0x000000008d800000, 0x000000008d800000, 0x000000008d900000|  0%| F|  |TAMS 0x000000008d800000| PB 0x000000008d800000| Untracked 
|  49|0x000000008d900000, 0x000000008d900000, 0x000000008da00000|  0%| F|  |TAMS 0x000000008d900000| PB 0x000000008d900000| Untracked 
|  50|0x000000008da00000, 0x000000008da00000, 0x000000008db00000|  0%| F|  |TAMS 0x000000008da00000| PB 0x000000008da00000| Untracked 
|  51|0x000000008db00000, 0x000000008db00000, 0x000000008dc00000|  0%| F|  |TAMS 0x000000008db00000| PB 0x000000008db00000| Untracked 
|  52|0x000000008dc00000, 0x000000008dc00000, 0x000000008dd00000|  0%| F|  |TAMS 0x000000008dc00000| PB 0x000000008dc00000| Untracked 
|  53|0x000000008dd00000, 0x000000008dd00000, 0x000000008de00000|  0%| F|  |TAMS 0x000000008dd00000| PB 0x000000008dd00000| Untracked 
|  54|0x000000008de00000, 0x000000008de00000, 0x000000008df00000|  0%| F|  |TAMS 0x000000008de00000| PB 0x000000008de00000| Untracked 
|  55|0x000000008df00000, 0x000000008df00000, 0x000000008e000000|  0%| F|  |TAMS 0x000000008df00000| PB 0x000000008df00000| Untracked 
|  56|0x000000008e000000, 0x000000008e000000, 0x000000008e100000|  0%| F|  |TAMS 0x000000008e000000| PB 0x000000008e000000| Untracked 
|  57|0x000000008e100000, 0x000000008e100000, 0x000000008e200000|  0%| F|  |TAMS 0x000000008e100000| PB 0x000000008e100000| Untracked 
|  58|0x000000008e200000, 0x000000008e200000, 0x000000008e300000|  0%| F|  |TAMS 0x000000008e200000| PB 0x000000008e200000| Untracked 
|  59|0x000000008e300000, 0x000000008e300000, 0x000000008e400000|  0%| F|  |TAMS 0x000000008e300000| PB 0x000000008e300000| Untracked 
|  60|0x000000008e400000, 0x000000008e400000, 0x000000008e500000|  0%| F|  |TAMS 0x000000008e400000| PB 0x000000008e400000| Untracked 
|  61|0x000000008e500000, 0x000000008e500000, 0x000000008e600000|  0%| F|  |TAMS 0x000000008e500000| PB 0x000000008e500000| Untracked 
|  62|0x000000008e600000, 0x000000008e600000, 0x000000008e700000|  0%| F|  |TAMS 0x000000008e600000| PB 0x000000008e600000| Untracked 
|  63|0x000000008e700000, 0x000000008e700000, 0x000000008e800000|  0%| F|  |TAMS 0x000000008e700000| PB 0x000000008e700000| Untracked 
|  64|0x000000008e800000, 0x000000008e800000, 0x000000008e900000|  0%| F|  |TAMS 0x000000008e800000| PB 0x000000008e800000| Untracked 
|  65|0x000000008e900000, 0x000000008e900000, 0x000000008ea00000|  0%| F|  |TAMS 0x000000008e900000| PB 0x000000008e900000| Untracked 
|  66|0x000000008ea00000, 0x000000008ea00000, 0x000000008eb00000|  0%| F|  |TAMS 0x000000008ea00000| PB 0x000000008ea00000| Untracked 
|  67|0x000000008eb00000, 0x000000008eb00000, 0x000000008ec00000|  0%| F|  |TAMS 0x000000008eb00000| PB 0x000000008eb00000| Untracked 
|  68|0x000000008ec00000, 0x000000008ec00000, 0x000000008ed00000|  0%| F|  |TAMS 0x000000008ec00000| PB 0x000000008ec00000| Untracked 
|  69|0x000000008ed00000, 0x000000008ed00000, 0x000000008ee00000|  0%| F|  |TAMS 0x000000008ed00000| PB 0x000000008ed00000| Untracked 
|  70|0x000000008ee00000, 0x000000008ee00000, 0x000000008ef00000|  0%| F|  |TAMS 0x000000008ee00000| PB 0x000000008ee00000| Untracked 
|  71|0x000000008ef00000, 0x000000008ef00000, 0x000000008f000000|  0%| F|  |TAMS 0x000000008ef00000| PB 0x000000008ef00000| Untracked 
|  72|0x000000008f000000, 0x000000008f000000, 0x000000008f100000|  0%| F|  |TAMS 0x000000008f000000| PB 0x000000008f000000| Untracked 
|  73|0x000000008f100000, 0x000000008f100000, 0x000000008f200000|  0%| F|  |TAMS 0x000000008f100000| PB 0x000000008f100000| Untracked 
|  74|0x000000008f200000, 0x000000008f200000, 0x000000008f300000|  0%| F|  |TAMS 0x000000008f200000| PB 0x000000008f200000| Untracked 
|  75|0x000000008f300000, 0x000000008f300000, 0x000000008f400000|  0%| F|  |TAMS 0x000000008f300000| PB 0x000000008f300000| Untracked 
|  76|0x000000008f400000, 0x000000008f400000, 0x000000008f500000|  0%| F|  |TAMS 0x000000008f400000| PB 0x000000008f400000| Untracked 
|  77|0x000000008f500000, 0x000000008f500000, 0x000000008f600000|  0%| F|  |TAMS 0x000000008f500000| PB 0x000000008f500000| Untracked 
|  78|0x000000008f600000, 0x000000008f600000, 0x000000008f700000|  0%| F|  |TAMS 0x000000008f600000| PB 0x000000008f600000| Untracked 
|  79|0x000000008f700000, 0x000000008f700000, 0x000000008f800000|  0%| F|  |TAMS 0x000000008f700000| PB 0x000000008f700000| Untracked 
|  80|0x000000008f800000, 0x000000008f800000, 0x000000008f900000|  0%| F|  |TAMS 0x000000008f800000| PB 0x000000008f800000| Untracked 
|  81|0x000000008f900000, 0x000000008f900000, 0x000000008fa00000|  0%| F|  |TAMS 0x000000008f900000| PB 0x000000008f900000| Untracked 
|  82|0x000000008fa00000, 0x000000008fa00000, 0x000000008fb00000|  0%| F|  |TAMS 0x000000008fa00000| PB 0x000000008fa00000| Untracked 
|  83|0x000000008fb00000, 0x000000008fb00000, 0x000000008fc00000|  0%| F|  |TAMS 0x000000008fb00000| PB 0x000000008fb00000| Untracked 
|  84|0x000000008fc00000, 0x000000008fc00000, 0x000000008fd00000|  0%| F|  |TAMS 0x000000008fc00000| PB 0x000000008fc00000| Untracked 
|  85|0x000000008fd00000, 0x000000008fd00000, 0x000000008fe00000|  0%| F|  |TAMS 0x000000008fd00000| PB 0x000000008fd00000| Untracked 
|  86|0x000000008fe00000, 0x000000008fe00000, 0x000000008ff00000|  0%| F|  |TAMS 0x000000008fe00000| PB 0x000000008fe00000| Untracked 
|  87|0x000000008ff00000, 0x000000008ff00000, 0x0000000090000000|  0%| F|  |TAMS 0x000000008ff00000| PB 0x000000008ff00000| Untracked 
|  88|0x0000000090000000, 0x0000000090000000, 0x0000000090100000|  0%| F|  |TAMS 0x0000000090000000| PB 0x0000000090000000| Untracked 
|  89|0x0000000090100000, 0x0000000090100000, 0x0000000090200000|  0%| F|  |TAMS 0x0000000090100000| PB 0x0000000090100000| Untracked 
|  90|0x0000000090200000, 0x0000000090200000, 0x0000000090300000|  0%| F|  |TAMS 0x0000000090200000| PB 0x0000000090200000| Untracked 
|  91|0x0000000090300000, 0x0000000090300000, 0x0000000090400000|  0%| F|  |TAMS 0x0000000090300000| PB 0x0000000090300000| Untracked 
|  92|0x0000000090400000, 0x0000000090400000, 0x0000000090500000|  0%| F|  |TAMS 0x0000000090400000| PB 0x0000000090400000| Untracked 
|  93|0x0000000090500000, 0x0000000090500000, 0x0000000090600000|  0%| F|  |TAMS 0x0000000090500000| PB 0x0000000090500000| Untracked 
|  94|0x0000000090600000, 0x0000000090600000, 0x0000000090700000|  0%| F|  |TAMS 0x0000000090600000| PB 0x0000000090600000| Untracked 
|  95|0x0000000090700000, 0x0000000090700000, 0x0000000090800000|  0%| F|  |TAMS 0x0000000090700000| PB 0x0000000090700000| Untracked 
|  96|0x0000000090800000, 0x0000000090800000, 0x0000000090900000|  0%| F|  |TAMS 0x0000000090800000| PB 0x0000000090800000| Untracked 
|  97|0x0000000090900000, 0x00000000909ee4b8, 0x0000000090a00000| 93%| E|  |TAMS 0x0000000090900000| PB 0x0000000090900000| Complete 
|  98|0x0000000090a00000, 0x0000000090b00000, 0x0000000090b00000|100%| E|CS|TAMS 0x0000000090a00000| PB 0x0000000090a00000| Complete 
|  99|0x0000000090b00000, 0x0000000090c00000, 0x0000000090c00000|100%| E|CS|TAMS 0x0000000090b00000| PB 0x0000000090b00000| Complete 
| 100|0x0000000090c00000, 0x0000000090d00000, 0x0000000090d00000|100%| E|CS|TAMS 0x0000000090c00000| PB 0x0000000090c00000| Complete 
| 101|0x0000000090d00000, 0x0000000090e00000, 0x0000000090e00000|100%| E|CS|TAMS 0x0000000090d00000| PB 0x0000000090d00000| Complete 
| 102|0x0000000090e00000, 0x0000000090f00000, 0x0000000090f00000|100%| E|CS|TAMS 0x0000000090e00000| PB 0x0000000090e00000| Complete 
| 103|0x0000000090f00000, 0x0000000091000000, 0x0000000091000000|100%| E|CS|TAMS 0x0000000090f00000| PB 0x0000000090f00000| Complete 
| 104|0x0000000091000000, 0x0000000091100000, 0x0000000091100000|100%| E|CS|TAMS 0x0000000091000000| PB 0x0000000091000000| Complete 
| 105|0x0000000091100000, 0x0000000091200000, 0x0000000091200000|100%| E|CS|TAMS 0x0000000091100000| PB 0x0000000091100000| Complete 
| 106|0x0000000091200000, 0x0000000091300000, 0x0000000091300000|100%| E|CS|TAMS 0x0000000091200000| PB 0x0000000091200000| Complete 
| 107|0x0000000091300000, 0x0000000091400000, 0x0000000091400000|100%| E|  |TAMS 0x0000000091300000| PB 0x0000000091300000| Complete 
| 108|0x0000000091400000, 0x0000000091500000, 0x0000000091500000|100%| E|CS|TAMS 0x0000000091400000| PB 0x0000000091400000| Complete 
| 109|0x0000000091500000, 0x0000000091600000, 0x0000000091600000|100%| E|CS|TAMS 0x0000000091500000| PB 0x0000000091500000| Complete 
| 110|0x0000000091600000, 0x0000000091700000, 0x0000000091700000|100%| E|CS|TAMS 0x0000000091600000| PB 0x0000000091600000| Complete 
| 111|0x0000000091700000, 0x0000000091800000, 0x0000000091800000|100%| E|CS|TAMS 0x0000000091700000| PB 0x0000000091700000| Complete 
| 112|0x0000000091800000, 0x0000000091900000, 0x0000000091900000|100%| E|CS|TAMS 0x0000000091800000| PB 0x0000000091800000| Complete 
| 113|0x0000000091900000, 0x0000000091a00000, 0x0000000091a00000|100%| E|CS|TAMS 0x0000000091900000| PB 0x0000000091900000| Complete 
| 114|0x0000000091a00000, 0x0000000091b00000, 0x0000000091b00000|100%| E|CS|TAMS 0x0000000091a00000| PB 0x0000000091a00000| Complete 
| 115|0x0000000091b00000, 0x0000000091c00000, 0x0000000091c00000|100%| E|CS|TAMS 0x0000000091b00000| PB 0x0000000091b00000| Complete 
| 116|0x0000000091c00000, 0x0000000091d00000, 0x0000000091d00000|100%| E|CS|TAMS 0x0000000091c00000| PB 0x0000000091c00000| Complete 
| 117|0x0000000091d00000, 0x0000000091e00000, 0x0000000091e00000|100%| E|CS|TAMS 0x0000000091d00000| PB 0x0000000091d00000| Complete 

Card table byte_map: [0x000002c2e5ef0000,0x000002c2e62a0000] _byte_map_base: 0x000002c2e5a9c000

Marking Bits: (CMBitMap*) 0x000002c2ce5aa830
 Bits: [0x000002c2e6650000, 0x000002c2e83b0000)

Polling page: 0x000002c2cdd00000

Metaspace:

Usage:
  Non-class:      3.76 MB used.
      Class:    494.72 KB used.
       Both:      4.24 MB used.

Virtual space:
  Non-class space:       64.00 MB reserved,       3.88 MB (  6%) committed,  1 nodes.
      Class space:        1.00 GB reserved,     576.00 KB ( <1%) committed,  1 nodes.
             Both:        1.06 GB reserved,       4.44 MB ( <1%) committed. 

Chunk freelists:
   Non-Class:  1.70 MB
       Class:  3.36 MB
        Both:  5.06 MB

MaxMetaspaceSize: unlimited
CompressedClassSpaceSize: 1.00 GB
Initial GC threshold: 21.00 MB
Current GC threshold: 21.00 MB
CDS: on
MetaspaceReclaimPolicy: balanced
 - commit_granule_bytes: 65536.
 - commit_granule_words: 8192.
 - virtual_space_node_default_size: 8388608.
 - enlarge_chunks_in_place: 1.
 - new_chunks_are_fully_committed: 0.
 - uncommit_free_chunks: 1.
 - use_allocation_guard: 0.


Internal statistics:

num_allocs_failed_limit: 0.
num_arena_births: 118.
num_arena_deaths: 0.
num_vsnodes_births: 2.
num_vsnodes_deaths: 0.
num_space_committed: 71.
num_space_uncommitted: 0.
num_chunks_returned_to_freelist: 0.
num_chunks_taken_from_freelist: 245.
num_chunk_merges: 0.
num_chunk_splits: 168.
num_chunks_enlarged: 113.
num_inconsistent_stats: 0.

CodeHeap 'non-profiled nmethods': size=120000Kb used=333Kb max_used=333Kb free=119666Kb
 bounds [0x000002c2de0c0000, 0x000002c2de330000, 0x000002c2e55f0000]
CodeHeap 'profiled nmethods': size=120000Kb used=1388Kb max_used=1388Kb free=118611Kb
 bounds [0x000002c2d65f0000, 0x000002c2d6860000, 0x000002c2ddb20000]
CodeHeap 'non-nmethods': size=5760Kb used=1482Kb max_used=1491Kb free=4277Kb
 bounds [0x000002c2ddb20000, 0x000002c2ddd90000, 0x000002c2de0c0000]
 total_blobs=1423 nmethods=911 adapters=423
 compilation: enabled
              stopped_count=0, restarted_count=0
 full_count=0

Compilation events (20 events):
Event: 0.370 Thread 0x000002c2eb066ca0  885       3       java.util.zip.ZipUtils::CENOFF (9 bytes)
Event: 0.370 Thread 0x000002c2eb066ca0 nmethod 885 0x000002c2d673aa10 code [0x000002c2d673abc0, 0x000002c2d673aea0]
Event: 0.370 Thread 0x000002c2eb066ca0  886   !   3       java.util.zip.ZipFile$CleanableResource::getInflater (47 bytes)
Event: 0.370 Thread 0x000002c2eb066ca0 nmethod 886 0x000002c2d673b010 code [0x000002c2d673b1e0, 0x000002c2d673b6f0]
Event: 0.370 Thread 0x000002c2eb066ca0  887       3       java.util.zip.ZipFile$ZipFileInflaterInputStream::<init> (41 bytes)
Event: 0.370 Thread 0x000002c2eb066ca0 nmethod 887 0x000002c2d673b890 code [0x000002c2d673ba60, 0x000002c2d673bf08]
Event: 0.370 Thread 0x000002c2eb066ca0  889       3       java.lang.invoke.MemberName::<init> (50 bytes)
Event: 0.370 Thread 0x000002c2eb066ca0 nmethod 889 0x000002c2d673c090 code [0x000002c2d673c260, 0x000002c2d673c578]
Event: 0.370 Thread 0x000002c2eb066ca0  888       3       java.util.zip.InflaterInputStream::<init> (70 bytes)
Event: 0.371 Thread 0x000002c2eb066ca0 nmethod 888 0x000002c2d673c710 code [0x000002c2d673c900, 0x000002c2d673d020]
Event: 0.371 Thread 0x000002c2eb066ca0  890       3       java.lang.invoke.MethodHandle::isBuiltinLoader (24 bytes)
Event: 0.371 Thread 0x000002c2eb066710  891       4       java.lang.String::indexOf (7 bytes)
Event: 0.371 Thread 0x000002c2eb066ca0 nmethod 890 0x000002c2d673d210 code [0x000002c2d673d3a0, 0x000002c2d673d628]
Event: 0.371 Thread 0x000002c2eb066ca0  892       3       java.util.zip.ZipFile$ZipFileInputStream::<init> (96 bytes)
Event: 0.371 Thread 0x000002c2eb066710 nmethod 891 0x000002c2de112310 code [0x000002c2de112480, 0x000002c2de112638]
Event: 0.372 Thread 0x000002c2eb066ca0 nmethod 892 0x000002c2d673d710 code [0x000002c2d673d940, 0x000002c2d673e388]
Event: 0.372 Thread 0x000002c2eb066ca0  893       3       java.util.zip.ZipFile$ZipFileInflaterInputStream::<init> (14 bytes)
Event: 0.372 Thread 0x000002c2eb066ca0 nmethod 893 0x000002c2d673e810 code [0x000002c2d673e9c0, 0x000002c2d673eb68]
Event: 0.373 Thread 0x000002c2eb066ca0  894       3       jdk.internal.util.ArraysSupport::newLength (27 bytes)
Event: 0.373 Thread 0x000002c2eb066ca0 nmethod 894 0x000002c2d673ec90 code [0x000002c2d673ee40, 0x000002c2d673f0a8]

GC Heap History (0 events):
No events

Dll operation events (20 events):
Event: 0.235 Loaded shared library C:\Users\HP\.openjfx\cache\21.0.2+5\amd64\api-ms-win-crt-filesystem-l1-1-0.dll
Event: 0.237 Loaded shared library C:\Users\HP\.openjfx\cache\21.0.2+5\amd64\api-ms-win-crt-heap-l1-1-0.dll
Event: 0.238 Loaded shared library C:\Users\HP\.openjfx\cache\21.0.2+5\amd64\api-ms-win-crt-locale-l1-1-0.dll
Event: 0.239 Loaded shared library C:\Users\HP\.openjfx\cache\21.0.2+5\amd64\api-ms-win-crt-math-l1-1-0.dll
Event: 0.241 Loaded shared library C:\Users\HP\.openjfx\cache\21.0.2+5\amd64\api-ms-win-crt-multibyte-l1-1-0.dll
Event: 0.242 Loaded shared library C:\Users\HP\.openjfx\cache\21.0.2+5\amd64\api-ms-win-crt-private-l1-1-0.dll
Event: 0.244 Loaded shared library C:\Users\HP\.openjfx\cache\21.0.2+5\amd64\api-ms-win-crt-process-l1-1-0.dll
Event: 0.245 Loaded shared library C:\Users\HP\.openjfx\cache\21.0.2+5\amd64\api-ms-win-crt-runtime-l1-1-0.dll
Event: 0.246 Loaded shared library C:\Users\HP\.openjfx\cache\21.0.2+5\amd64\api-ms-win-crt-stdio-l1-1-0.dll
Event: 0.247 Loaded shared library C:\Users\HP\.openjfx\cache\21.0.2+5\amd64\api-ms-win-crt-string-l1-1-0.dll
Event: 0.249 Loaded shared library C:\Users\HP\.openjfx\cache\21.0.2+5\amd64\api-ms-win-crt-time-l1-1-0.dll
Event: 0.250 Loaded shared library C:\Users\HP\.openjfx\cache\21.0.2+5\amd64\api-ms-win-crt-utility-l1-1-0.dll
Event: 0.258 Loaded shared library C:\Users\HP\.openjfx\cache\21.0.2+5\amd64\ucrtbase.dll
Event: 0.260 Loaded shared library C:\Users\HP\.openjfx\cache\21.0.2+5\amd64\vcruntime140.dll
Event: 0.262 Loaded shared library C:\Users\HP\.openjfx\cache\21.0.2+5\amd64\vcruntime140_1.dll
Event: 0.267 Loaded shared library C:\Users\HP\.openjfx\cache\21.0.2+5\amd64\msvcp140.dll
Event: 0.268 Loaded shared library C:\Users\HP\.openjfx\cache\21.0.2+5\amd64\msvcp140_1.dll
Event: 0.271 Loaded shared library C:\Users\HP\.openjfx\cache\21.0.2+5\amd64\msvcp140_2.dll
Event: 0.296 Loaded shared library C:\Users\HP\.openjfx\cache\21.0.2+5\amd64\prism_d3d.dll
Event: 0.325 Loaded shared library C:\Users\HP\.openjfx\cache\21.0.2+5\amd64\glass.dll

Deoptimization events (20 events):
Event: 0.320 Thread 0x000002c2ce54e600 Uncommon trap: trap_request=0xffffffc6 fr.pc=0x000002c2de0fff94 relative=0x0000000000000b74
Event: 0.320 Thread 0x000002c2ce54e600 Uncommon trap: reason=bimorphic_or_optimized_type_check action=maybe_recompile pc=0x000002c2de0fff94 method=java.util.HashMap.putVal(ILjava/lang/Object;Ljava/lang/Object;ZZ)Ljava/lang/Object; @ 56 c2
Event: 0.320 Thread 0x000002c2ce54e600 DEOPT PACKING pc=0x000002c2de0fff94 sp=0x000000e6020fd6c0
Event: 0.320 Thread 0x000002c2ce54e600 DEOPT UNPACKING pc=0x000002c2ddb89d22 sp=0x000000e6020fd5f0 mode 2
Event: 0.320 Thread 0x000002c2ce54e600 Uncommon trap: trap_request=0xffffffc6 fr.pc=0x000002c2de0fffbc relative=0x0000000000000b9c
Event: 0.320 Thread 0x000002c2ce54e600 Uncommon trap: reason=bimorphic_or_optimized_type_check action=maybe_recompile pc=0x000002c2de0fffbc method=java.util.HashMap.putVal(ILjava/lang/Object;Ljava/lang/Object;ZZ)Ljava/lang/Object; @ 152 c2
Event: 0.320 Thread 0x000002c2ce54e600 DEOPT PACKING pc=0x000002c2de0fffbc sp=0x000000e6020fd6c0
Event: 0.320 Thread 0x000002c2ce54e600 DEOPT UNPACKING pc=0x000002c2ddb89d22 sp=0x000000e6020fd5f8 mode 2
Event: 0.320 Thread 0x000002c2ce54e600 Uncommon trap: trap_request=0xffffffc6 fr.pc=0x000002c2de0fff94 relative=0x0000000000000b74
Event: 0.320 Thread 0x000002c2ce54e600 Uncommon trap: reason=bimorphic_or_optimized_type_check action=maybe_recompile pc=0x000002c2de0fff94 method=java.util.HashMap.putVal(ILjava/lang/Object;Ljava/lang/Object;ZZ)Ljava/lang/Object; @ 56 c2
Event: 0.320 Thread 0x000002c2ce54e600 DEOPT PACKING pc=0x000002c2de0fff94 sp=0x000000e6020fd6c0
Event: 0.320 Thread 0x000002c2ce54e600 DEOPT UNPACKING pc=0x000002c2ddb89d22 sp=0x000000e6020fd5f0 mode 2
Event: 0.320 Thread 0x000002c2ce54e600 Uncommon trap: trap_request=0xffffffc6 fr.pc=0x000002c2de101670 relative=0x0000000000000b50
Event: 0.320 Thread 0x000002c2ce54e600 Uncommon trap: reason=bimorphic_or_optimized_type_check action=maybe_recompile pc=0x000002c2de101670 method=java.util.HashMap.putVal(ILjava/lang/Object;Ljava/lang/Object;ZZ)Ljava/lang/Object; @ 56 c2
Event: 0.320 Thread 0x000002c2ce54e600 DEOPT PACKING pc=0x000002c2de101670 sp=0x000000e6020fd640
Event: 0.320 Thread 0x000002c2ce54e600 DEOPT UNPACKING pc=0x000002c2ddb89d22 sp=0x000000e6020fd5f8 mode 2
Event: 0.331 Thread 0x000002c2efeca1b0 Uncommon trap: trap_request=0xffffff45 fr.pc=0x000002c2de0fa21c relative=0x000000000000025c
Event: 0.331 Thread 0x000002c2efeca1b0 Uncommon trap: reason=unstable_if action=reinterpret pc=0x000002c2de0fa21c method=java.lang.invoke.VarHandle.checkAccessModeThenIsDirect(Ljava/lang/invoke/VarHandle$AccessDescriptor;)Z @ 4 c2
Event: 0.331 Thread 0x000002c2efeca1b0 DEOPT PACKING pc=0x000002c2de0fa21c sp=0x000000e6038feb20
Event: 0.331 Thread 0x000002c2efeca1b0 DEOPT UNPACKING pc=0x000002c2ddb89d22 sp=0x000000e6038fea78 mode 2

Classes loaded (20 events):
Event: 0.332 Loading class java/util/concurrent/CancellationException
Event: 0.332 Loading class java/util/concurrent/CancellationException done
Event: 0.332 Loading class java/util/concurrent/ExecutionException
Event: 0.332 Loading class java/util/concurrent/ExecutionException done
Event: 0.332 Loading class java/util/concurrent/FutureTask$WaitNode
Event: 0.332 Loading class java/util/concurrent/FutureTask$WaitNode done
Event: 0.332 Loading class java/util/concurrent/Executors$RunnableAdapter
Event: 0.332 Loading class java/util/concurrent/Executors$RunnableAdapter done
Event: 0.358 Loading class java/lang/IndexOutOfBoundsException
Event: 0.358 Loading class java/lang/IndexOutOfBoundsException done
Event: 0.359 Loading class java/util/NoSuchElementException
Event: 0.359 Loading class java/util/NoSuchElementException done
Event: 0.364 Loading class java/util/AbstractList$Itr
Event: 0.364 Loading class java/util/AbstractList$Itr done
Event: 0.365 Loading class java/lang/NumberFormatException
Event: 0.365 Loading class java/lang/NumberFormatException done
Event: 0.366 Loading class java/util/concurrent/LinkedBlockingDeque$Node
Event: 0.366 Loading class java/util/concurrent/LinkedBlockingDeque$Node done
Event: 0.368 Loading class java/lang/StackTraceElement$HashedModules
Event: 0.368 Loading class java/lang/StackTraceElement$HashedModules done

Classes unloaded (0 events):
No events

Classes redefined (0 events):
No events

Internal exceptions (12 events):
Event: 0.135 Thread 0x000002c2ce54e600 Exception <a 'java/lang/NoSuchMethodError'{0x00000000916ea908}: 'void java.lang.invoke.DirectMethodHandle$Holder.invokeStatic(java.lang.Object, java.lang.Object, java.lang.Object, java.lang.Object)'> (0x00000000916ea908) 
thrown [s\open\src\hotspot\share\interpreter\linkResolver.cpp, line 773]
Event: 0.135 Thread 0x000002c2ce54e600 Exception <a 'java/lang/NoSuchMethodError'{0x00000000916ee640}: 'void java.lang.invoke.DirectMethodHandle$Holder.invokeSpecial(java.lang.Object, java.lang.Object, java.lang.Object, java.lang.Object, java.lang.Object)'> (0x00000000916ee640) 
thrown [s\open\src\hotspot\share\interpreter\linkResolver.cpp, line 773]
Event: 0.139 Thread 0x000002c2ce54e600 Exception <a 'java/lang/NoSuchMethodError'{0x0000000091505f10}: 'java.lang.Object java.lang.invoke.Invokers$Holder.invokeExact_MT(java.lang.Object, java.lang.Object, java.lang.Object, java.lang.Object, java.lang.Object, java.lang.Object)'> (0x0000000091505f10) 
thrown [s\open\src\hotspot\share\interpreter\linkResolver.cpp, line 773]
Event: 0.140 Thread 0x000002c2ce54e600 Exception <a 'java/lang/NoSuchMethodError'{0x000000009150ac50}: 'void java.lang.invoke.DirectMethodHandle$Holder.invokeStatic(java.lang.Object, java.lang.Object)'> (0x000000009150ac50) 
thrown [s\open\src\hotspot\share\interpreter\linkResolver.cpp, line 773]
Event: 0.284 Thread 0x000002c2ce54e600 Exception <a 'java/lang/NoSuchMethodError'{0x00000000910d98e8}: 'void java.lang.invoke.DirectMethodHandle$Holder.invokeSpecial(java.lang.Object, java.lang.Object, java.lang.Object)'> (0x00000000910d98e8) 
thrown [s\open\src\hotspot\share\interpreter\linkResolver.cpp, line 773]
Event: 0.290 Thread 0x000002c2ce54e600 Exception <a 'java/lang/NoSuchMethodError'{0x0000000090f13e48}: 'void java.lang.invoke.DirectMethodHandle$Holder.invokeStatic(java.lang.Object, java.lang.Object, java.lang.Object)'> (0x0000000090f13e48) 
thrown [s\open\src\hotspot\share\interpreter\linkResolver.cpp, line 773]
Event: 0.314 Thread 0x000002c2ce54e600 Exception <a 'java/lang/NoSuchMethodError'{0x0000000090f30130}: 'int java.lang.invoke.DirectMethodHandle$Holder.invokeStaticInit(java.lang.Object, java.lang.Object, java.lang.Object)'> (0x0000000090f30130) 
thrown [s\open\src\hotspot\share\interpreter\linkResolver.cpp, line 773]
Event: 0.327 Thread 0x000002c2ce54e600 Exception <a 'java/lang/NoSuchMethodError'{0x0000000090e60b78}: 'java.lang.Object java.lang.invoke.DirectMethodHandle$Holder.newInvokeSpecial(java.lang.Object, java.lang.Object, int, java.lang.Object)'> (0x0000000090e60b78) 
thrown [s\open\src\hotspot\share\interpreter\linkResolver.cpp, line 773]
Event: 0.327 Thread 0x000002c2ce54e600 Exception <a 'java/lang/NoSuchMethodError'{0x0000000090e64cd0}: 'java.lang.Object java.lang.invoke.DirectMethodHandle$Holder.invokeSpecial(java.lang.Object, java.lang.Object, java.lang.Object, int, java.lang.Object)'> (0x0000000090e64cd0) 
thrown [s\open\src\hotspot\share\interpreter\linkResolver.cpp, line 773]
Event: 0.363 Thread 0x000002c2efeca1b0 Exception <a 'java/lang/NoSuchMethodError'{0x0000000090cff0b0}: 'void java.lang.invoke.DirectMethodHandle$Holder.invokeStaticInit(java.lang.Object)'> (0x0000000090cff0b0) 
thrown [s\open\src\hotspot\share\interpreter\linkResolver.cpp, line 773]
Event: 0.365 Thread 0x000002c2ce54e600 Exception <a 'java/lang/NoSuchMethodError'{0x0000000090e78ec8}: 'java.lang.Object java.lang.invoke.DirectMethodHandle$Holder.newInvokeSpecial(java.lang.Object, java.lang.Object, java.lang.Object, java.lang.Object, java.lang.Object, java.lang.Object)'> (0x0000000090e78ec8) 
thrown [s\open\src\hotspot\share\interpreter\linkResolver.cpp, line 773]
Event: 0.369 Thread 0x000002c2ce54e600 Exception <a 'java/lang/NoSuchMethodError'{0x0000000090babc70}: 'java.lang.Object java.lang.invoke.DirectMethodHandle$Holder.newInvokeSpecial(java.lang.Object, java.lang.Object, java.lang.Object, java.lang.Object, java.lang.Object)'> (0x0000000090babc70) 
thrown [s\open\src\hotspot\share\interpreter\linkResolver.cpp, line 773]

VM Operations (6 events):
Event: 0.088 Executing VM operation: HandshakeAllThreads
Event: 0.088 Executing VM operation: HandshakeAllThreads done
Event: 0.119 Executing VM operation: HandshakeAllThreads
Event: 0.119 Executing VM operation: HandshakeAllThreads done
Event: 0.320 Executing VM operation: HandshakeAllThreads
Event: 0.320 Executing VM operation: HandshakeAllThreads done

Events (17 events):
Event: 0.011 Thread 0x000002c2ce54e600 Thread added: 0x000002c2ce54e600
Event: 0.019 Thread 0x000002c2eb02ad60 Thread added: 0x000002c2eb02ad60
Event: 0.019 Thread 0x000002c2eb02b350 Thread added: 0x000002c2eb02b350
Event: 0.019 Thread 0x000002c2eb02cc60 Thread added: 0x000002c2eb02cc60
Event: 0.019 Thread 0x000002c2eb02d1b0 Thread added: 0x000002c2eb02d1b0
Event: 0.019 Thread 0x000002c2eb02ffd0 Thread added: 0x000002c2eb02ffd0
Event: 0.019 Thread 0x000002c2eb041970 Thread added: 0x000002c2eb041970
Event: 0.019 Thread 0x000002c2eb066710 Thread added: 0x000002c2eb066710
Event: 0.019 Thread 0x000002c2eb066ca0 Thread added: 0x000002c2eb066ca0
Event: 0.064 Thread 0x000002c2ef4fe9e0 Thread added: 0x000002c2ef4fe9e0
Event: 0.097 Thread 0x000002c2ef68a3c0 Thread added: 0x000002c2ef68a3c0
Event: 0.098 Thread 0x000002c2ef5bf780 Thread added: 0x000002c2ef5bf780
Event: 0.126 Thread 0x000002c2ef7b36e0 Thread added: 0x000002c2ef7b36e0
Event: 0.291 Thread 0x000002c2efe9f030 Thread added: 0x000002c2efe9f030
Event: 0.326 Thread 0x000002c2efec8010 Thread added: 0x000002c2efec8010
Event: 0.328 Thread 0x000002c2efeca1b0 Thread added: 0x000002c2efeca1b0
Event: 0.369 Thread 0x000002c2f4c858b0 Thread added: 0x000002c2f4c858b0


Dynamic libraries:
0x00007ff7f7740000 - 0x00007ff7f7750000 	C:\Program Files\Java\jdk-20\bin\java.exe
0x00007ff9672d0000 - 0x00007ff9674e6000 	C:\WINDOWS\SYSTEM32\ntdll.dll
0x00007ff966b30000 - 0x00007ff966bf4000 	C:\WINDOWS\System32\KERNEL32.DLL
0x00007ff964760000 - 0x00007ff964b07000 	C:\WINDOWS\System32\KERNELBASE.dll
0x00007ff964d00000 - 0x00007ff964e11000 	C:\WINDOWS\System32\ucrtbase.dll
0x00007ff950d00000 - 0x00007ff950d19000 	C:\Program Files\Java\jdk-20\bin\jli.dll
0x00007ff950d20000 - 0x00007ff950d3b000 	C:\Program Files\Java\jdk-20\bin\VCRUNTIME140.dll
0x00007ff9670f0000 - 0x00007ff9671a2000 	C:\WINDOWS\System32\ADVAPI32.dll
0x00007ff965070000 - 0x00007ff965117000 	C:\WINDOWS\System32\msvcrt.dll
0x00007ff966c00000 - 0x00007ff966ca8000 	C:\WINDOWS\System32\sechost.dll
0x00007ff964c30000 - 0x00007ff964c58000 	C:\WINDOWS\System32\bcrypt.dll
0x00007ff966cb0000 - 0x00007ff966dc5000 	C:\WINDOWS\System32\RPCRT4.dll
0x00007ff9658f0000 - 0x00007ff965a9e000 	C:\WINDOWS\System32\USER32.dll
0x00007ff964f10000 - 0x00007ff964f36000 	C:\WINDOWS\System32\win32u.dll
0x00007ff967260000 - 0x00007ff967289000 	C:\WINDOWS\System32\GDI32.dll
0x00007ff95c2c0000 - 0x00007ff95c553000 	C:\WINDOWS\WinSxS\amd64_microsoft.windows.common-controls_6595b64144ccf1df_6.0.22621.3235_none_270f74e173860f98\COMCTL32.dll
0x00007ff964b10000 - 0x00007ff964c29000 	C:\WINDOWS\System32\gdi32full.dll
0x00007ff964c60000 - 0x00007ff964cfa000 	C:\WINDOWS\System32\msvcp_win.dll
0x00007ff95c7d0000 - 0x00007ff95c7da000 	C:\WINDOWS\SYSTEM32\VERSION.dll
0x00007ff966df0000 - 0x00007ff966e21000 	C:\WINDOWS\System32\IMM32.DLL
0x00007ff960030000 - 0x00007ff96003c000 	C:\Program Files\Java\jdk-20\bin\vcruntime140_1.dll
0x00007ff950c70000 - 0x00007ff950cfe000 	C:\Program Files\Java\jdk-20\bin\msvcp140.dll
0x00007ff8fc680000 - 0x00007ff8fd317000 	C:\Program Files\Java\jdk-20\bin\server\jvm.dll
0x00007ff95c790000 - 0x00007ff95c7c4000 	C:\WINDOWS\SYSTEM32\WINMM.dll
0x00007ff92fda0000 - 0x00007ff92fda9000 	C:\WINDOWS\SYSTEM32\WSOCK32.dll
0x00007ff967070000 - 0x00007ff9670e1000 	C:\WINDOWS\System32\WS2_32.dll
0x00007ff9635f0000 - 0x00007ff963608000 	C:\WINDOWS\SYSTEM32\kernel.appcore.dll
0x00007ff95f9a0000 - 0x00007ff95f9aa000 	C:\Program Files\Java\jdk-20\bin\jimage.dll
0x00007ff95ba10000 - 0x00007ff95bc43000 	C:\WINDOWS\SYSTEM32\DBGHELP.DLL
0x00007ff965b00000 - 0x00007ff965e88000 	C:\WINDOWS\System32\combase.dll
0x00007ff965f70000 - 0x00007ff966047000 	C:\WINDOWS\System32\OLEAUT32.dll
0x00007ff95aa40000 - 0x00007ff95aa72000 	C:\WINDOWS\SYSTEM32\dbgcore.DLL
0x00007ff964e20000 - 0x00007ff964e99000 	C:\WINDOWS\System32\bcryptPrimitives.dll
0x00007ff950c40000 - 0x00007ff950c66000 	C:\Program Files\Java\jdk-20\bin\java.dll
0x00007ff947580000 - 0x00007ff947657000 	C:\Program Files\Java\jdk-20\bin\jsvml.dll
0x00007ff9662c0000 - 0x00007ff966b1c000 	C:\WINDOWS\System32\SHELL32.dll
0x00007ff962500000 - 0x00007ff962df9000 	C:\WINDOWS\SYSTEM32\windows.storage.dll
0x00007ff9623c0000 - 0x00007ff9624fe000 	C:\WINDOWS\SYSTEM32\wintypes.dll
0x00007ff966060000 - 0x00007ff966153000 	C:\WINDOWS\System32\SHCORE.dll
0x00007ff965aa0000 - 0x00007ff965afe000 	C:\WINDOWS\System32\shlwapi.dll
0x00007ff964520000 - 0x00007ff964541000 	C:\WINDOWS\SYSTEM32\profapi.dll
0x00007ff950c20000 - 0x00007ff950c33000 	C:\Program Files\Java\jdk-20\bin\net.dll
0x00007ff95dee0000 - 0x00007ff95e016000 	C:\WINDOWS\SYSTEM32\WINHTTP.dll
0x00007ff963a60000 - 0x00007ff963ac9000 	C:\WINDOWS\system32\mswsock.dll
0x00007ff950c00000 - 0x00007ff950c16000 	C:\Program Files\Java\jdk-20\bin\nio.dll
0x00007ff9500a0000 - 0x00007ff9500b8000 	C:\Program Files\Java\jdk-20\bin\zip.dll
0x000002c2eb1e0000 - 0x000002c2eb1e3000 	C:\Users\HP\.openjfx\cache\21.0.2+5\amd64\api-ms-win-core-console-l1-1-0.dll
0x000002c2eb1f0000 - 0x000002c2eb1f3000 	C:\Users\HP\.openjfx\cache\21.0.2+5\amd64\api-ms-win-core-console-l1-2-0.dll
0x000002c2eb200000 - 0x000002c2eb203000 	C:\Users\HP\.openjfx\cache\21.0.2+5\amd64\api-ms-win-core-datetime-l1-1-0.dll
0x000002c2eb210000 - 0x000002c2eb213000 	C:\Users\HP\.openjfx\cache\21.0.2+5\amd64\api-ms-win-core-debug-l1-1-0.dll
0x000002c2eb220000 - 0x000002c2eb223000 	C:\Users\HP\.openjfx\cache\21.0.2+5\amd64\api-ms-win-core-errorhandling-l1-1-0.dll
0x000002c2eb230000 - 0x000002c2eb234000 	C:\Users\HP\.openjfx\cache\21.0.2+5\amd64\api-ms-win-core-file-l1-1-0.dll
0x000002c2eb240000 - 0x000002c2eb243000 	C:\Users\HP\.openjfx\cache\21.0.2+5\amd64\api-ms-win-core-file-l1-2-0.dll
0x000002c2eb250000 - 0x000002c2eb253000 	C:\Users\HP\.openjfx\cache\21.0.2+5\amd64\api-ms-win-core-file-l2-1-0.dll
0x000002c2eb260000 - 0x000002c2eb263000 	C:\Users\HP\.openjfx\cache\21.0.2+5\amd64\api-ms-win-core-handle-l1-1-0.dll
0x000002c2eb270000 - 0x000002c2eb273000 	C:\Users\HP\.openjfx\cache\21.0.2+5\amd64\api-ms-win-core-heap-l1-1-0.dll
0x000002c2eb280000 - 0x000002c2eb283000 	C:\Users\HP\.openjfx\cache\21.0.2+5\amd64\api-ms-win-core-interlocked-l1-1-0.dll
0x000002c2eb290000 - 0x000002c2eb293000 	C:\Users\HP\.openjfx\cache\21.0.2+5\amd64\api-ms-win-core-libraryloader-l1-1-0.dll
0x000002c2eb2a0000 - 0x000002c2eb2a3000 	C:\Users\HP\.openjfx\cache\21.0.2+5\amd64\api-ms-win-core-localization-l1-2-0.dll
0x000002c2eb2b0000 - 0x000002c2eb2b3000 	C:\Users\HP\.openjfx\cache\21.0.2+5\amd64\api-ms-win-core-memory-l1-1-0.dll
0x000002c2eb2c0000 - 0x000002c2eb2c3000 	C:\Users\HP\.openjfx\cache\21.0.2+5\amd64\api-ms-win-core-namedpipe-l1-1-0.dll
0x000002c2eb2d0000 - 0x000002c2eb2d3000 	C:\Users\HP\.openjfx\cache\21.0.2+5\amd64\api-ms-win-core-processenvironment-l1-1-0.dll
0x000002c2eb2e0000 - 0x000002c2eb2e3000 	C:\Users\HP\.openjfx\cache\21.0.2+5\amd64\api-ms-win-core-processthreads-l1-1-0.dll
0x000002c2eb2f0000 - 0x000002c2eb2f3000 	C:\Users\HP\.openjfx\cache\21.0.2+5\amd64\api-ms-win-core-processthreads-l1-1-1.dll
0x000002c2eb300000 - 0x000002c2eb303000 	C:\Users\HP\.openjfx\cache\21.0.2+5\amd64\api-ms-win-core-profile-l1-1-0.dll
0x000002c2eb310000 - 0x000002c2eb313000 	C:\Users\HP\.openjfx\cache\21.0.2+5\amd64\api-ms-win-core-rtlsupport-l1-1-0.dll
0x000002c2eb320000 - 0x000002c2eb323000 	C:\Users\HP\.openjfx\cache\21.0.2+5\amd64\api-ms-win-core-string-l1-1-0.dll
0x000002c2eb330000 - 0x000002c2eb333000 	C:\Users\HP\.openjfx\cache\21.0.2+5\amd64\api-ms-win-core-synch-l1-1-0.dll
0x000002c2eb340000 - 0x000002c2eb343000 	C:\Users\HP\.openjfx\cache\21.0.2+5\amd64\api-ms-win-core-synch-l1-2-0.dll
0x000002c2eb350000 - 0x000002c2eb353000 	C:\Users\HP\.openjfx\cache\21.0.2+5\amd64\api-ms-win-core-sysinfo-l1-1-0.dll
0x000002c2eb360000 - 0x000002c2eb363000 	C:\Users\HP\.openjfx\cache\21.0.2+5\amd64\api-ms-win-core-timezone-l1-1-0.dll
0x000002c2eb370000 - 0x000002c2eb373000 	C:\Users\HP\.openjfx\cache\21.0.2+5\amd64\api-ms-win-core-util-l1-1-0.dll
0x000002c2eb380000 - 0x000002c2eb383000 	C:\Users\HP\.openjfx\cache\21.0.2+5\amd64\api-ms-win-crt-conio-l1-1-0.dll
0x000002c2eb390000 - 0x000002c2eb394000 	C:\Users\HP\.openjfx\cache\21.0.2+5\amd64\api-ms-win-crt-convert-l1-1-0.dll
0x000002c2eb3a0000 - 0x000002c2eb3a3000 	C:\Users\HP\.openjfx\cache\21.0.2+5\amd64\api-ms-win-crt-environment-l1-1-0.dll
0x000002c2eb3b0000 - 0x000002c2eb3b3000 	C:\Users\HP\.openjfx\cache\21.0.2+5\amd64\api-ms-win-crt-filesystem-l1-1-0.dll
0x000002c2eb3c0000 - 0x000002c2eb3c3000 	C:\Users\HP\.openjfx\cache\21.0.2+5\amd64\api-ms-win-crt-heap-l1-1-0.dll
0x000002c2eb3d0000 - 0x000002c2eb3d3000 	C:\Users\HP\.openjfx\cache\21.0.2+5\amd64\api-ms-win-crt-locale-l1-1-0.dll
0x000002c2eb3e0000 - 0x000002c2eb3e5000 	C:\Users\HP\.openjfx\cache\21.0.2+5\amd64\api-ms-win-crt-math-l1-1-0.dll
0x000002c2eb3f0000 - 0x000002c2eb3f5000 	C:\Users\HP\.openjfx\cache\21.0.2+5\amd64\api-ms-win-crt-multibyte-l1-1-0.dll
0x000002c2f0000000 - 0x000002c2f0010000 	C:\Users\HP\.openjfx\cache\21.0.2+5\amd64\api-ms-win-crt-private-l1-1-0.dll
0x000002c2f0010000 - 0x000002c2f0013000 	C:\Users\HP\.openjfx\cache\21.0.2+5\amd64\api-ms-win-crt-process-l1-1-0.dll
0x000002c2f0020000 - 0x000002c2f0024000 	C:\Users\HP\.openjfx\cache\21.0.2+5\amd64\api-ms-win-crt-runtime-l1-1-0.dll
0x000002c2f0030000 - 0x000002c2f0034000 	C:\Users\HP\.openjfx\cache\21.0.2+5\amd64\api-ms-win-crt-stdio-l1-1-0.dll
0x000002c2f0040000 - 0x000002c2f0044000 	C:\Users\HP\.openjfx\cache\21.0.2+5\amd64\api-ms-win-crt-string-l1-1-0.dll
0x000002c2f0050000 - 0x000002c2f0053000 	C:\Users\HP\.openjfx\cache\21.0.2+5\amd64\api-ms-win-crt-time-l1-1-0.dll
0x000002c2f0060000 - 0x000002c2f0063000 	C:\Users\HP\.openjfx\cache\21.0.2+5\amd64\api-ms-win-crt-utility-l1-1-0.dll
0x00007ff947480000 - 0x00007ff94757c000 	C:\Users\HP\.openjfx\cache\21.0.2+5\amd64\ucrtbase.dll
0x00007ff9490d0000 - 0x00007ff9490eb000 	C:\Users\HP\.openjfx\cache\21.0.2+5\amd64\vcruntime140.dll
0x00007ff952fe0000 - 0x00007ff952fec000 	C:\Users\HP\.openjfx\cache\21.0.2+5\amd64\vcruntime140_1.dll
0x00007ff93ed10000 - 0x00007ff93ed9e000 	C:\Users\HP\.openjfx\cache\21.0.2+5\amd64\msvcp140.dll
0x00007ff951b00000 - 0x00007ff951b09000 	C:\Users\HP\.openjfx\cache\21.0.2+5\amd64\msvcp140_1.dll
0x00007ff93ecc0000 - 0x00007ff93ed01000 	C:\Users\HP\.openjfx\cache\21.0.2+5\amd64\msvcp140_2.dll
0x00007ff93ec90000 - 0x00007ff93ecc0000 	C:\Users\HP\.openjfx\cache\21.0.2+5\amd64\prism_d3d.dll
0x00007ff916d50000 - 0x00007ff916ef9000 	C:\WINDOWS\system32\d3d9.dll
0x00007ff961d50000 - 0x00007ff961d7b000 	C:\WINDOWS\SYSTEM32\dwmapi.dll
0x00007ff961c00000 - 0x00007ff961c39000 	C:\WINDOWS\SYSTEM32\dxcore.dll
0x00007ff961b20000 - 0x00007ff961bcb000 	C:\WINDOWS\system32\uxtheme.dll
0x00007ff95c7e0000 - 0x00007ff95c99b000 	C:\WINDOWS\System32\DriverStore\FileRepository\u0382799.inf_amd64_a513539812d0ae28\B382816\aticfx64.dll
0x00007ff918d40000 - 0x00007ff918d74000 	C:\WINDOWS\System32\DriverStore\FileRepository\u0382799.inf_amd64_a513539812d0ae28\B382816\atiu9p64.dll
0x00007ff8fe8a0000 - 0x00007ff8ff5f5000 	C:\WINDOWS\System32\DriverStore\FileRepository\u0382799.inf_amd64_a513539812d0ae28\B382816\atiumd64.dll
0x00007ff965120000 - 0x00007ff9652c5000 	C:\WINDOWS\System32\ole32.dll
0x000000006fec0000 - 0x0000000070de6000 	C:\WINDOWS\System32\DriverStore\FileRepository\u0382799.inf_amd64_a513539812d0ae28\B382816\atiumd6a.dll
0x00007ff965460000 - 0x00007ff9658d4000 	C:\WINDOWS\System32\SETUPAPI.dll
0x00007ff9644c0000 - 0x00007ff96450d000 	C:\WINDOWS\SYSTEM32\POWRPROF.dll
0x00007ff9644a0000 - 0x00007ff9644b3000 	C:\WINDOWS\SYSTEM32\UMPDC.dll
0x00007ff95c590000 - 0x00007ff95c5c5000 	C:\WINDOWS\SYSTEM32\amdihk64.dll
0x00007ff95f550000 - 0x00007ff95f59a000 	C:\WINDOWS\SYSTEM32\directxdatabasehelper.dll
0x00007ff93ec40000 - 0x00007ff93ec82000 	C:\Users\HP\.openjfx\cache\21.0.2+5\amd64\glass.dll
0x00007ff9652d0000 - 0x00007ff9653c9000 	C:\WINDOWS\System32\COMDLG32.dll
0x00007ff966160000 - 0x00007ff9662b3000 	C:\WINDOWS\System32\MSCTF.dll

dbghelp: loaded successfully - version: 4.0.5 - missing functions: none
symbol engine: initialized successfully - sym options: 0x614 - pdb path: .;C:\Program Files\Java\jdk-20\bin;C:\WINDOWS\SYSTEM32;C:\WINDOWS\WinSxS\amd64_microsoft.windows.common-controls_6595b64144ccf1df_6.0.22621.3235_none_270f74e173860f98;C:\Program Files\Java\jdk-20\bin\server;C:\Users\HP\.openjfx\cache\21.0.2+5\amd64;C:\WINDOWS\System32\DriverStore\FileRepository\u0382799.inf_amd64_a513539812d0ae28\B382816

VM Arguments:
jvm_args: --module-path=C:\Users\HP\.m2\repository\org\openjfx\javafx-base\21.0.2\javafx-base-21.0.2-win.jar;C:\Users\HP\.m2\repository\org\openjfx\javafx-base\21.0.2\javafx-base-21.0.2.jar;C:\Users\HP\.m2\repository\org\openjfx\javafx-controls\21.0.2\javafx-controls-21.0.2-win.jar;C:\Users\HP\.m2\repository\org\openjfx\javafx-controls\21.0.2\javafx-controls-21.0.2.jar;C:\Users\HP\.m2\repository\org\openjfx\javafx-fxml\21.0.2\javafx-fxml-21.0.2-win.jar;C:\Users\HP\.m2\repository\org\openjfx\javafx-fxml\21.0.2\javafx-fxml-21.0.2.jar;C:\Users\HP\.m2\repository\org\openjfx\javafx-graphics\21.0.2\javafx-graphics-21.0.2-win.jar;C:\Users\HP\.m2\repository\org\openjfx\javafx-graphics\21.0.2\javafx-graphics-21.0.2.jar;C:\Users\HP\.m2\repository\org\openjfx\javafx-media\17.0.6\javafx-media-17.0.6-win.jar;C:\Users\HP\.m2\repository\org\openjfx\javafx-media\17.0.6\javafx-media-17.0.6.jar;C:\Users\HP\.m2\repository\org\openjfx\javafx-web\17.0.6\javafx-web-17.0.6-win.jar;C:\Users\HP\.m2\repository\org\openjfx\javafx-web\17.0.6\javafx-web-17.0.6.jar --add-modules=javafx.base,javafx.controls,javafx.fxml,javafx.graphics,javafx.media,javafx.web 
java_command: tn.esprit.MainFx
java_class_path (initial): C:\Users\HP\Desktop\demo1\NovaFxInsurrance\target\classes;C:\Users\HP\.m2\repository\com\fasterxml\jackson\core\jackson-annotations\2.14.0\jackson-annotations-2.14.0.jar;C:\Users\HP\.m2\repository\com\fasterxml\jackson\core\jackson-core\2.14.0\jackson-core-2.14.0.jar;C:\Users\HP\.m2\repository\com\fasterxml\jackson\core\jackson-databind\2.14.0\jackson-databind-2.14.0.jar;C:\Users\HP\.m2\repository\com\fasterxml\jackson\dataformat\jackson-dataformat-xml\2.14.0\jackson-dataformat-xml-2.14.0.jar;C:\Users\HP\.m2\repository\com\fasterxml\jackson\datatype\jackson-datatype-jsr310\2.14.0\jackson-datatype-jsr310-2.14.0.jar;C:\Users\HP\.m2\repository\com\fasterxml\woodstox\woodstox-core\6.4.0\woodstox-core-6.4.0.jar;C:\Users\HP\.m2\repository\com\github\virtuald\curvesapi\1.07\curvesapi-1.07.jar;C:\Users\HP\.m2\repository\com\gluonhq\charm-down-core\3.8.6\charm-down-core-3.8.6.jar;C:\Users\HP\.m2\repository\com\gluonhq\attach\util\4.0.20\util-4.0.20.jar;C:\Users\HP\.m2\repository\com\google\api-client\google-api-client\1.32.1\google-api-client-1.32.1.jar;C:\Users\HP\.m2\repository\com\google\apis\google-api-services-oauth2\v2-rev20200213-2.0.0\google-api-services-oauth2-v2-rev20200213-2.0.0.jar;C:\Users\HP\.m2\repository\com\google\code\findbugs\jsr305\3.0.2\jsr305-3.0.2.jar;C:\Users\HP\.m2\repository\com\google\code\gson\gson\2.8.6\gson-2.8.6.jar;C:\Users\HP\.m2\repository\com\google\errorprone\error_prone_annotations\2.5.1\error_prone_annotations-2.5.1.jar;C:\Users\HP\.m2\repository\com\google\guava\failureaccess\1.0.1\failureaccess-1.0.1.jar;C:\Users\HP\.m2\repository\com\google\guava\guava\30.1.1-android\guava-30.1.1-android.jar;C:\Users\HP\.m2\repository\com\google\guava\listenablefuture\9999.0-empty-to-avoid-conflict-with-guava\listenablefuture-9999.0-empty-to-avoid-conflict-with-guava.jar;C:\Users\HP\.m2\repository\com\google\http-client\google-http-client\1.39.2\google-http-client-1.39.2.jar;C:\Users\HP\.m2\repository\com\google\http-client\google-http-client-apache-v2\1.39.2\google-http-client-apache-v2-1.39.2.jar;C:\Users\HP\.m2\repository\com\google\http-client\google-http-client-gson\1.39.2\google-http-client-gson-1.39.2.jar;C:\Users\HP\.m2\repository\com\google\http-client\google-http-client-jackson2\1.40.1\google-http-client-jackson2-1.40.1.jar;C:\Users\HP\.m2\repository\com\google\j2objc\j2objc-annotations\1.3\j2objc-annotations-1.3.jar;C:\Users\HP\.m2\repository\com\google\oauth-client\google-oauth-client\1.31.5\google-oauth-client-1.31.5.jar;C:\Users\HP\.m2\repository\com\google\oauth-client\google-oauth-client-java6\1.32.1\google-oauth-client-java6-1.32.1.jar;C:\Users\HP\.m2\repository\com\google\oauth-client\google-oauth-client-jetty\1.32.1\google-oauth-client-jetty-1.32.1.jar;C:\Users\HP\.m2\repository\com\google\protobuf\protobuf-java\3.21.9\protobuf-java-3.21.9.jar;C:\Users\HP\.m2\repository\com\googlecode\json-simple\json-simple\1.1\json-simple-1.1.jar;C:\Users\HP\.m2\repository\com\itextpdf\itextpdf\5.5.13.3\itextpdf-5.5.13.3.jar;C:\Users\HP\.m2\repository\com\mysql\mysql-connector-j\8.0.33\mysql-connector-j-8.0.33.jar;C:\Users\HP\.m2\repository\com\squareup\okhttp3\okhttp\4.9.1\okhttp-4.9.1.jar;C:\Users\HP\.m2\repository\com\squareup\okio\okio\2.8.0\okio-2.8.0.jar;C:\Users\HP\.m2\repository\com\sun\mail\javax.mail\1.6.2\javax.mail-1.6.2.jar;C:\Users\HP\.m2\repository\com\twilio\sdk\twilio\10.0.0\twilio-10.0.0.jar;C:\Users\HP\.m2\repository\com\vladsch\flexmark\flexmark\0.62.2\flexmark-0.62.2.jar;C:\Users\HP\.m2\repository\com\vladsch\flexmark\flexmark-util-ast\0.62.2\flexmark-util-ast-0.62.2.jar;C:\Users\HP\.m2\repository\com\vladsch\flexmark\flexmark-util-builder\0.62.2\flexmark-util-builder-0.62.2.jar;C:\Users\HP\.m2\repository\com\vladsch\flexmark\flexmark-util-collection\0.62.2\flexmark-util-collection-0.62.2.jar;C:\Users\HP\.m2\repository\com\vladsch\flexmark\flexmark-util-data\0.62.2\flexmark-util-data-0.62.2.jar;C:\Users\HP\.m2\repository\com\vladsch\flexmark\flexmark-util-dependency\0.62.2\flexmark-util-dependency-0.62.2.jar;C:\Users\HP\.m2\repository\com\vladsch\flexmark\flexmark-util-format\0.62.2\flexmark-util-format-0.62.2.jar;C:\Users\HP\.m2\repository\com\vladsch\flexmark\flexmark-util-html\0.62.2\flexmark-util-html-0.62.2.jar;C:\Users\HP\.m2\repository\com\vladsch\flexmark\flexmark-util-misc\0.62.2\flexmark-util-misc-0.62.2.jar;C:\Users\HP\.m2\repository\com\vladsch\flexmark\flexmark-util-sequence\0.62.2\flexmark-util-sequence-0.62.2.jar;C:\Users\HP\.m2\repository\com\vladsch\flexmark\flexmark-util-visitor\0.62.2\flexmark-util-visitor-0.62.2.jar;C:\Users\HP\.m2\repository\com\zaxxer\SparseBitSet\1.2\SparseBitSet-1.2.jar;C:\Users\HP\.m2\repository\commons-codec\commons-codec\1.15\commons-codec-1.15.jar;C:\Users\HP\.m2\repository\commons-io\commons-io\2.7\commons-io-2.7.jar;C:\Users\HP\.m2\repository\commons-logging\commons-logging\1.2\commons-logging-1.2.jar;C:\Users\HP\.m2\repository\io\github\cdimascio\dotenv-java\3.0.0\dotenv-java-3.0.0.jar;C:\Users\HP\.m2\repository\io\grpc\grpc-context\1.27.2\grpc-context-1.27.2.jar;C:\Users\HP\.m2\repository\io\jsonwebtoken\jjwt-api\0.11.2\jjwt-api-0.11.2.jar;C:\Users\HP\.m2\repository\io\jsonwebtoken\jjwt-impl\0.11.2\jjwt-impl-0.11.2.jar;C:\Users\HP\.m2\repository\io\jsonwebtoken\jjwt-jackson\0.11.2\jjwt-jackson-0.11.2.jar;C:\Users\HP\.m2\repository\io\opencensus\opencensus-api\0.28.0\opencensus-api-0.28.0.jar;C:\Users\HP\.m2\repository\io\opencensus\opencensus-contrib-http-util\0.28.0\opencensus-contrib-http-util-0.28.0.jar;C:\Users\HP\.m2\repository\javax\activation\activation\1.1\activation-1.1.jar;C:\Users\HP\.m2\repository\org\apache\commons\commons-collections4\4.4\commons-collections4-4.4.jar;C:\Users\HP\.m2\repository\org\apache\commons\commons-compress\1.21\commons-compress-1.21.jar;C:\Users\HP\.m2\repository\org\apache\commons\commons-math3\3.6.1\commons-math3-3.6.1.jar;C:\Users\HP\.m2\repository\org\apache\httpcomponents\httpclient\4.5.13\httpclient-4.5.13.jar;C:\Users\HP\.m2\repository\org\apache\httpcomponents\httpcore\4.4.13\httpcore-4.4.13.jar;C:\Users\HP\.m2\repository\org\apache\logging\log4j\log4j-api\2.18.0\log4j-api-2.18.0.jar;C:\Users\HP\.m2\repository\org\apache\pdfbox\fontbox\2.0.16\fontbox-2.0.16.jar;C:\Users\HP\.m2\repository\org\apache\pdfbox\pdfbox\2.0.16\pdfbox-2.0.16.jar;C:\Users\HP\.m2\repository\org\apache\poi\poi\5.2.3\poi-5.2.3.jar;C:\Users\HP\.m2\repository\org\apache\poi\poi-ooxml\5.2.3\poi-ooxml-5.2.3.jar;C:\Users\HP\.m2\repository\org\apache\poi\poi-ooxml-lite\5.2.3\poi-ooxml-lite-5.2.3.jar;C:\Users\HP\.m2\repository\org\apache\xmlbeans\xmlbeans\5.1.1\xmlbeans-5.1.1.jar;C:\Users\HP\.m2\repository\org\checkerframework\checker-compat-qual\2.5.5\checker-compat-qual-2.5.5.jar;C:\Users\HP\.m2\repository\org\codehaus\woodstox\stax2-api\4.2.1\stax2-api-4.2.1.jar;C:\Users\HP\.m2\repository\org\controlsfx\controlsfx\11.2.1\controlsfx-11.2.1.jar;C:\Users\HP\.m2\repository\org\jetbrains\annotations\15.0\annotations-15.0.jar;C:\Users\HP\.m2\repository\org\jetbrains\kotlin\kotlin-stdlib\1.4.10\kotlin-stdlib-1.4.10.jar;C:\Users\HP\.m2\repository\org\jetbrains\kotlin\kotlin-stdlib-common\1.4.0\kotlin-stdlib-common-1.4.0.jar;C:\Users\HP\.m2\repository\org\json\json\20210307\json-20210307.jar;C:\Users\HP\.m2\repository\org\mindrot\jbcrypt\0.4\jbcrypt-0.4.jar;C:\Users\HP\.m2\repository\org\slf4j\slf4j-api\1.7.30\slf4j-api-1.7.30.jar;C:\Users\HP\.m2\repository\org\slf4j\slf4j-simple\1.7.30\slf4j-simple-1.7.30.jar
Launcher Type: SUN_STANDARD

[Global flags]
     intx CICompilerCount                          = 4                                         {product} {ergonomic}
     uint ConcGCThreads                            = 3                                         {product} {ergonomic}
     uint G1ConcRefinementThreads                  = 10                                        {product} {ergonomic}
   size_t G1HeapRegionSize                         = 1048576                                   {product} {ergonomic}
    uintx GCDrainStackTargetSize                   = 64                                        {product} {ergonomic}
   size_t InitialHeapSize                          = 123731968                                 {product} {ergonomic}
   size_t MarkStackSize                            = 4194304                                   {product} {ergonomic}
   size_t MaxHeapSize                              = 1971322880                                {product} {ergonomic}
   size_t MaxNewSize                               = 1182793728                                {product} {ergonomic}
   size_t MinHeapDeltaBytes                        = 1048576                                   {product} {ergonomic}
   size_t MinHeapSize                              = 8388608                                   {product} {ergonomic}
    uintx NonNMethodCodeHeapSize                   = 5839372                                {pd product} {ergonomic}
    uintx NonProfiledCodeHeapSize                  = 122909434                              {pd product} {ergonomic}
    uintx ProfiledCodeHeapSize                     = 122909434                              {pd product} {ergonomic}
    uintx ReservedCodeCacheSize                    = 251658240                              {pd product} {ergonomic}
     bool SegmentedCodeCache                       = true                                      {product} {ergonomic}
   size_t SoftMaxHeapSize                          = 1971322880                             {manageable} {ergonomic}
     bool UseCompressedClassPointers               = true                           {product lp64_product} {ergonomic}
     bool UseCompressedOops                        = true                           {product lp64_product} {ergonomic}
     bool UseG1GC                                  = true                                      {product} {ergonomic}
     bool UseLargePagesIndividualAllocation        = false                                  {pd product} {ergonomic}

Logging:
Log output configuration:
 #0: stdout all=warning uptime,level,tags foldmultilines=false
 #1: stderr all=off uptime,level,tags foldmultilines=false

Environment Variables:
JAVA_HOME=C:\Program Files\Java\jdk-20
PATH=C:\Program Files (x86)\Common Files\Oracle\Java\javapath;C:\Program Files\Common Files\Oracle\Java\javapath;C:\oraclexe\app\oracle\product\11.2.0\server\bin;C:\WINDOWS\system32;C:\WINDOWS;C:\WINDOWS\System32\Wbem;C:\WINDOWS\System32\WindowsPowerShell\v1.0\;C:\WINDOWS\System32\OpenSSH\;C:\Strawberry\c\bin;C:\Strawberry\perl\site\bin;C:\Strawberry\perl\bin;C:\instantclient12_2;C:\oraclexe\app\oracle\admin\XE;C:\oraclexe;C:\Program Files (x86)\Git\cmd;C:\ProgramData\chocolatey\bin;C:\Program Files\nodejs\;C:\Users\HP\.jdks\jbr-17.0.8.1\bin;C:\composer;C:\Program Files (x86)\CodeBlocks\MinGW\bin;C:\Program Files (x86)\GnuWin32\bin;C:\Program Files\Microsoft SQL Server\150\Tools\Binn\;C:\Program Files\Microsoft SQL Server\Client SDK\ODBC\170\Tools\Binn\;C:\Program Files\dotnet\;C:\xampp\php;C:\Program Files\Docker\Docker\resources\bin;C:\Users\HP\Desktop\3eme\Pidev\apache-maven-3.9.6;C:\Users\HP\Downloads\apache-maven-3.9.6-bin\apache-maven-3.9.6\bin;C:\Users\HP\scoop\shims;C:\Users\HP\Downloads\jdk-20_windows-x64_bin.zip\jdk-20.0.1\bin;C:\Users\HP\AppData\Roaming\npm;C:\Users\HP\AppData\Local\Programs\Microsoft VS Code\bin;C:\Users\HP\AppData\Roaming\Composer\vendor\bin;C:\Users\HP\.dotnet\tools;C:\stripe_1.19.2_windows_x86_64\stripe.exe;C:\Users\HP\Desktop\3eme\Pidev\apache-maven-3.9.6;
USERNAME=HP
OS=Windows_NT
PROCESSOR_IDENTIFIER=AMD64 Family 25 Model 80 Stepping 0, AuthenticAMD
TMP=C:\Users\HP\AppData\Local\Temp
TEMP=C:\Users\HP\AppData\Local\Temp




---------------  S Y S T E M  ---------------

OS:
 Windows 11 , 64 bit Build 22621 (10.0.22621.3374)
OS uptime: 0 days 8:28 hours
Hyper-V role detected

CPU: total 12 (initial active 12) (12 cores per cpu, 2 threads per core) family 25 model 80 stepping 0 microcode 0x0, cx8, cmov, fxsr, ht, mmx, 3dnowpref, sse, sse2, sse3, ssse3, sse4a, sse4.1, sse4.2, popcnt, lzcnt, tsc, tscinvbit, avx, avx2, aes, erms, clmul, bmi1, bmi2, adx, sha, fma, vzeroupper, clflush, clflushopt, hv, rdtscp, rdpid, fsrm, f16c, cet_ss

Memory: 4k page, system-wide physical 7519M (657M free)
TotalPageFile size 17597M (AvailPageFile size 5M)
current process WorkingSet (physical memory assigned to process): 82M, peak: 82M
current process commit charge ("private bytes"): 241M, peak: 241M

vm_info: Java HotSpot(TM) 64-Bit Server VM (20+36-2344) for windows-amd64 JRE (20+36-2344), built on 2023-02-10T19:30:15Z by "mach5one" with MS VC++ 17.1 (VS2022)

END.
