#
# There is insufficient memory for the Java Runtime Environment to continue.
# Native memory allocation (malloc) failed to allocate 1909264 bytes for Chunk::new
# Possible reasons:
#   The system is out of physical RAM or swap space
#   The process is running with CompressedOops enabled, and the Java Heap may be blocking the growth of the native heap
# Possible solutions:
#   Reduce memory load on the system
#   Increase physical memory or swap space
#   Check if swap backing store is full
#   Decrease Java heap size (-Xmx/-Xms)
#   Decrease number of Java threads
#   Decrease Java thread stack sizes (-Xss)
#   Set larger code cache with -XX:ReservedCodeCacheSize=
#   JVM is running with Unscaled Compressed Oops mode in which the Java heap is
#     placed in the first 4GB address space. The Java Heap base address is the
#     maximum limit for the native heap growth. Please use -XX:HeapBaseMinAddress
#     to set the Java Heap base and to place the Java Heap above 4GB virtual address.
# This output file may be truncated or incomplete.
#
#  Out of Memory Error (arena.cpp:189), pid=16232, tid=7608
#
# JRE version: OpenJDK Runtime Environment JBR-17.0.8.1+7-1059.3-nomod (17.0.8.1+7) (build 17.0.8.1+7-b1059.3)
# Java VM: OpenJDK 64-Bit Server VM JBR-17.0.8.1+7-1059.3-nomod (17.0.8.1+7-b1059.3, mixed mode, tiered, compressed oops, compressed class ptrs, g1 gc, windows-amd64)
# No core dump will be written. Minidumps are not enabled by default on client versions of Windows
#

---------------  S U M M A R Y ------------

Command Line: -Dmaven.multiModuleProjectDirectory=C:\Users\HP\Desktop\demo1\NovaFxInsurrance -Djansi.passthrough=true -Dmaven.home=C:\Program Files\JetBrains\IntelliJ IDEA Community Edition 2023.1\plugins\maven\lib\maven3 -Dclassworlds.conf=C:\Program Files\JetBrains\IntelliJ IDEA Community Edition 2023.1\plugins\maven\lib\maven3\bin\m2.conf -Dmaven.ext.class.path=C:\Program Files\JetBrains\IntelliJ IDEA Community Edition 2023.1\plugins\maven\lib\maven-event-listener.jar -javaagent:C:\Program Files\JetBrains\IntelliJ IDEA Community Edition 2023.1\lib\idea_rt.jar=51864:C:\Program Files\JetBrains\IntelliJ IDEA Community Edition 2023.1\bin -Dfile.encoding=UTF-8 org.codehaus.classworlds.Launcher -Didea.version=2023.1 org.openjfx:javafx-maven-plugin:0.0.8:run

Host: AMD Ryzen 5 5600H with Radeon Graphics         , 12 cores, 7G,  Windows 11 , 64 bit Build 22621 (10.0.22621.3374)
Time: Thu May  9 21:58:44 2024 Afr. centrale Ouest elapsed time: 6.556354 seconds (0d 0h 0m 6s)

---------------  T H R E A D  ---------------

Current thread (0x00000290227cc910):  JavaThread "C2 CompilerThread1" daemon [_thread_in_native, id=7608, stack(0x000000b281c00000,0x000000b281d00000)]


Current CompileTask:
C2:   6556 5544   !   4       com.sun.tools.javac.jvm.ClassReader::classSigToType (497 bytes)

Stack: [0x000000b281c00000,0x000000b281d00000]
Native frames: (J=compiled Java code, j=interpreted, Vv=VM code, C=native code)
V  [jvm.dll+0x6852da]
V  [jvm.dll+0x844ad4]
V  [jvm.dll+0x8463ee]
V  [jvm.dll+0x846a53]
V  [jvm.dll+0x24b7cf]
V  [jvm.dll+0xac3bc]
V  [jvm.dll+0xac98c]
V  [jvm.dll+0x36af97]
V  [jvm.dll+0x3352b1]
V  [jvm.dll+0x33475a]
V  [jvm.dll+0x21d7f1]
V  [jvm.dll+0x21cc11]
V  [jvm.dll+0x1a660d]
V  [jvm.dll+0x22c9c8]
V  [jvm.dll+0x22a990]
V  [jvm.dll+0x7f9b8c]
V  [jvm.dll+0x7f3faa]
V  [jvm.dll+0x684165]
C  [ucrtbase.dll+0x29333]
C  [KERNEL32.DLL+0x1257d]
C  [ntdll.dll+0x5aa48]


---------------  P R O C E S S  ---------------

Threads class SMR info:
_java_thread_list=0x00000290227a41a0, length=14, elements={
0x0000029003c42c80, 0x000002901d44aab0, 0x000002901d44d740, 0x000002902200ece0,
0x000002902200f6a0, 0x00000290220453e0, 0x0000029022045da0, 0x0000029022046a90,
0x000002902204a990, 0x000002902204d3a0, 0x000002902213a500, 0x00000290222af550,
0x00000290222afa30, 0x00000290227cc910
}

Java Threads: ( => current thread )
  0x0000029003c42c80 JavaThread "main" [_thread_in_vm, id=14832, stack(0x000000b280800000,0x000000b280900000)]
  0x000002901d44aab0 JavaThread "Reference Handler" daemon [_thread_blocked, id=15888, stack(0x000000b280f00000,0x000000b281000000)]
  0x000002901d44d740 JavaThread "Finalizer" daemon [_thread_blocked, id=10524, stack(0x000000b281000000,0x000000b281100000)]
  0x000002902200ece0 JavaThread "Signal Dispatcher" daemon [_thread_blocked, id=17908, stack(0x000000b281100000,0x000000b281200000)]
  0x000002902200f6a0 JavaThread "Attach Listener" daemon [_thread_blocked, id=17580, stack(0x000000b281200000,0x000000b281300000)]
  0x00000290220453e0 JavaThread "Service Thread" daemon [_thread_blocked, id=18296, stack(0x000000b281300000,0x000000b281400000)]
  0x0000029022045da0 JavaThread "Monitor Deflation Thread" daemon [_thread_blocked, id=20432, stack(0x000000b281400000,0x000000b281500000)]
  0x0000029022046a90 JavaThread "C2 CompilerThread0" daemon [_thread_in_native, id=2756, stack(0x000000b281500000,0x000000b281600000)]
  0x000002902204a990 JavaThread "C1 CompilerThread0" daemon [_thread_in_vm, id=11548, stack(0x000000b281600000,0x000000b281700000)]
  0x000002902204d3a0 JavaThread "Sweeper thread" daemon [_thread_blocked, id=15204, stack(0x000000b281700000,0x000000b281800000)]
  0x000002902213a500 JavaThread "Common-Cleaner" daemon [_thread_blocked, id=16676, stack(0x000000b281800000,0x000000b281900000)]
  0x00000290222af550 JavaThread "Monitor Ctrl-Break" daemon [_thread_in_native, id=2876, stack(0x000000b281900000,0x000000b281a00000)]
  0x00000290222afa30 JavaThread "Notification Thread" daemon [_thread_blocked, id=12436, stack(0x000000b281a00000,0x000000b281b00000)]
=>0x00000290227cc910 JavaThread "C2 CompilerThread1" daemon [_thread_in_native, id=7608, stack(0x000000b281c00000,0x000000b281d00000)]

Other Threads:
  0x000002901d447f80 VMThread "VM Thread" [stack: 0x000000b280e00000,0x000000b280f00000] [id=12724]
  0x00000290222b24c0 WatcherThread [stack: 0x000000b281b00000,0x000000b281c00000] [id=11176]
  0x0000029003c9bcb0 GCTaskThread "GC Thread#0" [stack: 0x000000b280900000,0x000000b280a00000] [id=21888]
  0x0000029022ae4d60 GCTaskThread "GC Thread#1" [stack: 0x000000b281d00000,0x000000b281e00000] [id=21164]
  0x000002902320b1c0 GCTaskThread "GC Thread#2" [stack: 0x000000b281e00000,0x000000b281f00000] [id=20496]
  0x000002902318d810 GCTaskThread "GC Thread#3" [stack: 0x000000b281f00000,0x000000b282000000] [id=3660]
  0x0000029022f86370 GCTaskThread "GC Thread#4" [stack: 0x000000b282000000,0x000000b282100000] [id=11288]
  0x00000290230504b0 GCTaskThread "GC Thread#5" [stack: 0x000000b282100000,0x000000b282200000] [id=20572]
  0x0000029023050bf0 GCTaskThread "GC Thread#6" [stack: 0x000000b282200000,0x000000b282300000] [id=4784]
  0x0000029023050eb0 GCTaskThread "GC Thread#7" [stack: 0x000000b282300000,0x000000b282400000] [id=13148]
  0x0000029023053a10 GCTaskThread "GC Thread#8" [stack: 0x000000b282400000,0x000000b282500000] [id=19148]
  0x0000029023058160 GCTaskThread "GC Thread#9" [stack: 0x000000b282500000,0x000000b282600000] [id=16376]
  0x0000029001b4da60 ConcurrentGCThread "G1 Main Marker" [stack: 0x000000b280a00000,0x000000b280b00000] [id=17044]
  0x0000029001b4ec10 ConcurrentGCThread "G1 Conc#0" [stack: 0x000000b280b00000,0x000000b280c00000] [id=1660]
  0x0000029023600890 ConcurrentGCThread "G1 Conc#1" [stack: 0x000000b282600000,0x000000b282700000] [id=1480]
  0x00000290235ffd90 ConcurrentGCThread "G1 Conc#2" [stack: 0x000000b282700000,0x000000b282800000] [id=4680]
  0x0000029003ce2d20 ConcurrentGCThread "G1 Refine#0" [stack: 0x000000b280c00000,0x000000b280d00000] [id=17092]
  0x00000290246ba9b0 ConcurrentGCThread "G1 Refine#1" [stack: 0x000000b282800000,0x000000b282900000] [id=2356]
  0x0000029023c20850 ConcurrentGCThread "G1 Refine#2" [stack: 0x000000b282900000,0x000000b282a00000] [id=15156]
  0x0000029024d82e30 ConcurrentGCThread "G1 Refine#3" [stack: 0x000000b282a00000,0x000000b282b00000] [id=11524]
  0x00000290242fd250 ConcurrentGCThread "G1 Refine#4" [stack: 0x000000b282b00000,0x000000b282c00000] [id=21948]
  0x0000029003ce3660 ConcurrentGCThread "G1 Service" [stack: 0x000000b280d00000,0x000000b280e00000] [id=15124]

Threads with active compile tasks:
C2 CompilerThread0     6669 5709       4       com.sun.tools.javac.jvm.ClassReader::sigToType (893 bytes)
C1 CompilerThread0     6669 5878       2       com.sun.tools.javac.tree.TreeScanner::scan (10 bytes)
C2 CompilerThread1     6669 5544   !   4       com.sun.tools.javac.jvm.ClassReader::classSigToType (497 bytes)

VM state: not at safepoint (normal execution)

VM Mutex/Monitor currently owned by a thread:  ([mutex/lock_event])
[0x0000029003c3d170] Metaspace_lock - owner thread: 0x000002902204a990
[0x0000029003c3d910] MethodData_lock - owner thread: 0x000002902204a990

Heap address: 0x000000008a800000, size: 1880 MB, Compressed Oops mode: 32-bit

CDS archive(s) not mapped
Compressed class space mapped at: 0x0000000100000000-0x0000000140000000, reserved size: 1073741824
Narrow klass base: 0x0000000000000000, Narrow klass shift: 3, Narrow klass range: 0x140000000

GC Precious Log:
 CPUs: 12 total, 12 available
 Memory: 7519M
 Large Page Support: Disabled
 NUMA Support: Disabled
 Compressed Oops: Enabled (32-bit)
 Heap Region Size: 1M
 Heap Min Capacity: 8M
 Heap Initial Capacity: 118M
 Heap Max Capacity: 1880M
 Pre-touch: Disabled
 Parallel Workers: 10
 Concurrent Workers: 3
 Concurrent Refinement Workers: 10
 Periodic GC: Disabled

Heap:
 garbage-first heap   total 89088K, used 53988K [0x000000008a800000, 0x0000000100000000)
  region size 1024K, 15 young (15360K), 3 survivors (3072K)
 Metaspace       used 33784K, committed 33984K, reserved 1114112K
  class space    used 3644K, committed 3712K, reserved 1048576K

Heap Regions: E=young(eden), S=young(survivor), O=old, HS=humongous(starts), HC=humongous(continues), CS=collection set, F=free, OA=open archive, CA=closed archive, TAMS=top-at-mark-start (previous, next)
|   0|0x000000008a800000, 0x000000008a900000, 0x000000008a900000|100%| O|  |TAMS 0x000000008a900000, 0x000000008a800000| Untracked 
|   1|0x000000008a900000, 0x000000008aa00000, 0x000000008aa00000|100%| O|  |TAMS 0x000000008aa00000, 0x000000008a900000| Untracked 
|   2|0x000000008aa00000, 0x000000008ab00000, 0x000000008ab00000|100%| O|  |TAMS 0x000000008ab00000, 0x000000008aa00000| Untracked 
|   3|0x000000008ab00000, 0x000000008ac00000, 0x000000008ac00000|100%| O|  |TAMS 0x000000008ac00000, 0x000000008ab00000| Untracked 
|   4|0x000000008ac00000, 0x000000008ad00000, 0x000000008ad00000|100%| O|  |TAMS 0x000000008ad00000, 0x000000008ac00000| Untracked 
|   5|0x000000008ad00000, 0x000000008ae00000, 0x000000008ae00000|100%| O|  |TAMS 0x000000008ae00000, 0x000000008ad00000| Untracked 
|   6|0x000000008ae00000, 0x000000008af00000, 0x000000008af00000|100%| O|  |TAMS 0x000000008af00000, 0x000000008ae00000| Untracked 
|   7|0x000000008af00000, 0x000000008b000000, 0x000000008b000000|100%| O|  |TAMS 0x000000008b000000, 0x000000008af00000| Untracked 
|   8|0x000000008b000000, 0x000000008b100000, 0x000000008b100000|100%| O|  |TAMS 0x000000008b100000, 0x000000008b000000| Untracked 
|   9|0x000000008b100000, 0x000000008b200000, 0x000000008b200000|100%| O|  |TAMS 0x000000008b200000, 0x000000008b100000| Untracked 
|  10|0x000000008b200000, 0x000000008b300000, 0x000000008b300000|100%| O|  |TAMS 0x000000008b300000, 0x000000008b200000| Untracked 
|  11|0x000000008b300000, 0x000000008b400000, 0x000000008b400000|100%| O|  |TAMS 0x000000008b400000, 0x000000008b300000| Untracked 
|  12|0x000000008b400000, 0x000000008b500000, 0x000000008b500000|100%| O|  |TAMS 0x000000008b500000, 0x000000008b400000| Untracked 
|  13|0x000000008b500000, 0x000000008b600000, 0x000000008b600000|100%| O|  |TAMS 0x000000008b600000, 0x000000008b500000| Untracked 
|  14|0x000000008b600000, 0x000000008b700000, 0x000000008b700000|100%| O|  |TAMS 0x000000008b700000, 0x000000008b600000| Untracked 
|  15|0x000000008b700000, 0x000000008b800000, 0x000000008b800000|100%| O|  |TAMS 0x000000008b800000, 0x000000008b700000| Untracked 
|  16|0x000000008b800000, 0x000000008b900000, 0x000000008b900000|100%| O|  |TAMS 0x000000008b900000, 0x000000008b800000| Untracked 
|  17|0x000000008b900000, 0x000000008ba00000, 0x000000008ba00000|100%| O|  |TAMS 0x000000008ba00000, 0x000000008b900000| Untracked 
|  18|0x000000008ba00000, 0x000000008bb00000, 0x000000008bb00000|100%| O|  |TAMS 0x000000008bb00000, 0x000000008ba00000| Untracked 
|  19|0x000000008bb00000, 0x000000008bc00000, 0x000000008bc00000|100%| O|  |TAMS 0x000000008bc00000, 0x000000008bb00000| Untracked 
|  20|0x000000008bc00000, 0x000000008bd00000, 0x000000008bd00000|100%| O|  |TAMS 0x000000008bd00000, 0x000000008bc00000| Untracked 
|  21|0x000000008bd00000, 0x000000008be00000, 0x000000008be00000|100%| O|  |TAMS 0x000000008be00000, 0x000000008bd00000| Untracked 
|  22|0x000000008be00000, 0x000000008bf00000, 0x000000008bf00000|100%| O|  |TAMS 0x000000008bf00000, 0x000000008be00000| Untracked 
|  23|0x000000008bf00000, 0x000000008c000000, 0x000000008c000000|100%| O|  |TAMS 0x000000008c000000, 0x000000008bf00000| Untracked 
|  24|0x000000008c000000, 0x000000008c100000, 0x000000008c100000|100%| O|  |TAMS 0x000000008c100000, 0x000000008c000000| Untracked 
|  25|0x000000008c100000, 0x000000008c200000, 0x000000008c200000|100%| O|  |TAMS 0x000000008c200000, 0x000000008c100000| Untracked 
|  26|0x000000008c200000, 0x000000008c300000, 0x000000008c300000|100%| O|  |TAMS 0x000000008c300000, 0x000000008c200000| Untracked 
|  27|0x000000008c300000, 0x000000008c400000, 0x000000008c400000|100%| O|  |TAMS 0x000000008c400000, 0x000000008c300000| Untracked 
|  28|0x000000008c400000, 0x000000008c500000, 0x000000008c500000|100%| O|  |TAMS 0x000000008c500000, 0x000000008c400000| Untracked 
|  29|0x000000008c500000, 0x000000008c600000, 0x000000008c600000|100%| O|  |TAMS 0x000000008c600000, 0x000000008c500000| Untracked 
|  30|0x000000008c600000, 0x000000008c700000, 0x000000008c700000|100%| O|  |TAMS 0x000000008c700000, 0x000000008c600000| Untracked 
|  31|0x000000008c700000, 0x000000008c800000, 0x000000008c800000|100%| O|  |TAMS 0x000000008c800000, 0x000000008c700000| Untracked 
|  32|0x000000008c800000, 0x000000008c900000, 0x000000008c900000|100%| O|  |TAMS 0x000000008c900000, 0x000000008c800000| Untracked 
|  33|0x000000008c900000, 0x000000008ca00000, 0x000000008ca00000|100%| O|  |TAMS 0x000000008c900000, 0x000000008c900000| Untracked 
|  34|0x000000008ca00000, 0x000000008cb00000, 0x000000008cb00000|100%| O|  |TAMS 0x000000008ca00000, 0x000000008ca00000| Untracked 
|  35|0x000000008cb00000, 0x000000008cc00000, 0x000000008cc00000|100%| O|  |TAMS 0x000000008cb00000, 0x000000008cb00000| Untracked 
|  36|0x000000008cc00000, 0x000000008ccb9200, 0x000000008cd00000| 72%| O|  |TAMS 0x000000008cc00000, 0x000000008cc00000| Untracked 
|  37|0x000000008cd00000, 0x000000008ce00000, 0x000000008ce00000|100%|HS|  |TAMS 0x000000008cd00000, 0x000000008cd00000| Complete 
|  38|0x000000008ce00000, 0x000000008cf00000, 0x000000008cf00000|100%|HS|  |TAMS 0x000000008ce00000, 0x000000008ce00000| Complete 
|  39|0x000000008cf00000, 0x000000008d000000, 0x000000008d000000|100%|HC|  |TAMS 0x000000008cf00000, 0x000000008cf00000| Complete 
|  40|0x000000008d000000, 0x000000008d000000, 0x000000008d100000|  0%| F|  |TAMS 0x000000008d000000, 0x000000008d000000| Untracked 
|  41|0x000000008d100000, 0x000000008d100000, 0x000000008d200000|  0%| F|  |TAMS 0x000000008d100000, 0x000000008d100000| Untracked 
|  42|0x000000008d200000, 0x000000008d200000, 0x000000008d300000|  0%| F|  |TAMS 0x000000008d200000, 0x000000008d200000| Untracked 
|  43|0x000000008d300000, 0x000000008d300000, 0x000000008d400000|  0%| F|  |TAMS 0x000000008d300000, 0x000000008d300000| Untracked 
|  44|0x000000008d400000, 0x000000008d400000, 0x000000008d500000|  0%| F|  |TAMS 0x000000008d400000, 0x000000008d400000| Untracked 
|  45|0x000000008d500000, 0x000000008d500000, 0x000000008d600000|  0%| F|  |TAMS 0x000000008d500000, 0x000000008d500000| Untracked 
|  46|0x000000008d600000, 0x000000008d600000, 0x000000008d700000|  0%| F|  |TAMS 0x000000008d600000, 0x000000008d600000| Untracked 
|  47|0x000000008d700000, 0x000000008d700000, 0x000000008d800000|  0%| F|  |TAMS 0x000000008d700000, 0x000000008d700000| Untracked 
|  48|0x000000008d800000, 0x000000008d800000, 0x000000008d900000|  0%| F|  |TAMS 0x000000008d800000, 0x000000008d800000| Untracked 
|  49|0x000000008d900000, 0x000000008d900000, 0x000000008da00000|  0%| F|  |TAMS 0x000000008d900000, 0x000000008d900000| Untracked 
|  50|0x000000008da00000, 0x000000008da00000, 0x000000008db00000|  0%| F|  |TAMS 0x000000008da00000, 0x000000008da00000| Untracked 
|  51|0x000000008db00000, 0x000000008db00000, 0x000000008dc00000|  0%| F|  |TAMS 0x000000008db00000, 0x000000008db00000| Untracked 
|  52|0x000000008dc00000, 0x000000008dd00000, 0x000000008dd00000|100%| S|CS|TAMS 0x000000008dc00000, 0x000000008dc00000| Complete 
|  53|0x000000008dd00000, 0x000000008de00000, 0x000000008de00000|100%| S|CS|TAMS 0x000000008dd00000, 0x000000008dd00000| Complete 
|  54|0x000000008de00000, 0x000000008df00000, 0x000000008df00000|100%| S|CS|TAMS 0x000000008de00000, 0x000000008de00000| Complete 
|  55|0x000000008df00000, 0x000000008df00000, 0x000000008e000000|  0%| F|  |TAMS 0x000000008df00000, 0x000000008df00000| Untracked 
|  56|0x000000008e000000, 0x000000008e000000, 0x000000008e100000|  0%| F|  |TAMS 0x000000008e000000, 0x000000008e000000| Untracked 
|  57|0x000000008e100000, 0x000000008e100000, 0x000000008e200000|  0%| F|  |TAMS 0x000000008e100000, 0x000000008e100000| Untracked 
|  58|0x000000008e200000, 0x000000008e200000, 0x000000008e300000|  0%| F|  |TAMS 0x000000008e200000, 0x000000008e200000| Untracked 
|  59|0x000000008e300000, 0x000000008e300000, 0x000000008e400000|  0%| F|  |TAMS 0x000000008e300000, 0x000000008e300000| Untracked 
|  60|0x000000008e400000, 0x000000008e400000, 0x000000008e500000|  0%| F|  |TAMS 0x000000008e400000, 0x000000008e400000| Untracked 
|  61|0x000000008e500000, 0x000000008e500000, 0x000000008e600000|  0%| F|  |TAMS 0x000000008e500000, 0x000000008e500000| Untracked 
|  62|0x000000008e600000, 0x000000008e600000, 0x000000008e700000|  0%| F|  |TAMS 0x000000008e600000, 0x000000008e600000| Untracked 
|  63|0x000000008e700000, 0x000000008e700000, 0x000000008e800000|  0%| F|  |TAMS 0x000000008e700000, 0x000000008e700000| Untracked 
|  64|0x000000008e800000, 0x000000008e800000, 0x000000008e900000|  0%| F|  |TAMS 0x000000008e800000, 0x000000008e800000| Untracked 
|  65|0x000000008e900000, 0x000000008e900000, 0x000000008ea00000|  0%| F|  |TAMS 0x000000008e900000, 0x000000008e900000| Untracked 
|  66|0x000000008ea00000, 0x000000008ea00000, 0x000000008eb00000|  0%| F|  |TAMS 0x000000008ea00000, 0x000000008ea00000| Untracked 
|  67|0x000000008eb00000, 0x000000008eb00000, 0x000000008ec00000|  0%| F|  |TAMS 0x000000008eb00000, 0x000000008eb00000| Untracked 
|  68|0x000000008ec00000, 0x000000008ec00000, 0x000000008ed00000|  0%| F|  |TAMS 0x000000008ec00000, 0x000000008ec00000| Untracked 
|  69|0x000000008ed00000, 0x000000008ed00000, 0x000000008ee00000|  0%| F|  |TAMS 0x000000008ed00000, 0x000000008ed00000| Untracked 
|  70|0x000000008ee00000, 0x000000008ee00000, 0x000000008ef00000|  0%| F|  |TAMS 0x000000008ee00000, 0x000000008ee00000| Untracked 
|  71|0x000000008ef00000, 0x000000008ef00000, 0x000000008f000000|  0%| F|  |TAMS 0x000000008ef00000, 0x000000008ef00000| Untracked 
|  72|0x000000008f000000, 0x000000008f000000, 0x000000008f100000|  0%| F|  |TAMS 0x000000008f000000, 0x000000008f000000| Untracked 
|  73|0x000000008f100000, 0x000000008f100000, 0x000000008f200000|  0%| F|  |TAMS 0x000000008f100000, 0x000000008f100000| Untracked 
|  74|0x000000008f200000, 0x000000008f200000, 0x000000008f300000|  0%| F|  |TAMS 0x000000008f200000, 0x000000008f200000| Untracked 
|  75|0x000000008f300000, 0x000000008f375ea0, 0x000000008f400000| 46%| E|  |TAMS 0x000000008f300000, 0x000000008f300000| Complete 
|  76|0x000000008f400000, 0x000000008f500000, 0x000000008f500000|100%| E|CS|TAMS 0x000000008f400000, 0x000000008f400000| Complete 
|  77|0x000000008f500000, 0x000000008f600000, 0x000000008f600000|100%| E|CS|TAMS 0x000000008f500000, 0x000000008f500000| Complete 
|  78|0x000000008f600000, 0x000000008f700000, 0x000000008f700000|100%| E|CS|TAMS 0x000000008f600000, 0x000000008f600000| Complete 
|  79|0x000000008f700000, 0x000000008f800000, 0x000000008f800000|100%| E|CS|TAMS 0x000000008f700000, 0x000000008f700000| Complete 
|  80|0x000000008f800000, 0x000000008f900000, 0x000000008f900000|100%| E|CS|TAMS 0x000000008f800000, 0x000000008f800000| Complete 
|  81|0x000000008f900000, 0x000000008fa00000, 0x000000008fa00000|100%| E|  |TAMS 0x000000008f900000, 0x000000008f900000| Complete 
|  82|0x000000008fa00000, 0x000000008fb00000, 0x000000008fb00000|100%| E|CS|TAMS 0x000000008fa00000, 0x000000008fa00000| Complete 
| 102|0x0000000090e00000, 0x0000000090f00000, 0x0000000090f00000|100%| E|CS|TAMS 0x0000000090e00000, 0x0000000090e00000| Complete 
| 103|0x0000000090f00000, 0x0000000091000000, 0x0000000091000000|100%| E|CS|TAMS 0x0000000090f00000, 0x0000000090f00000| Complete 
| 104|0x0000000091000000, 0x0000000091100000, 0x0000000091100000|100%| E|CS|TAMS 0x0000000091000000, 0x0000000091000000| Complete 
| 117|0x0000000091d00000, 0x0000000091e00000, 0x0000000091e00000|100%| E|CS|TAMS 0x0000000091d00000, 0x0000000091d00000| Complete 

Card table byte_map: [0x0000029016d00000,0x00000290170b0000] _byte_map_base: 0x00000290168ac000

Marking Bits (Prev, Next): (CMBitMap*) 0x0000029003c9c2d0, (CMBitMap*) 0x0000029003c9c310
 Prev Bits: [0x0000029017460000, 0x00000290191c0000)
 Next Bits: [0x00000290191c0000, 0x000002901af20000)

Polling page: 0x0000029001bf0000

Metaspace:

Usage:
  Non-class:     29.43 MB used.
      Class:      3.56 MB used.
       Both:     32.99 MB used.

Virtual space:
  Non-class space:       64.00 MB reserved,      29.56 MB ( 46%) committed,  1 nodes.
      Class space:        1.00 GB reserved,       3.62 MB ( <1%) committed,  1 nodes.
             Both:        1.06 GB reserved,      33.19 MB (  3%) committed. 

Chunk freelists:
   Non-Class:  1.80 MB
       Class:  12.25 MB
        Both:  14.05 MB

MaxMetaspaceSize: unlimited
CompressedClassSpaceSize: 1.00 GB
Initial GC threshold: 21.00 MB
Current GC threshold: 54.81 MB
CDS: off
MetaspaceReclaimPolicy: balanced
 - commit_granule_bytes: 65536.
 - commit_granule_words: 8192.
 - virtual_space_node_default_size: 8388608.
 - enlarge_chunks_in_place: 1.
 - new_chunks_are_fully_committed: 0.
 - uncommit_free_chunks: 1.
 - use_allocation_guard: 0.
 - handle_deallocations: 1.


Internal statistics:

num_allocs_failed_limit: 3.
num_arena_births: 152.
num_arena_deaths: 0.
num_vsnodes_births: 2.
num_vsnodes_deaths: 0.
num_space_committed: 531.
num_space_uncommitted: 0.
num_chunks_returned_to_freelist: 3.
num_chunks_taken_from_freelist: 1029.
num_chunk_merges: 3.
num_chunk_splits: 731.
num_chunks_enlarged: 558.
num_inconsistent_stats: 0.

CodeHeap 'non-profiled nmethods': size=120000Kb used=2586Kb max_used=2586Kb free=117413Kb
 bounds [0x000002900eed0000, 0x000002900f160000, 0x0000029016400000]
CodeHeap 'profiled nmethods': size=120000Kb used=12109Kb max_used=12109Kb free=107890Kb
 bounds [0x0000029007400000, 0x0000029007fe0000, 0x000002900e930000]
CodeHeap 'non-nmethods': size=5760Kb used=1202Kb max_used=1256Kb free=4557Kb
 bounds [0x000002900e930000, 0x000002900eba0000, 0x000002900eed0000]
 total_blobs=6286 nmethods=5784 adapters=414
 compilation: enabled
              stopped_count=0, restarted_count=0
 full_count=0

Compilation events (20 events):
Event: 6.538 Thread 0x000002902204a990 nmethod 5807 0x0000029007fb5d10 code [0x0000029007fb5ee0, 0x0000029007fb61b8]
Event: 6.538 Thread 0x000002902204a990 5808       2       com.sun.tools.javac.comp.Attr::attribImportQualifier (45 bytes)
Event: 6.538 Thread 0x000002902204a990 nmethod 5808 0x0000029007fb6390 code [0x0000029007fb6540, 0x0000029007fb6778]
Event: 6.538 Thread 0x000002902204a990 5811       2       com.sun.tools.javac.comp.Check::checkTransparentVar (106 bytes)
Event: 6.539 Thread 0x000002902204a990 nmethod 5811 0x0000029007fb6910 code [0x0000029007fb6b00, 0x0000029007fb6e88]
Event: 6.539 Thread 0x000002902204a990 5809   !   2       com.sun.tools.javac.comp.TypeEnter$ImportsPhase::attribImportType (143 bytes)
Event: 6.540 Thread 0x000002902204a990 nmethod 5809 0x0000029007fb7190 code [0x0000029007fb73c0, 0x0000029007fb7d28]
Event: 6.540 Thread 0x000002902204a990 5810       2       com.sun.tools.javac.comp.TypeEnter$ImportsPhase::importNamed (41 bytes)
Event: 6.541 Thread 0x000002902204a990 nmethod 5810 0x0000029007fb8190 code [0x0000029007fb8360, 0x0000029007fb8588]
Event: 6.541 Thread 0x000002902204a990 5815       2       sun.nio.fs.WindowsException::<init> (15 bytes)
Event: 6.542 Thread 0x000002902204a990 nmethod 5815 0x0000029007fb8790 code [0x0000029007fb8940, 0x0000029007fb8bb8]
Event: 6.542 Thread 0x000002902204a990 5812       2       java.util.RegularEnumSet::removeAll (71 bytes)
Event: 6.542 Thread 0x000002902204a990 nmethod 5812 0x0000029007fb8c90 code [0x0000029007fb8e40, 0x0000029007fb9088]
Event: 6.543 Thread 0x000002902204a990 5813       2       java.util.AbstractSet::removeAll (101 bytes)
Event: 6.543 Thread 0x000002902204a990 nmethod 5813 0x0000029007fb9190 code [0x0000029007fb93e0, 0x0000029007fb98f8]
Event: 6.543 Thread 0x000002902204a990 5816       2       com.sun.tools.javac.jvm.ClassReader$3::read (281 bytes)
Event: 6.546 Thread 0x000002902204a990 nmethod 5816 0x0000029007fb9c10 code [0x0000029007fb9f00, 0x0000029007fbac78]
Event: 6.546 Thread 0x000002902204a990 5817       2       com.sun.tools.javac.jvm.ClassReader$3::checkType (38 bytes)
Event: 6.546 Thread 0x000002902204a990 nmethod 5817 0x0000029007fbb490 code [0x0000029007fbb660, 0x0000029007fbbaf8]
Event: 6.554 Thread 0x000002902204a990 5818   !   2       com.sun.tools.javac.comp.TypeEnter$Phase::completeEnvs (137 bytes)

GC Heap History (20 events):
Event: 2.776 GC heap before
{Heap before GC invocations=5 (full 0):
 garbage-first heap   total 30720K, used 9447K [0x000000008a800000, 0x0000000100000000)
  region size 1024K, 4 young (4096K), 3 survivors (3072K)
 Metaspace       used 22504K, committed 22656K, reserved 1114112K
  class space    used 2438K, committed 2496K, reserved 1048576K
}
Event: 2.782 GC heap after
{Heap after GC invocations=6 (full 0):
 garbage-first heap   total 30720K, used 8617K [0x000000008a800000, 0x0000000100000000)
  region size 1024K, 1 young (1024K), 1 survivors (1024K)
 Metaspace       used 22504K, committed 22656K, reserved 1114112K
  class space    used 2438K, committed 2496K, reserved 1048576K
}
Event: 2.954 GC heap before
{Heap before GC invocations=6 (full 0):
 garbage-first heap   total 30720K, used 21929K [0x000000008a800000, 0x0000000100000000)
  region size 1024K, 14 young (14336K), 1 survivors (1024K)
 Metaspace       used 22641K, committed 22784K, reserved 1114112K
  class space    used 2441K, committed 2496K, reserved 1048576K
}
Event: 2.957 GC heap after
{Heap after GC invocations=7 (full 0):
 garbage-first heap   total 61440K, used 8783K [0x000000008a800000, 0x0000000100000000)
  region size 1024K, 1 young (1024K), 1 survivors (1024K)
 Metaspace       used 22641K, committed 22784K, reserved 1114112K
  class space    used 2441K, committed 2496K, reserved 1048576K
}
Event: 3.468 GC heap before
{Heap before GC invocations=7 (full 0):
 garbage-first heap   total 61440K, used 44623K [0x000000008a800000, 0x0000000100000000)
  region size 1024K, 36 young (36864K), 1 survivors (1024K)
 Metaspace       used 23201K, committed 23424K, reserved 1114112K
  class space    used 2461K, committed 2560K, reserved 1048576K
}
Event: 3.474 GC heap after
{Heap after GC invocations=8 (full 0):
 garbage-first heap   total 61440K, used 11043K [0x000000008a800000, 0x0000000100000000)
  region size 1024K, 3 young (3072K), 3 survivors (3072K)
 Metaspace       used 23201K, committed 23424K, reserved 1114112K
  class space    used 2461K, committed 2560K, reserved 1048576K
}
Event: 3.960 GC heap before
{Heap before GC invocations=8 (full 0):
 garbage-first heap   total 61440K, used 44835K [0x000000008a800000, 0x0000000100000000)
  region size 1024K, 36 young (36864K), 3 survivors (3072K)
 Metaspace       used 24137K, committed 24384K, reserved 1114112K
  class space    used 2544K, committed 2624K, reserved 1048576K
}
Event: 3.969 GC heap after
{Heap after GC invocations=9 (full 0):
 garbage-first heap   total 61440K, used 12701K [0x000000008a800000, 0x0000000100000000)
  region size 1024K, 4 young (4096K), 4 survivors (4096K)
 Metaspace       used 24137K, committed 24384K, reserved 1114112K
  class space    used 2544K, committed 2624K, reserved 1048576K
}
Event: 4.746 GC heap before
{Heap before GC invocations=9 (full 0):
 garbage-first heap   total 61440K, used 44445K [0x000000008a800000, 0x0000000100000000)
  region size 1024K, 36 young (36864K), 4 survivors (4096K)
 Metaspace       used 28831K, committed 29056K, reserved 1114112K
  class space    used 3163K, committed 3264K, reserved 1048576K
}
Event: 4.756 GC heap after
{Heap after GC invocations=10 (full 0):
 garbage-first heap   total 61440K, used 14421K [0x000000008a800000, 0x0000000100000000)
  region size 1024K, 4 young (4096K), 4 survivors (4096K)
 Metaspace       used 28831K, committed 29056K, reserved 1114112K
  class space    used 3163K, committed 3264K, reserved 1048576K
}
Event: 5.441 GC heap before
{Heap before GC invocations=10 (full 0):
 garbage-first heap   total 61440K, used 46165K [0x000000008a800000, 0x0000000100000000)
  region size 1024K, 36 young (36864K), 4 survivors (4096K)
 Metaspace       used 32699K, committed 32896K, reserved 1114112K
  class space    used 3560K, committed 3648K, reserved 1048576K
}
Event: 5.455 GC heap after
{Heap after GC invocations=11 (full 0):
 garbage-first heap   total 73728K, used 23750K [0x000000008a800000, 0x0000000100000000)
  region size 1024K, 5 young (5120K), 5 survivors (5120K)
 Metaspace       used 32699K, committed 32896K, reserved 1114112K
  class space    used 3560K, committed 3648K, reserved 1048576K
}
Event: 5.928 GC heap before
{Heap before GC invocations=11 (full 0):
 garbage-first heap   total 73728K, used 51398K [0x000000008a800000, 0x0000000100000000)
  region size 1024K, 32 young (32768K), 5 survivors (5120K)
 Metaspace       used 32790K, committed 33024K, reserved 1114112K
  class space    used 3563K, committed 3648K, reserved 1048576K
}
Event: 5.944 GC heap after
{Heap after GC invocations=12 (full 0):
 garbage-first heap   total 73728K, used 32768K [0x000000008a800000, 0x0000000100000000)
  region size 1024K, 4 young (4096K), 4 survivors (4096K)
 Metaspace       used 32790K, committed 33024K, reserved 1114112K
  class space    used 3563K, committed 3648K, reserved 1048576K
}
Event: 6.232 GC heap before
{Heap before GC invocations=12 (full 0):
 garbage-first heap   total 73728K, used 51200K [0x000000008a800000, 0x0000000100000000)
  region size 1024K, 23 young (23552K), 4 survivors (4096K)
 Metaspace       used 33421K, committed 33664K, reserved 1114112K
  class space    used 3636K, committed 3712K, reserved 1048576K
}
Event: 6.243 GC heap after
{Heap after GC invocations=13 (full 0):
 garbage-first heap   total 73728K, used 36864K [0x000000008a800000, 0x0000000100000000)
  region size 1024K, 3 young (3072K), 3 survivors (3072K)
 Metaspace       used 33421K, committed 33664K, reserved 1114112K
  class space    used 3636K, committed 3712K, reserved 1048576K
}
Event: 6.283 GC heap before
{Heap before GC invocations=13 (full 0):
 garbage-first heap   total 73728K, used 38912K [0x000000008a800000, 0x0000000100000000)
  region size 1024K, 6 young (6144K), 3 survivors (3072K)
 Metaspace       used 33444K, committed 33664K, reserved 1114112K
  class space    used 3638K, committed 3712K, reserved 1048576K
}
Event: 6.290 GC heap after
{Heap after GC invocations=14 (full 0):
 garbage-first heap   total 73728K, used 37733K [0x000000008a800000, 0x0000000100000000)
  region size 1024K, 1 young (1024K), 1 survivors (1024K)
 Metaspace       used 33444K, committed 33664K, reserved 1114112K
  class space    used 3638K, committed 3712K, reserved 1048576K
}
Event: 6.489 GC heap before
{Heap before GC invocations=15 (full 0):
 garbage-first heap   total 73728K, used 55141K [0x000000008a800000, 0x0000000100000000)
  region size 1024K, 17 young (17408K), 1 survivors (1024K)
 Metaspace       used 33704K, committed 33984K, reserved 1114112K
  class space    used 3642K, committed 3712K, reserved 1048576K
}
Event: 6.500 GC heap after
{Heap after GC invocations=16 (full 0):
 garbage-first heap   total 89088K, used 41700K [0x000000008a800000, 0x0000000100000000)
  region size 1024K, 3 young (3072K), 3 survivors (3072K)
 Metaspace       used 33704K, committed 33984K, reserved 1114112K
  class space    used 3642K, committed 3712K, reserved 1048576K
}

Dll operation events (4 events):
Event: 0.011 Loaded shared library C:\Users\HP\.jdks\jbr-17.0.8.1\bin\java.dll
Event: 0.050 Loaded shared library C:\Users\HP\.jdks\jbr-17.0.8.1\bin\jsvml.dll
Event: 0.201 Loaded shared library C:\Users\HP\.jdks\jbr-17.0.8.1\bin\zip.dll
Event: 0.381 Loaded shared library C:\Users\HP\.jdks\jbr-17.0.8.1\bin\verify.dll

Deoptimization events (20 events):
Event: 6.177 Thread 0x0000029003c42c80 DEOPT PACKING pc=0x000002900f135070 sp=0x000000b2808fc8d0
Event: 6.177 Thread 0x0000029003c42c80 DEOPT UNPACKING pc=0x000002900e9869a3 sp=0x000000b2808fc920 mode 2
Event: 6.185 Thread 0x0000029003c42c80 Uncommon trap: trap_request=0xffffff45 fr.pc=0x000002900f13d840 relative=0x0000000000000a80
Event: 6.185 Thread 0x0000029003c42c80 Uncommon trap: reason=unstable_if action=reinterpret pc=0x000002900f13d840 method=com.sun.tools.javac.util.ArrayUtils.ensureCapacity([BI)[B @ 3 c2
Event: 6.185 Thread 0x0000029003c42c80 DEOPT PACKING pc=0x000002900f13d840 sp=0x000000b2808fcda0
Event: 6.185 Thread 0x0000029003c42c80 DEOPT UNPACKING pc=0x000002900e9869a3 sp=0x000000b2808fccc0 mode 2
Event: 6.195 Thread 0x0000029003c42c80 Uncommon trap: trap_request=0xffffff45 fr.pc=0x000002900f13bec8 relative=0x0000000000000048
Event: 6.195 Thread 0x0000029003c42c80 Uncommon trap: reason=unstable_if action=reinterpret pc=0x000002900f13bec8 method=com.sun.tools.javac.util.ArrayUtils.ensureCapacity([BI)[B @ 3 c2
Event: 6.195 Thread 0x0000029003c42c80 DEOPT PACKING pc=0x000002900f13bec8 sp=0x000000b2808fcaf0
Event: 6.195 Thread 0x0000029003c42c80 DEOPT UNPACKING pc=0x000002900e9869a3 sp=0x000000b2808fca78 mode 2
Event: 6.202 Thread 0x0000029003c42c80 DEOPT PACKING pc=0x0000029007e9a435 sp=0x000000b2808fc220
Event: 6.202 Thread 0x0000029003c42c80 DEOPT UNPACKING pc=0x000002900e987143 sp=0x000000b2808fb720 mode 0
Event: 6.342 Thread 0x0000029003c42c80 Uncommon trap: trap_request=0xffffffde fr.pc=0x000002900f1196a8 relative=0x0000000000002548
Event: 6.342 Thread 0x0000029003c42c80 Uncommon trap: reason=class_check action=maybe_recompile pc=0x000002900f1196a8 method=jdk.nio.zipfs.ZipFileSystem.getInode([B)Ljdk/nio/zipfs/ZipFileSystem$IndexNode; @ 9 c2
Event: 6.342 Thread 0x0000029003c42c80 DEOPT PACKING pc=0x000002900f1196a8 sp=0x000000b2808fbff0
Event: 6.342 Thread 0x0000029003c42c80 DEOPT UNPACKING pc=0x000002900e9869a3 sp=0x000000b2808fbec8 mode 2
Event: 6.388 Thread 0x0000029003c42c80 DEOPT PACKING pc=0x0000029007befb2d sp=0x000000b2808fcb70
Event: 6.388 Thread 0x0000029003c42c80 DEOPT UNPACKING pc=0x000002900e987143 sp=0x000000b2808fc050 mode 0
Event: 6.526 Thread 0x0000029003c42c80 DEOPT PACKING pc=0x0000029007f75870 sp=0x000000b2808fc760
Event: 6.526 Thread 0x0000029003c42c80 DEOPT UNPACKING pc=0x000002900e987143 sp=0x000000b2808fbc40 mode 0

Classes unloaded (0 events):
No events

Classes redefined (0 events):
No events

Internal exceptions (20 events):
Event: 6.533 Thread 0x0000029003c42c80 Exception <a 'sun/nio/fs/WindowsException'{0x0000000090f9e898}> (0x0000000090f9e898) 
thrown [s\src\hotspot\share\prims\jni.cpp, line 517]
Event: 6.533 Thread 0x0000029003c42c80 Exception <a 'sun/nio/fs/WindowsException'{0x0000000090f9ebb8}> (0x0000000090f9ebb8) 
thrown [s\src\hotspot\share\prims\jni.cpp, line 517]
Event: 6.538 Thread 0x0000029003c42c80 Exception <a 'sun/nio/fs/WindowsException'{0x0000000090fe8db8}> (0x0000000090fe8db8) 
thrown [s\src\hotspot\share\prims\jni.cpp, line 517]
Event: 6.538 Thread 0x0000029003c42c80 Exception <a 'sun/nio/fs/WindowsException'{0x0000000090fe9088}> (0x0000000090fe9088) 
thrown [s\src\hotspot\share\prims\jni.cpp, line 517]
Event: 6.538 Thread 0x0000029003c42c80 Exception <a 'sun/nio/fs/WindowsException'{0x0000000090feae38}> (0x0000000090feae38) 
thrown [s\src\hotspot\share\prims\jni.cpp, line 517]
Event: 6.538 Thread 0x0000029003c42c80 Exception <a 'sun/nio/fs/WindowsException'{0x0000000090feb0c8}> (0x0000000090feb0c8) 
thrown [s\src\hotspot\share\prims\jni.cpp, line 517]
Event: 6.539 Thread 0x0000029003c42c80 Exception <a 'sun/nio/fs/WindowsException'{0x0000000090fec948}> (0x0000000090fec948) 
thrown [s\src\hotspot\share\prims\jni.cpp, line 517]
Event: 6.539 Thread 0x0000029003c42c80 Exception <a 'sun/nio/fs/WindowsException'{0x0000000090fecc18}> (0x0000000090fecc18) 
thrown [s\src\hotspot\share\prims\jni.cpp, line 517]
Event: 6.539 Thread 0x0000029003c42c80 Exception <a 'sun/nio/fs/WindowsException'{0x0000000090feec70}> (0x0000000090feec70) 
thrown [s\src\hotspot\share\prims\jni.cpp, line 517]
Event: 6.539 Thread 0x0000029003c42c80 Exception <a 'sun/nio/fs/WindowsException'{0x0000000090feef68}> (0x0000000090feef68) 
thrown [s\src\hotspot\share\prims\jni.cpp, line 517]
Event: 6.539 Thread 0x0000029003c42c80 Exception <a 'sun/nio/fs/WindowsException'{0x0000000090fffd30}> (0x0000000090fffd30) 
thrown [s\src\hotspot\share\prims\jni.cpp, line 517]
Event: 6.539 Thread 0x0000029003c42c80 Exception <a 'sun/nio/fs/WindowsException'{0x0000000090e00218}> (0x0000000090e00218) 
thrown [s\src\hotspot\share\prims\jni.cpp, line 517]
Event: 6.540 Thread 0x0000029003c42c80 Exception <a 'sun/nio/fs/WindowsException'{0x0000000090e20940}> (0x0000000090e20940) 
thrown [s\src\hotspot\share\prims\jni.cpp, line 517]
Event: 6.540 Thread 0x0000029003c42c80 Exception <a 'sun/nio/fs/WindowsException'{0x0000000090e20c30}> (0x0000000090e20c30) 
thrown [s\src\hotspot\share\prims\jni.cpp, line 517]
Event: 6.543 Thread 0x0000029003c42c80 Exception <a 'sun/nio/fs/WindowsException'{0x0000000090e451a0}> (0x0000000090e451a0) 
thrown [s\src\hotspot\share\prims\jni.cpp, line 517]
Event: 6.543 Thread 0x0000029003c42c80 Exception <a 'sun/nio/fs/WindowsException'{0x0000000090e454b0}> (0x0000000090e454b0) 
thrown [s\src\hotspot\share\prims\jni.cpp, line 517]
Event: 6.544 Thread 0x0000029003c42c80 Exception <a 'sun/nio/fs/WindowsException'{0x0000000090e8c9d8}> (0x0000000090e8c9d8) 
thrown [s\src\hotspot\share\prims\jni.cpp, line 517]
Event: 6.544 Thread 0x0000029003c42c80 Exception <a 'sun/nio/fs/WindowsException'{0x0000000090e8cc98}> (0x0000000090e8cc98) 
thrown [s\src\hotspot\share\prims\jni.cpp, line 517]
Event: 6.547 Thread 0x0000029003c42c80 Exception <a 'sun/nio/fs/WindowsException'{0x000000008fa30c10}> (0x000000008fa30c10) 
thrown [s\src\hotspot\share\prims\jni.cpp, line 517]
Event: 6.547 Thread 0x0000029003c42c80 Exception <a 'sun/nio/fs/WindowsException'{0x000000008fa30f10}> (0x000000008fa30f10) 
thrown [s\src\hotspot\share\prims\jni.cpp, line 517]

VM Operations (20 events):
Event: 5.349 Executing VM operation: HandshakeAllThreads
Event: 5.350 Executing VM operation: HandshakeAllThreads done
Event: 5.441 Executing VM operation: G1CollectForAllocation
Event: 5.455 Executing VM operation: G1CollectForAllocation done
Event: 5.928 Executing VM operation: G1CollectForAllocation
Event: 5.944 Executing VM operation: G1CollectForAllocation done
Event: 6.106 Executing VM operation: HandshakeAllThreads
Event: 6.106 Executing VM operation: HandshakeAllThreads done
Event: 6.215 Executing VM operation: ICBufferFull
Event: 6.216 Executing VM operation: ICBufferFull done
Event: 6.232 Executing VM operation: G1CollectForAllocation
Event: 6.243 Executing VM operation: G1CollectForAllocation done
Event: 6.282 Executing VM operation: G1TryInitiateConcMark
Event: 6.290 Executing VM operation: G1TryInitiateConcMark done
Event: 6.318 Executing VM operation: G1PauseRemark
Event: 6.325 Executing VM operation: G1PauseRemark done
Event: 6.337 Executing VM operation: G1PauseCleanup
Event: 6.337 Executing VM operation: G1PauseCleanup done
Event: 6.488 Executing VM operation: G1CollectForAllocation
Event: 6.500 Executing VM operation: G1CollectForAllocation done

Events (20 events):
Event: 5.965 loading class java/util/stream/Node$OfPrimitive
Event: 5.965 loading class java/util/stream/Node$OfPrimitive done
Event: 5.965 loading class java/util/stream/Node$OfInt done
Event: 5.965 loading class java/util/stream/Nodes$EmptyNode$OfInt done
Event: 5.965 loading class java/util/stream/Nodes$EmptyNode$OfLong
Event: 5.965 loading class java/util/stream/Node$OfLong
Event: 5.966 loading class java/util/stream/Node$OfLong done
Event: 5.966 loading class java/util/stream/Nodes$EmptyNode$OfLong done
Event: 5.966 loading class java/util/stream/Nodes$EmptyNode$OfDouble
Event: 5.966 loading class java/util/stream/Node$OfDouble
Event: 5.966 loading class java/util/stream/Node$OfDouble done
Event: 5.966 loading class java/util/stream/Nodes$EmptyNode$OfDouble done
Event: 5.966 loading class java/util/stream/Nodes$SpinedNodeBuilder
Event: 5.966 loading class java/util/stream/Node$Builder
Event: 5.966 loading class java/util/stream/Node$Builder done
Event: 5.966 loading class java/util/stream/Nodes$SpinedNodeBuilder done
Event: 6.105 loading class jdk/internal/jimage/ImageReader$LinkNode
Event: 6.105 loading class jdk/internal/jimage/ImageReader$LinkNode done
Event: 6.120 loading class java/nio/file/FileTreeWalker$1
Event: 6.120 loading class java/nio/file/FileTreeWalker$1 done


Dynamic libraries:
0x00007ff61e440000 - 0x00007ff61e44a000 	C:\Users\HP\.jdks\jbr-17.0.8.1\bin\java.exe
0x00007ff9672d0000 - 0x00007ff9674e6000 	C:\WINDOWS\SYSTEM32\ntdll.dll
0x00007ff966b30000 - 0x00007ff966bf4000 	C:\WINDOWS\System32\KERNEL32.DLL
0x00007ff964760000 - 0x00007ff964b07000 	C:\WINDOWS\System32\KERNELBASE.dll
0x00007ff964d00000 - 0x00007ff964e11000 	C:\WINDOWS\System32\ucrtbase.dll
0x00007ff920530000 - 0x00007ff92054b000 	C:\Users\HP\.jdks\jbr-17.0.8.1\bin\VCRUNTIME140.dll
0x00007ff9239e0000 - 0x00007ff9239f7000 	C:\Users\HP\.jdks\jbr-17.0.8.1\bin\jli.dll
0x00007ff9658f0000 - 0x00007ff965a9e000 	C:\WINDOWS\System32\USER32.dll
0x00007ff964f10000 - 0x00007ff964f36000 	C:\WINDOWS\System32\win32u.dll
0x00007ff95c2c0000 - 0x00007ff95c553000 	C:\WINDOWS\WinSxS\amd64_microsoft.windows.common-controls_6595b64144ccf1df_6.0.22621.3235_none_270f74e173860f98\COMCTL32.dll
0x00007ff967260000 - 0x00007ff967289000 	C:\WINDOWS\System32\GDI32.dll
0x00007ff965070000 - 0x00007ff965117000 	C:\WINDOWS\System32\msvcrt.dll
0x00007ff964b10000 - 0x00007ff964c29000 	C:\WINDOWS\System32\gdi32full.dll
0x00007ff964c60000 - 0x00007ff964cfa000 	C:\WINDOWS\System32\msvcp_win.dll
0x00007ff966df0000 - 0x00007ff966e21000 	C:\WINDOWS\System32\IMM32.DLL
0x00007ff9238d0000 - 0x00007ff9238dc000 	C:\Users\HP\.jdks\jbr-17.0.8.1\bin\vcruntime140_1.dll
0x00007ff913360000 - 0x00007ff9133ed000 	C:\Users\HP\.jdks\jbr-17.0.8.1\bin\msvcp140.dll
0x00007ff90a670000 - 0x00007ff90b2f3000 	C:\Users\HP\.jdks\jbr-17.0.8.1\bin\server\jvm.dll
0x00007ff9670f0000 - 0x00007ff9671a2000 	C:\WINDOWS\System32\ADVAPI32.dll
0x00007ff966c00000 - 0x00007ff966ca8000 	C:\WINDOWS\System32\sechost.dll
0x00007ff964c30000 - 0x00007ff964c58000 	C:\WINDOWS\System32\bcrypt.dll
0x00007ff966cb0000 - 0x00007ff966dc5000 	C:\WINDOWS\System32\RPCRT4.dll
0x00007ff9644c0000 - 0x00007ff96450d000 	C:\WINDOWS\SYSTEM32\POWRPROF.dll
0x00007ff92fda0000 - 0x00007ff92fda9000 	C:\WINDOWS\SYSTEM32\WSOCK32.dll
0x00007ff967070000 - 0x00007ff9670e1000 	C:\WINDOWS\System32\WS2_32.dll
0x00007ff95c790000 - 0x00007ff95c7c4000 	C:\WINDOWS\SYSTEM32\WINMM.dll
0x00007ff95c7d0000 - 0x00007ff95c7da000 	C:\WINDOWS\SYSTEM32\VERSION.dll
0x00007ff9644a0000 - 0x00007ff9644b3000 	C:\WINDOWS\SYSTEM32\UMPDC.dll
0x00007ff9635f0000 - 0x00007ff963608000 	C:\WINDOWS\SYSTEM32\kernel.appcore.dll
0x00007ff920900000 - 0x00007ff92090a000 	C:\Users\HP\.jdks\jbr-17.0.8.1\bin\jimage.dll
0x00007ff95ba10000 - 0x00007ff95bc43000 	C:\WINDOWS\SYSTEM32\DBGHELP.DLL
0x00007ff965b00000 - 0x00007ff965e88000 	C:\WINDOWS\System32\combase.dll
0x00007ff965f70000 - 0x00007ff966047000 	C:\WINDOWS\System32\OLEAUT32.dll
0x00007ff95aa40000 - 0x00007ff95aa72000 	C:\WINDOWS\SYSTEM32\dbgcore.DLL
0x00007ff964e20000 - 0x00007ff964e99000 	C:\WINDOWS\System32\bcryptPrimitives.dll
0x00007ff95f890000 - 0x00007ff95f89e000 	C:\Users\HP\.jdks\jbr-17.0.8.1\bin\instrument.dll
0x00007ff91f450000 - 0x00007ff91f475000 	C:\Users\HP\.jdks\jbr-17.0.8.1\bin\java.dll
0x00007ff91f430000 - 0x00007ff91f448000 	C:\Users\HP\.jdks\jbr-17.0.8.1\bin\zip.dll
0x00007ff912170000 - 0x00007ff912247000 	C:\Users\HP\.jdks\jbr-17.0.8.1\bin\jsvml.dll
0x00007ff9662c0000 - 0x00007ff966b1c000 	C:\WINDOWS\System32\SHELL32.dll
0x00007ff962500000 - 0x00007ff962df9000 	C:\WINDOWS\SYSTEM32\windows.storage.dll
0x00007ff9623c0000 - 0x00007ff9624fe000 	C:\WINDOWS\SYSTEM32\wintypes.dll
0x00007ff966060000 - 0x00007ff966153000 	C:\WINDOWS\System32\SHCORE.dll
0x00007ff965aa0000 - 0x00007ff965afe000 	C:\WINDOWS\System32\shlwapi.dll
0x00007ff964520000 - 0x00007ff964541000 	C:\WINDOWS\SYSTEM32\profapi.dll
0x00007ff91f410000 - 0x00007ff91f429000 	C:\Users\HP\.jdks\jbr-17.0.8.1\bin\net.dll
0x00007ff95dee0000 - 0x00007ff95e016000 	C:\WINDOWS\SYSTEM32\WINHTTP.dll
0x00007ff963a60000 - 0x00007ff963ac9000 	C:\WINDOWS\system32\mswsock.dll
0x00007ff91d3e0000 - 0x00007ff91d3f6000 	C:\Users\HP\.jdks\jbr-17.0.8.1\bin\nio.dll
0x00007ff953010000 - 0x00007ff95302a000 	C:\Program Files\JetBrains\IntelliJ IDEA Community Edition 2023.1\bin\breakgen64.dll
0x00007ff91d780000 - 0x00007ff91d790000 	C:\Users\HP\.jdks\jbr-17.0.8.1\bin\verify.dll
0x00007ff963c60000 - 0x00007ff963c7b000 	C:\WINDOWS\SYSTEM32\CRYPTSP.dll
0x00007ff963550000 - 0x00007ff963585000 	C:\WINDOWS\system32\rsaenh.dll
0x00007ff963b00000 - 0x00007ff963b28000 	C:\WINDOWS\SYSTEM32\USERENV.dll
0x00007ff963c80000 - 0x00007ff963c8c000 	C:\WINDOWS\SYSTEM32\CRYPTBASE.dll
0x00007ff963050000 - 0x00007ff96307d000 	C:\WINDOWS\SYSTEM32\IPHLPAPI.DLL
0x00007ff965000000 - 0x00007ff965009000 	C:\WINDOWS\System32\NSI.dll
0x00007ff95dd30000 - 0x00007ff95dd49000 	C:\WINDOWS\SYSTEM32\dhcpcsvc6.DLL
0x00007ff95dc10000 - 0x00007ff95dc2f000 	C:\WINDOWS\SYSTEM32\dhcpcsvc.DLL
0x00007ff963080000 - 0x00007ff963179000 	C:\WINDOWS\SYSTEM32\DNSAPI.dll
0x00007ff95f8d0000 - 0x00007ff95f8da000 	C:\Users\HP\AppData\Local\Temp\jansi-1.17.1-12298975948509348451.dll

dbghelp: loaded successfully - version: 4.0.5 - missing functions: none
symbol engine: initialized successfully - sym options: 0x614 - pdb path: .;C:\Users\HP\.jdks\jbr-17.0.8.1\bin;C:\WINDOWS\SYSTEM32;C:\WINDOWS\WinSxS\amd64_microsoft.windows.common-controls_6595b64144ccf1df_6.0.22621.3235_none_270f74e173860f98;C:\Users\HP\.jdks\jbr-17.0.8.1\bin\server;C:\Program Files\JetBrains\IntelliJ IDEA Community Edition 2023.1\bin;C:\Users\HP\AppData\Local\Temp

VM Arguments:
jvm_args: -Dmaven.multiModuleProjectDirectory=C:\Users\HP\Desktop\demo1\NovaFxInsurrance -Djansi.passthrough=true -Dmaven.home=C:\Program Files\JetBrains\IntelliJ IDEA Community Edition 2023.1\plugins\maven\lib\maven3 -Dclassworlds.conf=C:\Program Files\JetBrains\IntelliJ IDEA Community Edition 2023.1\plugins\maven\lib\maven3\bin\m2.conf -Dmaven.ext.class.path=C:\Program Files\JetBrains\IntelliJ IDEA Community Edition 2023.1\plugins\maven\lib\maven-event-listener.jar -javaagent:C:\Program Files\JetBrains\IntelliJ IDEA Community Edition 2023.1\lib\idea_rt.jar=51864:C:\Program Files\JetBrains\IntelliJ IDEA Community Edition 2023.1\bin -Dfile.encoding=UTF-8 
java_command: org.codehaus.classworlds.Launcher -Didea.version=2023.1 org.openjfx:javafx-maven-plugin:0.0.8:run
java_class_path (initial): C:\Program Files\JetBrains\IntelliJ IDEA Community Edition 2023.1\plugins\maven\lib\maven3\boot\plexus-classworlds-2.6.0.jar;C:\Program Files\JetBrains\IntelliJ IDEA Community Edition 2023.1\plugins\maven\lib\maven3\boot\plexus-classworlds.license
Launcher Type: SUN_STANDARD

[Global flags]
     intx CICompilerCount                          = 4                                         {product} {ergonomic}
     uint ConcGCThreads                            = 3                                         {product} {ergonomic}
     uint G1ConcRefinementThreads                  = 10                                        {product} {ergonomic}
   size_t G1HeapRegionSize                         = 1048576                                   {product} {ergonomic}
    uintx GCDrainStackTargetSize                   = 64                                        {product} {ergonomic}
   size_t InitialHeapSize                          = 123731968                                 {product} {ergonomic}
   size_t MarkStackSize                            = 4194304                                   {product} {ergonomic}
   size_t MaxHeapSize                              = 1971322880                                {product} {ergonomic}
   size_t MaxNewSize                               = 1182793728                                {product} {ergonomic}
   size_t MinHeapDeltaBytes                        = 1048576                                   {product} {ergonomic}
   size_t MinHeapSize                              = 8388608                                   {product} {ergonomic}
    uintx NonNMethodCodeHeapSize                   = 5839372                                {pd product} {ergonomic}
    uintx NonProfiledCodeHeapSize                  = 122909434                              {pd product} {ergonomic}
    uintx ProfiledCodeHeapSize                     = 122909434                              {pd product} {ergonomic}
    uintx ReservedCodeCacheSize                    = 251658240                              {pd product} {ergonomic}
     bool SegmentedCodeCache                       = true                                      {product} {ergonomic}
   size_t SoftMaxHeapSize                          = 1971322880                             {manageable} {ergonomic}
     bool UseCompressedClassPointers               = true                           {product lp64_product} {ergonomic}
     bool UseCompressedOops                        = true                           {product lp64_product} {ergonomic}
     bool UseG1GC                                  = true                                      {product} {ergonomic}
     bool UseLargePagesIndividualAllocation        = false                                  {pd product} {ergonomic}

Logging:
Log output configuration:
 #0: stdout all=warning uptime,level,tags
 #1: stderr all=off uptime,level,tags

Environment Variables:
JAVA_HOME=C:\Program Files\Java\jdk-20
PATH=C:\Program Files (x86)\Common Files\Oracle\Java\javapath;C:\Program Files\Common Files\Oracle\Java\javapath;C:\oraclexe\app\oracle\product\11.2.0\server\bin;C:\WINDOWS\system32;C:\WINDOWS;C:\WINDOWS\System32\Wbem;C:\WINDOWS\System32\WindowsPowerShell\v1.0\;C:\WINDOWS\System32\OpenSSH\;C:\Strawberry\c\bin;C:\Strawberry\perl\site\bin;C:\Strawberry\perl\bin;C:\instantclient12_2;C:\oraclexe\app\oracle\admin\XE;C:\oraclexe;C:\Program Files (x86)\Git\cmd;C:\ProgramData\chocolatey\bin;C:\Program Files\nodejs\;C:\Users\HP\.jdks\jbr-17.0.8.1\bin;C:\composer;C:\Program Files (x86)\CodeBlocks\MinGW\bin;C:\Program Files (x86)\GnuWin32\bin;C:\Program Files\Microsoft SQL Server\150\Tools\Binn\;C:\Program Files\Microsoft SQL Server\Client SDK\ODBC\170\Tools\Binn\;C:\Program Files\dotnet\;C:\xampp\php;C:\Program Files\Docker\Docker\resources\bin;C:\Users\HP\Desktop\3eme\Pidev\apache-maven-3.9.6;C:\Users\HP\Downloads\apache-maven-3.9.6-bin\apache-maven-3.9.6\bin;C:\Users\HP\scoop\shims;C:\Users\HP\Downloads\jdk-20_windows-x64_bin.zip\jdk-20.0.1\bin;C:\Users\HP\AppData\Roaming\npm;C:\Users\HP\AppData\Local\Programs\Microsoft VS Code\bin;C:\Users\HP\AppData\Roaming\Composer\vendor\bin;C:\Users\HP\.dotnet\tools;C:\stripe_1.19.2_windows_x86_64\stripe.exe;C:\Users\HP\Desktop\3eme\Pidev\apache-maven-3.9.6;
USERNAME=HP
OS=Windows_NT
PROCESSOR_IDENTIFIER=AMD64 Family 25 Model 80 Stepping 0, AuthenticAMD
TMP=C:\Users\HP\AppData\Local\Temp
TEMP=C:\Users\HP\AppData\Local\Temp


JNI global refs:
JNI global refs: 19, weak refs: 29

JNI global refs memory usage: 843, weak refs: 841

OOME stack traces (most recent first):
Classloader memory used:
