#
# There is insufficient memory for the Java Runtime Environment to continue.
# Native memory allocation (malloc) failed to allocate 468176 bytes for Chunk::new
# Possible reasons:
#   The system is out of physical RAM or swap space
#   The process is running with CompressedOops enabled, and the Java Heap may be blocking the growth of the native heap
# Possible solutions:
#   Reduce memory load on the system
#   Increase physical memory or swap space
#   Check if swap backing store is full
#   Decrease Java heap size (-Xmx/-Xms)
#   Decrease number of Java threads
#   Decrease Java thread stack sizes (-Xss)
#   Set larger code cache with -XX:ReservedCodeCacheSize=
#   JVM is running with Unscaled Compressed Oops mode in which the Java heap is
#     placed in the first 4GB address space. The Java Heap base address is the
#     maximum limit for the native heap growth. Please use -XX:HeapBaseMinAddress
#     to set the Java Heap base and to place the Java Heap above 4GB virtual address.
# This output file may be truncated or incomplete.
#
#  Out of Memory Error (arena.cpp:189), pid=1476, tid=16524
#
# JRE version: OpenJDK Runtime Environment JBR-17.0.8.1+7-1059.3-nomod (17.0.8.1+7) (build 17.0.8.1+7-b1059.3)
# Java VM: OpenJDK 64-Bit Server VM JBR-17.0.8.1+7-1059.3-nomod (17.0.8.1+7-b1059.3, mixed mode, tiered, compressed oops, compressed class ptrs, g1 gc, windows-amd64)
# No core dump will be written. Minidumps are not enabled by default on client versions of Windows
#

---------------  S U M M A R Y ------------

Command Line: -Dmaven.multiModuleProjectDirectory=C:\Users\HP\Desktop\demo1\NovaFxInsurrance -Djansi.passthrough=true -Dmaven.home=C:\Program Files\JetBrains\IntelliJ IDEA Community Edition 2023.1\plugins\maven\lib\maven3 -Dclassworlds.conf=C:\Program Files\JetBrains\IntelliJ IDEA Community Edition 2023.1\plugins\maven\lib\maven3\bin\m2.conf -Dmaven.ext.class.path=C:\Program Files\JetBrains\IntelliJ IDEA Community Edition 2023.1\plugins\maven\lib\maven-event-listener.jar -javaagent:C:\Program Files\JetBrains\IntelliJ IDEA Community Edition 2023.1\lib\idea_rt.jar=51842:C:\Program Files\JetBrains\IntelliJ IDEA Community Edition 2023.1\bin -Dfile.encoding=UTF-8 org.codehaus.classworlds.Launcher -Didea.version=2023.1 org.openjfx:javafx-maven-plugin:0.0.8:run

Host: AMD Ryzen 5 5600H with Radeon Graphics         , 12 cores, 7G,  Windows 11 , 64 bit Build 22621 (10.0.22621.3374)
Time: Thu May  9 21:58:25 2024 Afr. centrale Ouest elapsed time: 6.519303 seconds (0d 0h 0m 6s)

---------------  T H R E A D  ---------------

Current thread (0x000001e6ea8d8040):  JavaThread "C2 CompilerThread1" daemon [_thread_in_native, id=16524, stack(0x0000009fabc00000,0x0000009fabd00000)]


Current CompileTask:
C2:   6519 4967       4       jdk.nio.zipfs.ZipFileSystem::makeParentDirs (141 bytes)

Stack: [0x0000009fabc00000,0x0000009fabd00000]
Native frames: (J=compiled Java code, j=interpreted, Vv=VM code, C=native code)
V  [jvm.dll+0x6852da]
V  [jvm.dll+0x844ad4]
V  [jvm.dll+0x8463ee]
V  [jvm.dll+0x846a53]
V  [jvm.dll+0x24b7cf]
V  [jvm.dll+0xac3bc]
V  [jvm.dll+0xac98c]
V  [jvm.dll+0x36af97]
V  [jvm.dll+0x3352b1]
V  [jvm.dll+0x33475a]
V  [jvm.dll+0x21d7f1]
V  [jvm.dll+0x21cc11]
V  [jvm.dll+0x1a660d]
V  [jvm.dll+0x22c9c8]
V  [jvm.dll+0x22a990]
V  [jvm.dll+0x7f9b8c]
V  [jvm.dll+0x7f3faa]
V  [jvm.dll+0x684165]
C  [ucrtbase.dll+0x29333]
C  [KERNEL32.DLL+0x1257d]
C  [ntdll.dll+0x5aa48]


---------------  P R O C E S S  ---------------

Threads class SMR info:
_java_thread_list=0x000001e6ea8aff90, length=14, elements={
0x000001e6d04a4bd0, 0x000001e6ea416e20, 0x000001e6ea418240, 0x000001e6ea59d480,
0x000001e6ea59da50, 0x000001e6ea59e410, 0x000001e6ea59edd0, 0x000001e6ea5a2fc0,
0x000001e6ea5a39c0, 0x000001e6ea5a55c0, 0x000001e6ea6bc680, 0x000001e6ea6bad30,
0x000001e6ea6bb240, 0x000001e6ea8d8040
}

Java Threads: ( => current thread )
  0x000001e6d04a4bd0 JavaThread "main" [_thread_in_native_trans, id=10764, stack(0x0000009faa800000,0x0000009faa900000)]
  0x000001e6ea416e20 JavaThread "Reference Handler" daemon [_thread_blocked, id=15812, stack(0x0000009faaf00000,0x0000009fab000000)]
  0x000001e6ea418240 JavaThread "Finalizer" daemon [_thread_blocked, id=18556, stack(0x0000009fab000000,0x0000009fab100000)]
  0x000001e6ea59d480 JavaThread "Signal Dispatcher" daemon [_thread_blocked, id=20908, stack(0x0000009fab100000,0x0000009fab200000)]
  0x000001e6ea59da50 JavaThread "Attach Listener" daemon [_thread_blocked, id=16084, stack(0x0000009fab200000,0x0000009fab300000)]
  0x000001e6ea59e410 JavaThread "Service Thread" daemon [_thread_blocked, id=11764, stack(0x0000009fab300000,0x0000009fab400000)]
  0x000001e6ea59edd0 JavaThread "Monitor Deflation Thread" daemon [_thread_blocked, id=19788, stack(0x0000009fab400000,0x0000009fab500000)]
  0x000001e6ea5a2fc0 JavaThread "C2 CompilerThread0" daemon [_thread_in_native, id=19872, stack(0x0000009fab500000,0x0000009fab600000)]
  0x000001e6ea5a39c0 JavaThread "C1 CompilerThread0" daemon [_thread_blocked, id=6668, stack(0x0000009fab600000,0x0000009fab700000)]
  0x000001e6ea5a55c0 JavaThread "Sweeper thread" daemon [_thread_blocked, id=15160, stack(0x0000009fab700000,0x0000009fab800000)]
  0x000001e6ea6bc680 JavaThread "Common-Cleaner" daemon [_thread_blocked, id=16800, stack(0x0000009fab800000,0x0000009fab900000)]
  0x000001e6ea6bad30 JavaThread "Monitor Ctrl-Break" daemon [_thread_in_native, id=18488, stack(0x0000009fab900000,0x0000009faba00000)]
  0x000001e6ea6bb240 JavaThread "Notification Thread" daemon [_thread_blocked, id=14880, stack(0x0000009faba00000,0x0000009fabb00000)]
=>0x000001e6ea8d8040 JavaThread "C2 CompilerThread1" daemon [_thread_in_native, id=16524, stack(0x0000009fabc00000,0x0000009fabd00000)]

Other Threads:
  0x000001e6ea413b50 VMThread "VM Thread" [stack: 0x0000009faae00000,0x0000009faaf00000] [id=21416]
  0x000001e6d050f840 WatcherThread [stack: 0x0000009fabb00000,0x0000009fabc00000] [id=14072]
  0x000001e6d04fb500 GCTaskThread "GC Thread#0" [stack: 0x0000009faa900000,0x0000009faaa00000] [id=21936]
  0x000001e6ef7a3630 GCTaskThread "GC Thread#1" [stack: 0x0000009fabd00000,0x0000009fabe00000] [id=16888]
  0x000001e6ef91d5e0 GCTaskThread "GC Thread#2" [stack: 0x0000009fabe00000,0x0000009fabf00000] [id=15352]
  0x000001e6ef72a960 GCTaskThread "GC Thread#3" [stack: 0x0000009fabf00000,0x0000009fac000000] [id=17620]
  0x000001e6ef644b60 GCTaskThread "GC Thread#4" [stack: 0x0000009fac000000,0x0000009fac100000] [id=22320]
  0x000001e6ef644e20 GCTaskThread "GC Thread#5" [stack: 0x0000009fac100000,0x0000009fac200000] [id=15884]
  0x000001e6ef840b70 GCTaskThread "GC Thread#6" [stack: 0x0000009fac200000,0x0000009fac300000] [id=15840]
  0x000001e6ef8412b0 GCTaskThread "GC Thread#7" [stack: 0x0000009fac300000,0x0000009fac400000] [id=22368]
  0x000001e6ef841570 GCTaskThread "GC Thread#8" [stack: 0x0000009fac400000,0x0000009fac500000] [id=3088]
  0x000001e6ef84eee0 GCTaskThread "GC Thread#9" [stack: 0x0000009fac500000,0x0000009fac600000] [id=14068]
  0x000001e6ce3dda50 ConcurrentGCThread "G1 Main Marker" [stack: 0x0000009faaa00000,0x0000009faab00000] [id=20756]
  0x000001e6ce3dec00 ConcurrentGCThread "G1 Conc#0" [stack: 0x0000009faab00000,0x0000009faac00000] [id=9972]
  0x000001e6efa14f90 ConcurrentGCThread "G1 Conc#1" [stack: 0x0000009fac600000,0x0000009fac700000] [id=972]
  0x000001e6efdf4520 ConcurrentGCThread "G1 Conc#2" [stack: 0x0000009fac700000,0x0000009fac800000] [id=21688]
  0x000001e6ea2684f0 ConcurrentGCThread "G1 Refine#0" [stack: 0x0000009faac00000,0x0000009faad00000] [id=1704]
  0x000001e6f0221790 ConcurrentGCThread "G1 Refine#1" [stack: 0x0000009fac800000,0x0000009fac900000] [id=15972]
  0x000001e6f0222c20 ConcurrentGCThread "G1 Refine#2" [stack: 0x0000009fac900000,0x0000009faca00000] [id=2648]
  0x000001e6f0222350 ConcurrentGCThread "G1 Refine#3" [stack: 0x0000009faca00000,0x0000009facb00000] [id=22496]
  0x000001e6f0221d70 ConcurrentGCThread "G1 Refine#4" [stack: 0x0000009facb00000,0x0000009facc00000] [id=2244]
  0x000001e6ea268e30 ConcurrentGCThread "G1 Service" [stack: 0x0000009faad00000,0x0000009faae00000] [id=13736]

Threads with active compile tasks:
C2 CompilerThread0     6650 4970       4       jdk.nio.zipfs.ZipFileSystem::getInode (36 bytes)
C2 CompilerThread1     6650 4967       4       jdk.nio.zipfs.ZipFileSystem::makeParentDirs (141 bytes)

VM state: not at safepoint (normal execution)

VM Mutex/Monitor currently owned by a thread: None

Heap address: 0x000000008a800000, size: 1880 MB, Compressed Oops mode: 32-bit

CDS archive(s) not mapped
Compressed class space mapped at: 0x0000000100000000-0x0000000140000000, reserved size: 1073741824
Narrow klass base: 0x0000000000000000, Narrow klass shift: 3, Narrow klass range: 0x140000000

GC Precious Log:
 CPUs: 12 total, 12 available
 Memory: 7519M
 Large Page Support: Disabled
 NUMA Support: Disabled
 Compressed Oops: Enabled (32-bit)
 Heap Region Size: 1M
 Heap Min Capacity: 8M
 Heap Initial Capacity: 118M
 Heap Max Capacity: 1880M
 Pre-touch: Disabled
 Parallel Workers: 10
 Concurrent Workers: 3
 Concurrent Refinement Workers: 10
 Periodic GC: Disabled

Heap:
 garbage-first heap   total 61440K, used 39839K [0x000000008a800000, 0x0000000100000000)
  region size 1024K, 22 young (22528K), 5 survivors (5120K)
 Metaspace       used 32804K, committed 33088K, reserved 1114112K
  class space    used 3565K, committed 3648K, reserved 1048576K

Heap Regions: E=young(eden), S=young(survivor), O=old, HS=humongous(starts), HC=humongous(continues), CS=collection set, F=free, OA=open archive, CA=closed archive, TAMS=top-at-mark-start (previous, next)
|   0|0x000000008a800000, 0x000000008a900000, 0x000000008a900000|100%| O|  |TAMS 0x000000008a900000, 0x000000008a800000| Untracked 
|   1|0x000000008a900000, 0x000000008aa00000, 0x000000008aa00000|100%| O|  |TAMS 0x000000008aa00000, 0x000000008a900000| Untracked 
|   2|0x000000008aa00000, 0x000000008ab00000, 0x000000008ab00000|100%| O|  |TAMS 0x000000008ab00000, 0x000000008aa00000| Untracked 
|   3|0x000000008ab00000, 0x000000008ac00000, 0x000000008ac00000|100%| O|  |TAMS 0x000000008ac00000, 0x000000008ab00000| Untracked 
|   4|0x000000008ac00000, 0x000000008ad00000, 0x000000008ad00000|100%| O|  |TAMS 0x000000008ac00000, 0x000000008ac00000| Untracked 
|   5|0x000000008ad00000, 0x000000008ae00000, 0x000000008ae00000|100%| O|  |TAMS 0x000000008ad00000, 0x000000008ad00000| Untracked 
|   6|0x000000008ae00000, 0x000000008af00000, 0x000000008af00000|100%| O|  |TAMS 0x000000008ae00000, 0x000000008ae00000| Untracked 
|   7|0x000000008af00000, 0x000000008b000000, 0x000000008b000000|100%| O|  |TAMS 0x000000008af00000, 0x000000008af00000| Untracked 
|   8|0x000000008b000000, 0x000000008b100000, 0x000000008b100000|100%| O|  |TAMS 0x000000008b000000, 0x000000008b000000| Untracked 
|   9|0x000000008b100000, 0x000000008b200000, 0x000000008b200000|100%| O|  |TAMS 0x000000008b100000, 0x000000008b100000| Untracked 
|  10|0x000000008b200000, 0x000000008b300000, 0x000000008b300000|100%| O|  |TAMS 0x000000008b200000, 0x000000008b200000| Untracked 
|  11|0x000000008b300000, 0x000000008b400000, 0x000000008b400000|100%| O|  |TAMS 0x000000008b300000, 0x000000008b300000| Untracked 
|  12|0x000000008b400000, 0x000000008b500000, 0x000000008b500000|100%| O|  |TAMS 0x000000008b400000, 0x000000008b400000| Untracked 
|  13|0x000000008b500000, 0x000000008b600000, 0x000000008b600000|100%| O|  |TAMS 0x000000008b500000, 0x000000008b500000| Untracked 
|  14|0x000000008b600000, 0x000000008b700000, 0x000000008b700000|100%| O|  |TAMS 0x000000008b600000, 0x000000008b600000| Untracked 
|  15|0x000000008b700000, 0x000000008b800000, 0x000000008b800000|100%| O|  |TAMS 0x000000008b700000, 0x000000008b700000| Untracked 
|  16|0x000000008b800000, 0x000000008b900000, 0x000000008b900000|100%| O|  |TAMS 0x000000008b800000, 0x000000008b800000| Untracked 
|  17|0x000000008b900000, 0x000000008b9e7e00, 0x000000008ba00000| 90%| O|  |TAMS 0x000000008b900000, 0x000000008b900000| Untracked 
|  18|0x000000008ba00000, 0x000000008ba00000, 0x000000008bb00000|  0%| F|  |TAMS 0x000000008ba00000, 0x000000008ba00000| Untracked 
|  19|0x000000008bb00000, 0x000000008bb00000, 0x000000008bc00000|  0%| F|  |TAMS 0x000000008bb00000, 0x000000008bb00000| Untracked 
|  20|0x000000008bc00000, 0x000000008bd00000, 0x000000008bd00000|100%| S|CS|TAMS 0x000000008bc00000, 0x000000008bc00000| Complete 
|  21|0x000000008bd00000, 0x000000008be00000, 0x000000008be00000|100%| S|CS|TAMS 0x000000008bd00000, 0x000000008bd00000| Complete 
|  22|0x000000008be00000, 0x000000008bf00000, 0x000000008bf00000|100%| S|CS|TAMS 0x000000008be00000, 0x000000008be00000| Complete 
|  23|0x000000008bf00000, 0x000000008c000000, 0x000000008c000000|100%| S|CS|TAMS 0x000000008bf00000, 0x000000008bf00000| Complete 
|  24|0x000000008c000000, 0x000000008c000000, 0x000000008c100000|  0%| F|  |TAMS 0x000000008c000000, 0x000000008c000000| Untracked 
|  25|0x000000008c100000, 0x000000008c100000, 0x000000008c200000|  0%| F|  |TAMS 0x000000008c100000, 0x000000008c100000| Untracked 
|  26|0x000000008c200000, 0x000000008c300000, 0x000000008c300000|100%| S|CS|TAMS 0x000000008c200000, 0x000000008c200000| Complete 
|  27|0x000000008c300000, 0x000000008c300000, 0x000000008c400000|  0%| F|  |TAMS 0x000000008c300000, 0x000000008c300000| Untracked 
|  28|0x000000008c400000, 0x000000008c400000, 0x000000008c500000|  0%| F|  |TAMS 0x000000008c400000, 0x000000008c400000| Untracked 
|  29|0x000000008c500000, 0x000000008c500000, 0x000000008c600000|  0%| F|  |TAMS 0x000000008c500000, 0x000000008c500000| Untracked 
|  30|0x000000008c600000, 0x000000008c600000, 0x000000008c700000|  0%| F|  |TAMS 0x000000008c600000, 0x000000008c600000| Untracked 
|  31|0x000000008c700000, 0x000000008c700000, 0x000000008c800000|  0%| F|  |TAMS 0x000000008c700000, 0x000000008c700000| Untracked 
|  32|0x000000008c800000, 0x000000008c800000, 0x000000008c900000|  0%| F|  |TAMS 0x000000008c800000, 0x000000008c800000| Untracked 
|  33|0x000000008c900000, 0x000000008c900000, 0x000000008ca00000|  0%| F|  |TAMS 0x000000008c900000, 0x000000008c900000| Untracked 
|  34|0x000000008ca00000, 0x000000008ca00000, 0x000000008cb00000|  0%| F|  |TAMS 0x000000008ca00000, 0x000000008ca00000| Untracked 
|  35|0x000000008cb00000, 0x000000008cb00000, 0x000000008cc00000|  0%| F|  |TAMS 0x000000008cb00000, 0x000000008cb00000| Untracked 
|  36|0x000000008cc00000, 0x000000008cc00000, 0x000000008cd00000|  0%| F|  |TAMS 0x000000008cc00000, 0x000000008cc00000| Untracked 
|  37|0x000000008cd00000, 0x000000008cd00000, 0x000000008ce00000|  0%| F|  |TAMS 0x000000008cd00000, 0x000000008cd00000| Untracked 
|  38|0x000000008ce00000, 0x000000008ce00000, 0x000000008cf00000|  0%| F|  |TAMS 0x000000008ce00000, 0x000000008ce00000| Untracked 
|  39|0x000000008cf00000, 0x000000008cf00000, 0x000000008d000000|  0%| F|  |TAMS 0x000000008cf00000, 0x000000008cf00000| Untracked 
|  40|0x000000008d000000, 0x000000008d000000, 0x000000008d100000|  0%| F|  |TAMS 0x000000008d000000, 0x000000008d000000| Untracked 
|  41|0x000000008d100000, 0x000000008d100000, 0x000000008d200000|  0%| F|  |TAMS 0x000000008d100000, 0x000000008d100000| Untracked 
|  42|0x000000008d200000, 0x000000008d200000, 0x000000008d300000|  0%| F|  |TAMS 0x000000008d200000, 0x000000008d200000| Untracked 
|  43|0x000000008d300000, 0x000000008d400000, 0x000000008d400000|100%| E|  |TAMS 0x000000008d300000, 0x000000008d300000| Complete 
|  44|0x000000008d400000, 0x000000008d500000, 0x000000008d500000|100%| E|CS|TAMS 0x000000008d400000, 0x000000008d400000| Complete 
|  45|0x000000008d500000, 0x000000008d600000, 0x000000008d600000|100%| E|CS|TAMS 0x000000008d500000, 0x000000008d500000| Complete 
|  46|0x000000008d600000, 0x000000008d700000, 0x000000008d700000|100%| E|CS|TAMS 0x000000008d600000, 0x000000008d600000| Complete 
|  47|0x000000008d700000, 0x000000008d800000, 0x000000008d800000|100%| E|CS|TAMS 0x000000008d700000, 0x000000008d700000| Complete 
|  48|0x000000008d800000, 0x000000008d900000, 0x000000008d900000|100%| E|CS|TAMS 0x000000008d800000, 0x000000008d800000| Complete 
|  49|0x000000008d900000, 0x000000008da00000, 0x000000008da00000|100%| E|CS|TAMS 0x000000008d900000, 0x000000008d900000| Complete 
|  50|0x000000008da00000, 0x000000008db00000, 0x000000008db00000|100%| E|CS|TAMS 0x000000008da00000, 0x000000008da00000| Complete 
|  51|0x000000008db00000, 0x000000008dc00000, 0x000000008dc00000|100%| E|CS|TAMS 0x000000008db00000, 0x000000008db00000| Complete 
|  52|0x000000008dc00000, 0x000000008dd00000, 0x000000008dd00000|100%| E|CS|TAMS 0x000000008dc00000, 0x000000008dc00000| Complete 
|  53|0x000000008dd00000, 0x000000008de00000, 0x000000008de00000|100%| E|CS|TAMS 0x000000008dd00000, 0x000000008dd00000| Complete 
|  54|0x000000008de00000, 0x000000008df00000, 0x000000008df00000|100%| E|CS|TAMS 0x000000008de00000, 0x000000008de00000| Complete 
|  55|0x000000008df00000, 0x000000008e000000, 0x000000008e000000|100%| E|CS|TAMS 0x000000008df00000, 0x000000008df00000| Complete 
| 103|0x0000000090f00000, 0x0000000091000000, 0x0000000091000000|100%| E|CS|TAMS 0x0000000090f00000, 0x0000000090f00000| Complete 
| 104|0x0000000091000000, 0x0000000091100000, 0x0000000091100000|100%| E|CS|TAMS 0x0000000091000000, 0x0000000091000000| Complete 
| 105|0x0000000091100000, 0x0000000091200000, 0x0000000091200000|100%| E|CS|TAMS 0x0000000091100000, 0x0000000091100000| Complete 
| 117|0x0000000091d00000, 0x0000000091e00000, 0x0000000091e00000|100%| E|CS|TAMS 0x0000000091d00000, 0x0000000091d00000| Complete 

Card table byte_map: [0x000001e6e3570000,0x000001e6e3920000] _byte_map_base: 0x000001e6e311c000

Marking Bits (Prev, Next): (CMBitMap*) 0x000001e6d04fbb60, (CMBitMap*) 0x000001e6d04fbb20
 Prev Bits: [0x000001e6e5a30000, 0x000001e6e7790000)
 Next Bits: [0x000001e6e3cd0000, 0x000001e6e5a30000)

Polling page: 0x000001e6cfc50000

Metaspace:

Usage:
  Non-class:     28.55 MB used.
      Class:      3.48 MB used.
       Both:     32.04 MB used.

Virtual space:
  Non-class space:       64.00 MB reserved,      28.75 MB ( 45%) committed,  1 nodes.
      Class space:        1.00 GB reserved,       3.56 MB ( <1%) committed,  1 nodes.
             Both:        1.06 GB reserved,      32.31 MB (  3%) committed. 

Chunk freelists:
   Non-Class:  2.44 MB
       Class:  12.31 MB
        Both:  14.75 MB

MaxMetaspaceSize: unlimited
CompressedClassSpaceSize: 1.00 GB
Initial GC threshold: 21.00 MB
Current GC threshold: 35.12 MB
CDS: off
MetaspaceReclaimPolicy: balanced
 - commit_granule_bytes: 65536.
 - commit_granule_words: 8192.
 - virtual_space_node_default_size: 8388608.
 - enlarge_chunks_in_place: 1.
 - new_chunks_are_fully_committed: 0.
 - uncommit_free_chunks: 1.
 - use_allocation_guard: 0.
 - handle_deallocations: 1.


Internal statistics:

num_allocs_failed_limit: 3.
num_arena_births: 144.
num_arena_deaths: 0.
num_vsnodes_births: 2.
num_vsnodes_deaths: 0.
num_space_committed: 517.
num_space_uncommitted: 0.
num_chunks_returned_to_freelist: 3.
num_chunks_taken_from_freelist: 982.
num_chunk_merges: 3.
num_chunk_splits: 698.
num_chunks_enlarged: 539.
num_inconsistent_stats: 0.

CodeHeap 'non-profiled nmethods': size=120000Kb used=2326Kb max_used=2326Kb free=117673Kb
 bounds [0x000001e6db730000, 0x000001e6db9a0000, 0x000001e6e2c60000]
CodeHeap 'profiled nmethods': size=120000Kb used=10419Kb max_used=10419Kb free=109580Kb
 bounds [0x000001e6d3c60000, 0x000001e6d4690000, 0x000001e6db190000]
CodeHeap 'non-nmethods': size=5760Kb used=1203Kb max_used=1243Kb free=4557Kb
 bounds [0x000001e6db190000, 0x000001e6db400000, 0x000001e6db730000]
 total_blobs=5448 nmethods=4947 adapters=413
 compilation: enabled
              stopped_count=0, restarted_count=0
 full_count=0

Compilation events (20 events):
Event: 6.468 Thread 0x000001e6ea8d8040 nmethod 4961 0x000001e6db972810 code [0x000001e6db9729a0, 0x000001e6db972c08]
Event: 6.472 Thread 0x000001e6ea5a2fc0 nmethod 4963 0x000001e6db972d90 code [0x000001e6db972f20, 0x000001e6db973308]
Event: 6.475 Thread 0x000001e6ea5a2fc0 4966       4       java.util.LinkedHashMap::valuesToArray (38 bytes)
Event: 6.476 Thread 0x000001e6ea8d8040 4967       4       jdk.nio.zipfs.ZipFileSystem::makeParentDirs (141 bytes)
Event: 6.478 Thread 0x000001e6ea5a2fc0 nmethod 4966 0x000001e6db973490 code [0x000001e6db973620, 0x000001e6db9737f8]
Event: 6.478 Thread 0x000001e6ea5a2fc0 4968       4       jdk.nio.zipfs.ZipFileSystem$IndexNode::keyOf (37 bytes)
Event: 6.487 Thread 0x000001e6ea5a2fc0 nmethod 4968 0x000001e6db973910 code [0x000001e6db973ac0, 0x000001e6db973e98]
Event: 6.487 Thread 0x000001e6ea5a2fc0 4971       4       jdk.internal.util.ArraysSupport::mismatch (73 bytes)
Event: 6.492 Thread 0x000001e6ea5a2fc0 nmethod 4971 0x000001e6db974190 code [0x000001e6db974320, 0x000001e6db974558]
Event: 6.492 Thread 0x000001e6ea5a2fc0 4969       4       java.util.Arrays::equals (43 bytes)
Event: 6.496 Thread 0x000001e6ea5a2fc0 nmethod 4969 0x000001e6db974790 code [0x000001e6db974920, 0x000001e6db974b58]
Event: 6.496 Thread 0x000001e6ea5a2fc0 4973       4       java.util.LinkedHashMap::valuesToArray (38 bytes)
Event: 6.497 Thread 0x000001e6ea5a39c0 4976       3       java.util.Collections$SingletonMap::get (20 bytes)
Event: 6.498 Thread 0x000001e6ea5a39c0 nmethod 4976 0x000001e6d4684c90 code [0x000001e6d4684e60, 0x000001e6d46851c8]
Event: 6.499 Thread 0x000001e6ea5a2fc0 nmethod 4973 0x000001e6db974d90 code [0x000001e6db974f20, 0x000001e6db9750f8]
Event: 6.499 Thread 0x000001e6ea5a2fc0 4972       4       jdk.nio.zipfs.ZipFileSystem$IndexNode::equals (40 bytes)
Event: 6.501 Thread 0x000001e6ea5a2fc0 nmethod 4972 0x000001e6db975210 code [0x000001e6db975380, 0x000001e6db975538]
Event: 6.501 Thread 0x000001e6ea5a2fc0 4970       4       jdk.nio.zipfs.ZipFileSystem::getInode (36 bytes)
Event: 6.506 Thread 0x000001e6ea5a39c0 4979       3       sun.nio.fs.WindowsPath::compareTo (118 bytes)
Event: 6.508 Thread 0x000001e6ea5a39c0 nmethod 4979 0x000001e6d4685310 code [0x000001e6d4685640, 0x000001e6d4686b08]

GC Heap History (20 events):
Event: 1.341 GC heap before
{Heap before GC invocations=0 (full 0):
 garbage-first heap   total 120832K, used 22528K [0x000000008a800000, 0x0000000100000000)
  region size 1024K, 23 young (23552K), 0 survivors (0K)
 Metaspace       used 14923K, committed 15040K, reserved 1114112K
  class space    used 1502K, committed 1536K, reserved 1048576K
}
Event: 1.352 GC heap after
{Heap after GC invocations=1 (full 0):
 garbage-first heap   total 120832K, used 4376K [0x000000008a800000, 0x0000000100000000)
  region size 1024K, 3 young (3072K), 3 survivors (3072K)
 Metaspace       used 14923K, committed 15040K, reserved 1114112K
  class space    used 1502K, committed 1536K, reserved 1048576K
}
Event: 2.118 GC heap before
{Heap before GC invocations=1 (full 0):
 garbage-first heap   total 120832K, used 34072K [0x000000008a800000, 0x0000000100000000)
  region size 1024K, 32 young (32768K), 3 survivors (3072K)
 Metaspace       used 19403K, committed 19648K, reserved 1114112K
  class space    used 2108K, committed 2240K, reserved 1048576K
}
Event: 2.130 GC heap after
{Heap after GC invocations=2 (full 0):
 garbage-first heap   total 120832K, used 6275K [0x000000008a800000, 0x0000000100000000)
  region size 1024K, 2 young (2048K), 2 survivors (2048K)
 Metaspace       used 19403K, committed 19648K, reserved 1114112K
  class space    used 2108K, committed 2240K, reserved 1048576K
}
Event: 2.516 GC heap before
{Heap before GC invocations=2 (full 0):
 garbage-first heap   total 120832K, used 17539K [0x000000008a800000, 0x0000000100000000)
  region size 1024K, 14 young (14336K), 2 survivors (2048K)
 Metaspace       used 21341K, committed 21504K, reserved 1114112K
  class space    used 2347K, committed 2432K, reserved 1048576K
}
Event: 2.522 GC heap after
{Heap after GC invocations=3 (full 0):
 garbage-first heap   total 120832K, used 7065K [0x000000008a800000, 0x0000000100000000)
  region size 1024K, 3 young (3072K), 3 survivors (3072K)
 Metaspace       used 21341K, committed 21504K, reserved 1114112K
  class space    used 2347K, committed 2432K, reserved 1048576K
}
Event: 2.902 GC heap before
{Heap before GC invocations=4 (full 0):
 garbage-first heap   total 30720K, used 22425K [0x000000008a800000, 0x0000000100000000)
  region size 1024K, 18 young (18432K), 3 survivors (3072K)
 Metaspace       used 22488K, committed 22656K, reserved 1114112K
  class space    used 2442K, committed 2496K, reserved 1048576K
}
Event: 2.911 GC heap after
{Heap after GC invocations=5 (full 0):
 garbage-first heap   total 30720K, used 8536K [0x000000008a800000, 0x0000000100000000)
  region size 1024K, 3 young (3072K), 3 survivors (3072K)
 Metaspace       used 22488K, committed 22656K, reserved 1114112K
  class space    used 2442K, committed 2496K, reserved 1048576K
}
Event: 2.923 GC heap before
{Heap before GC invocations=5 (full 0):
 garbage-first heap   total 30720K, used 9560K [0x000000008a800000, 0x0000000100000000)
  region size 1024K, 4 young (4096K), 3 survivors (3072K)
 Metaspace       used 22502K, committed 22656K, reserved 1114112K
  class space    used 2442K, committed 2496K, reserved 1048576K
}
Event: 2.930 GC heap after
{Heap after GC invocations=6 (full 0):
 garbage-first heap   total 30720K, used 8830K [0x000000008a800000, 0x0000000100000000)
  region size 1024K, 1 young (1024K), 1 survivors (1024K)
 Metaspace       used 22502K, committed 22656K, reserved 1114112K
  class space    used 2442K, committed 2496K, reserved 1048576K
}
Event: 3.113 GC heap before
{Heap before GC invocations=6 (full 0):
 garbage-first heap   total 30720K, used 22142K [0x000000008a800000, 0x0000000100000000)
  region size 1024K, 14 young (14336K), 1 survivors (1024K)
 Metaspace       used 22640K, committed 22848K, reserved 1114112K
  class space    used 2445K, committed 2560K, reserved 1048576K
}
Event: 3.116 GC heap after
{Heap after GC invocations=7 (full 0):
 garbage-first heap   total 61440K, used 8941K [0x000000008a800000, 0x0000000100000000)
  region size 1024K, 1 young (1024K), 1 survivors (1024K)
 Metaspace       used 22640K, committed 22848K, reserved 1114112K
  class space    used 2445K, committed 2560K, reserved 1048576K
}
Event: 3.744 GC heap before
{Heap before GC invocations=7 (full 0):
 garbage-first heap   total 61440K, used 43757K [0x000000008a800000, 0x0000000100000000)
  region size 1024K, 35 young (35840K), 1 survivors (1024K)
 Metaspace       used 23218K, committed 23424K, reserved 1114112K
  class space    used 2465K, committed 2560K, reserved 1048576K
}
Event: 3.750 GC heap after
{Heap after GC invocations=8 (full 0):
 garbage-first heap   total 61440K, used 11117K [0x000000008a800000, 0x0000000100000000)
  region size 1024K, 3 young (3072K), 3 survivors (3072K)
 Metaspace       used 23218K, committed 23424K, reserved 1114112K
  class space    used 2465K, committed 2560K, reserved 1048576K
}
Event: 4.327 GC heap before
{Heap before GC invocations=8 (full 0):
 garbage-first heap   total 61440K, used 44909K [0x000000008a800000, 0x0000000100000000)
  region size 1024K, 36 young (36864K), 3 survivors (3072K)
 Metaspace       used 24173K, committed 24384K, reserved 1114112K
  class space    used 2547K, committed 2624K, reserved 1048576K
}
Event: 4.335 GC heap after
{Heap after GC invocations=9 (full 0):
 garbage-first heap   total 61440K, used 12790K [0x000000008a800000, 0x0000000100000000)
  region size 1024K, 4 young (4096K), 4 survivors (4096K)
 Metaspace       used 24173K, committed 24384K, reserved 1114112K
  class space    used 2547K, committed 2624K, reserved 1048576K
}
Event: 5.374 GC heap before
{Heap before GC invocations=9 (full 0):
 garbage-first heap   total 61440K, used 44534K [0x000000008a800000, 0x0000000100000000)
  region size 1024K, 36 young (36864K), 4 survivors (4096K)
 Metaspace       used 28499K, committed 28736K, reserved 1114112K
  class space    used 3107K, committed 3200K, reserved 1048576K
}
Event: 5.386 GC heap after
{Heap after GC invocations=10 (full 0):
 garbage-first heap   total 61440K, used 14080K [0x000000008a800000, 0x0000000100000000)
  region size 1024K, 3 young (3072K), 3 survivors (3072K)
 Metaspace       used 28499K, committed 28736K, reserved 1114112K
  class space    used 3107K, committed 3200K, reserved 1048576K
}
Event: 6.147 GC heap before
{Heap before GC invocations=10 (full 0):
 garbage-first heap   total 61440K, used 45824K [0x000000008a800000, 0x0000000100000000)
  region size 1024K, 35 young (35840K), 3 survivors (3072K)
 Metaspace       used 32735K, committed 32960K, reserved 1114112K
  class space    used 3562K, committed 3648K, reserved 1048576K
}
Event: 6.160 GC heap after
{Heap after GC invocations=11 (full 0):
 garbage-first heap   total 61440K, used 23455K [0x000000008a800000, 0x0000000100000000)
  region size 1024K, 5 young (5120K), 5 survivors (5120K)
 Metaspace       used 32735K, committed 32960K, reserved 1114112K
  class space    used 3562K, committed 3648K, reserved 1048576K
}

Dll operation events (4 events):
Event: 0.012 Loaded shared library C:\Users\HP\.jdks\jbr-17.0.8.1\bin\java.dll
Event: 0.053 Loaded shared library C:\Users\HP\.jdks\jbr-17.0.8.1\bin\jsvml.dll
Event: 0.232 Loaded shared library C:\Users\HP\.jdks\jbr-17.0.8.1\bin\zip.dll
Event: 0.432 Loaded shared library C:\Users\HP\.jdks\jbr-17.0.8.1\bin\verify.dll

Deoptimization events (20 events):
Event: 6.119 Thread 0x000001e6d04a4bd0 DEOPT PACKING pc=0x000001e6d45fe06b sp=0x0000009faa8fc430
Event: 6.119 Thread 0x000001e6d04a4bd0 DEOPT UNPACKING pc=0x000001e6db1e7143 sp=0x0000009faa8fb8f8 mode 0
Event: 6.120 Thread 0x000001e6d04a4bd0 DEOPT PACKING pc=0x000001e6d45fe06b sp=0x0000009faa8fc430
Event: 6.120 Thread 0x000001e6d04a4bd0 DEOPT UNPACKING pc=0x000001e6db1e7143 sp=0x0000009faa8fb8f8 mode 0
Event: 6.487 Thread 0x000001e6d04a4bd0 Uncommon trap: trap_request=0xffffff76 fr.pc=0x000001e6db9737bc relative=0x000000000000019c
Event: 6.487 Thread 0x000001e6d04a4bd0 Uncommon trap: reason=predicate action=maybe_recompile pc=0x000001e6db9737bc method=java.util.LinkedHashMap.valuesToArray([Ljava/lang/Object;)[Ljava/lang/Object; @ 12 c2
Event: 6.487 Thread 0x000001e6d04a4bd0 DEOPT PACKING pc=0x000001e6db9737bc sp=0x0000009faa8fc4c0
Event: 6.487 Thread 0x000001e6d04a4bd0 DEOPT UNPACKING pc=0x000001e6db1e69a3 sp=0x0000009faa8fc478 mode 2
Event: 6.505 Thread 0x000001e6d04a4bd0 Uncommon trap: trap_request=0xffffffbe fr.pc=0x000001e6db9750c0 relative=0x00000000000001a0
Event: 6.505 Thread 0x000001e6d04a4bd0 Uncommon trap: reason=profile_predicate action=maybe_recompile pc=0x000001e6db9750c0 method=java.util.LinkedHashMap.valuesToArray([Ljava/lang/Object;)[Ljava/lang/Object; @ 12 c2
Event: 6.505 Thread 0x000001e6d04a4bd0 DEOPT PACKING pc=0x000001e6db9750c0 sp=0x0000009faa8fc4c0
Event: 6.505 Thread 0x000001e6d04a4bd0 DEOPT UNPACKING pc=0x000001e6db1e69a3 sp=0x0000009faa8fc478 mode 2
Event: 6.509 Thread 0x000001e6d04a4bd0 Uncommon trap: trap_request=0xffffffbe fr.pc=0x000001e6db9750c0 relative=0x00000000000001a0
Event: 6.509 Thread 0x000001e6d04a4bd0 Uncommon trap: reason=profile_predicate action=maybe_recompile pc=0x000001e6db9750c0 method=java.util.LinkedHashMap.valuesToArray([Ljava/lang/Object;)[Ljava/lang/Object; @ 12 c2
Event: 6.509 Thread 0x000001e6d04a4bd0 DEOPT PACKING pc=0x000001e6db9750c0 sp=0x0000009faa8fc4c0
Event: 6.509 Thread 0x000001e6d04a4bd0 DEOPT UNPACKING pc=0x000001e6db1e69a3 sp=0x0000009faa8fc478 mode 2
Event: 6.512 Thread 0x000001e6d04a4bd0 Uncommon trap: trap_request=0xffffffbe fr.pc=0x000001e6db9750c0 relative=0x00000000000001a0
Event: 6.512 Thread 0x000001e6d04a4bd0 Uncommon trap: reason=profile_predicate action=maybe_recompile pc=0x000001e6db9750c0 method=java.util.LinkedHashMap.valuesToArray([Ljava/lang/Object;)[Ljava/lang/Object; @ 12 c2
Event: 6.512 Thread 0x000001e6d04a4bd0 DEOPT PACKING pc=0x000001e6db9750c0 sp=0x0000009faa8fc4c0
Event: 6.512 Thread 0x000001e6d04a4bd0 DEOPT UNPACKING pc=0x000001e6db1e69a3 sp=0x0000009faa8fc478 mode 2

Classes unloaded (0 events):
No events

Classes redefined (0 events):
No events

Internal exceptions (20 events):
Event: 4.930 Thread 0x000001e6d04a4bd0 Exception <a 'java/lang/NoSuchMethodError'{0x000000008d39e4a0}: 'java.lang.Object java.lang.invoke.DirectMethodHandle$Holder.invokeVirtual(java.lang.Object, java.lang.Object, java.lang.Object)'> (0x000000008d39e4a0) 
thrown [s\src\hotspot\share\interpreter\linkResolver.cpp, line 771]
Event: 4.932 Thread 0x000001e6d04a4bd0 Exception <a 'java/lang/NoSuchMethodError'{0x000000008d3a6518}: 'int java.lang.invoke.DirectMethodHandle$Holder.invokeInterface(java.lang.Object, java.lang.Object)'> (0x000000008d3a6518) 
thrown [s\src\hotspot\share\interpreter\linkResolver.cpp, line 771]
Event: 5.193 Thread 0x000001e6d04a4bd0 Exception <a 'sun/nio/fs/WindowsException'{0x000000008cb03bb0}> (0x000000008cb03bb0) 
thrown [s\src\hotspot\share\prims\jni.cpp, line 517]
Event: 5.193 Thread 0x000001e6d04a4bd0 Exception <a 'sun/nio/fs/WindowsException'{0x000000008cb03e78}> (0x000000008cb03e78) 
thrown [s\src\hotspot\share\prims\jni.cpp, line 517]
Event: 5.196 Thread 0x000001e6d04a4bd0 Exception <a 'java/lang/NoSuchMethodError'{0x000000008cb0aba0}: 'int java.lang.invoke.DirectMethodHandle$Holder.invokeVirtual(java.lang.Object, java.lang.Object, java.lang.Object)'> (0x000000008cb0aba0) 
thrown [s\src\hotspot\share\interpreter\linkResolver.cpp, line 771]
Event: 5.197 Thread 0x000001e6d04a4bd0 Exception <a 'java/lang/NoSuchMethodError'{0x000000008cb11368}: 'void java.lang.invoke.DirectMethodHandle$Holder.invokeInterface(java.lang.Object, java.lang.Object, java.lang.Object)'> (0x000000008cb11368) 
thrown [s\src\hotspot\share\interpreter\linkResolver.cpp, line 771]
Event: 5.355 Thread 0x000001e6d04a4bd0 Exception <a 'java/lang/NoSuchMethodError'{0x000000008c5d6c70}: 'int java.lang.invoke.DirectMethodHandle$Holder.invokeStaticInit(java.lang.Object, java.lang.Object)'> (0x000000008c5d6c70) 
thrown [s\src\hotspot\share\interpreter\linkResolver.cpp, line 771]
Event: 5.493 Thread 0x000001e6d04a4bd0 Exception <a 'java/lang/NoSuchMethodError'{0x000000008dd2cee0}: 'int java.lang.invoke.DirectMethodHandle$Holder.invokeVirtual(java.lang.Object, java.lang.Object)'> (0x000000008dd2cee0) 
thrown [s\src\hotspot\share\interpreter\linkResolver.cpp, line 771]
Event: 5.502 Thread 0x000001e6d04a4bd0 Exception <a 'java/lang/NoSuchMethodError'{0x000000008dd6c000}: 'java.lang.Object java.lang.invoke.DirectMethodHandle$Holder.newInvokeSpecial(java.lang.Object, java.lang.Object, java.lang.Object, java.lang.Object, java.lang.Object, java.lang.Object)'> (0x000000008dd6c000) 
thrown [s\src\hotspot\share\interpreter\linkResolver.cpp, line 771]
Event: 5.545 Thread 0x000001e6d04a4bd0 Exception <a 'sun/nio/fs/WindowsException'{0x000000008dceb7b8}> (0x000000008dceb7b8) 
thrown [s\src\hotspot\share\prims\jni.cpp, line 517]
Event: 5.545 Thread 0x000001e6d04a4bd0 Exception <a 'sun/nio/fs/WindowsException'{0x000000008dceb9f8}> (0x000000008dceb9f8) 
thrown [s\src\hotspot\share\prims\jni.cpp, line 517]
Event: 5.962 Thread 0x000001e6d04a4bd0 Exception <a 'sun/nio/fs/WindowsException'{0x000000008caee070}> (0x000000008caee070) 
thrown [s\src\hotspot\share\prims\jni.cpp, line 517]
Event: 5.962 Thread 0x000001e6d04a4bd0 Exception <a 'sun/nio/fs/WindowsException'{0x000000008caee360}> (0x000000008caee360) 
thrown [s\src\hotspot\share\prims\jni.cpp, line 517]
Event: 5.963 Thread 0x000001e6d04a4bd0 Exception <a 'sun/nio/fs/WindowsException'{0x000000008caef4a8}> (0x000000008caef4a8) 
thrown [s\src\hotspot\share\prims\jni.cpp, line 517]
Event: 5.963 Thread 0x000001e6d04a4bd0 Exception <a 'sun/nio/fs/WindowsException'{0x000000008caef7a0}> (0x000000008caef7a0) 
thrown [s\src\hotspot\share\prims\jni.cpp, line 517]
Event: 5.994 Thread 0x000001e6d04a4bd0 Exception <a 'java/lang/NoSuchMethodError'{0x000000008c9ab090}: 'int java.lang.invoke.DirectMethodHandle$Holder.invokeSpecial(java.lang.Object, java.lang.Object, java.lang.Object, java.lang.Object)'> (0x000000008c9ab090) 
thrown [s\src\hotspot\share\interpreter\linkResolver.cpp, line 771]
Event: 5.999 Thread 0x000001e6d04a4bd0 Exception <a 'java/lang/NoSuchMethodError'{0x000000008c9d0040}: 'java.lang.Object java.lang.invoke.DirectMethodHandle$Holder.invokeVirtual(java.lang.Object, java.lang.Object, java.lang.Object, int, int)'> (0x000000008c9d0040) 
thrown [s\src\hotspot\share\interpreter\linkResolver.cpp, line 771]
Event: 6.000 Thread 0x000001e6d04a4bd0 Exception <a 'java/lang/NoSuchMethodError'{0x000000008c9d6f30}: 'java.lang.Object java.lang.invoke.DirectMethodHandle$Holder.invokeVirtual(java.lang.Object, java.lang.Object, int)'> (0x000000008c9d6f30) 
thrown [s\src\hotspot\share\interpreter\linkResolver.cpp, line 771]
Event: 6.010 Thread 0x000001e6d04a4bd0 Exception <a 'java/lang/NoSuchMethodError'{0x000000008c9f6638}: 'java.lang.Object java.lang.invoke.DirectMethodHandle$Holder.invokeSpecial(java.lang.Object, java.lang.Object, java.lang.Object, int, int)'> (0x000000008c9f6638) 
thrown [s\src\hotspot\share\interpreter\linkResolver.cpp, line 771]
Event: 6.232 Thread 0x000001e6d04a4bd0 Exception <a 'java/lang/NoSuchMethodError'{0x0000000090f43088}: 'void java.lang.invoke.DirectMethodHandle$Holder.invokeSpecial(java.lang.Object, java.lang.Object, java.lang.Object, java.lang.Object, java.lang.Object)'> (0x0000000090f43088) 
thrown [s\src\hotspot\share\interpreter\linkResolver.cpp, line 771]

VM Operations (20 events):
Event: 5.547 Executing VM operation: HandshakeAllThreads
Event: 5.547 Executing VM operation: HandshakeAllThreads done
Event: 5.735 Executing VM operation: HandshakeAllThreads
Event: 5.735 Executing VM operation: HandshakeAllThreads done
Event: 5.964 Executing VM operation: HandshakeAllThreads
Event: 5.964 Executing VM operation: HandshakeAllThreads done
Event: 5.967 Executing VM operation: HandshakeAllThreads
Event: 5.967 Executing VM operation: HandshakeAllThreads done
Event: 5.967 Executing VM operation: HandshakeAllThreads
Event: 5.967 Executing VM operation: HandshakeAllThreads done
Event: 5.976 Executing VM operation: HandshakeAllThreads
Event: 5.976 Executing VM operation: HandshakeAllThreads done
Event: 6.057 Executing VM operation: HandshakeAllThreads
Event: 6.057 Executing VM operation: HandshakeAllThreads done
Event: 6.058 Executing VM operation: HandshakeAllThreads
Event: 6.058 Executing VM operation: HandshakeAllThreads done
Event: 6.069 Executing VM operation: HandshakeAllThreads
Event: 6.069 Executing VM operation: HandshakeAllThreads done
Event: 6.147 Executing VM operation: G1CollectForAllocation
Event: 6.160 Executing VM operation: G1CollectForAllocation done

Events (20 events):
Event: 6.085 loading class java/nio/file/SimpleFileVisitor
Event: 6.085 loading class java/nio/file/SimpleFileVisitor done
Event: 6.085 loading class java/nio/file/FileTreeWalker
Event: 6.085 loading class java/nio/file/FileTreeWalker done
Event: 6.086 loading class java/nio/file/ClosedDirectoryStreamException
Event: 6.086 loading class java/nio/file/ClosedDirectoryStreamException done
Event: 6.086 loading class java/nio/file/DirectoryIteratorException
Event: 6.086 loading class java/nio/file/DirectoryIteratorException done
Event: 6.086 loading class java/nio/file/FileTreeWalker$DirectoryNode
Event: 6.086 loading class java/nio/file/FileTreeWalker$DirectoryNode done
Event: 6.087 loading class java/nio/file/FileTreeWalker$Event
Event: 6.087 loading class java/nio/file/FileTreeWalker$Event done
Event: 6.087 loading class java/nio/file/FileTreeWalker$EventType
Event: 6.087 loading class java/nio/file/FileTreeWalker$EventType done
Event: 6.087 loading class java/nio/file/Files$3
Event: 6.087 loading class java/nio/file/Files$3 done
Event: 6.088 loading class java/nio/file/FileVisitResult
Event: 6.088 loading class java/nio/file/FileVisitResult done
Event: 6.318 loading class java/util/concurrent/locks/AbstractQueuedSynchronizer$Node
Event: 6.318 loading class java/util/concurrent/locks/AbstractQueuedSynchronizer$Node done


Dynamic libraries:
0x00007ff61e440000 - 0x00007ff61e44a000 	C:\Users\HP\.jdks\jbr-17.0.8.1\bin\java.exe
0x00007ff9672d0000 - 0x00007ff9674e6000 	C:\WINDOWS\SYSTEM32\ntdll.dll
0x00007ff966b30000 - 0x00007ff966bf4000 	C:\WINDOWS\System32\KERNEL32.DLL
0x00007ff964760000 - 0x00007ff964b07000 	C:\WINDOWS\System32\KERNELBASE.dll
0x00007ff964d00000 - 0x00007ff964e11000 	C:\WINDOWS\System32\ucrtbase.dll
0x00007ff920530000 - 0x00007ff92054b000 	C:\Users\HP\.jdks\jbr-17.0.8.1\bin\VCRUNTIME140.dll
0x00007ff9239e0000 - 0x00007ff9239f7000 	C:\Users\HP\.jdks\jbr-17.0.8.1\bin\jli.dll
0x00007ff9658f0000 - 0x00007ff965a9e000 	C:\WINDOWS\System32\USER32.dll
0x00007ff964f10000 - 0x00007ff964f36000 	C:\WINDOWS\System32\win32u.dll
0x00007ff967260000 - 0x00007ff967289000 	C:\WINDOWS\System32\GDI32.dll
0x00007ff95c2c0000 - 0x00007ff95c553000 	C:\WINDOWS\WinSxS\amd64_microsoft.windows.common-controls_6595b64144ccf1df_6.0.22621.3235_none_270f74e173860f98\COMCTL32.dll
0x00007ff964b10000 - 0x00007ff964c29000 	C:\WINDOWS\System32\gdi32full.dll
0x00007ff965070000 - 0x00007ff965117000 	C:\WINDOWS\System32\msvcrt.dll
0x00007ff964c60000 - 0x00007ff964cfa000 	C:\WINDOWS\System32\msvcp_win.dll
0x00007ff966df0000 - 0x00007ff966e21000 	C:\WINDOWS\System32\IMM32.DLL
0x00007ff9238d0000 - 0x00007ff9238dc000 	C:\Users\HP\.jdks\jbr-17.0.8.1\bin\vcruntime140_1.dll
0x00007ff913360000 - 0x00007ff9133ed000 	C:\Users\HP\.jdks\jbr-17.0.8.1\bin\msvcp140.dll
0x00007ff90a670000 - 0x00007ff90b2f3000 	C:\Users\HP\.jdks\jbr-17.0.8.1\bin\server\jvm.dll
0x00007ff9670f0000 - 0x00007ff9671a2000 	C:\WINDOWS\System32\ADVAPI32.dll
0x00007ff966c00000 - 0x00007ff966ca8000 	C:\WINDOWS\System32\sechost.dll
0x00007ff964c30000 - 0x00007ff964c58000 	C:\WINDOWS\System32\bcrypt.dll
0x00007ff966cb0000 - 0x00007ff966dc5000 	C:\WINDOWS\System32\RPCRT4.dll
0x00007ff92fda0000 - 0x00007ff92fda9000 	C:\WINDOWS\SYSTEM32\WSOCK32.dll
0x00007ff967070000 - 0x00007ff9670e1000 	C:\WINDOWS\System32\WS2_32.dll
0x00007ff9644c0000 - 0x00007ff96450d000 	C:\WINDOWS\SYSTEM32\POWRPROF.dll
0x00007ff95c790000 - 0x00007ff95c7c4000 	C:\WINDOWS\SYSTEM32\WINMM.dll
0x00007ff95c7d0000 - 0x00007ff95c7da000 	C:\WINDOWS\SYSTEM32\VERSION.dll
0x00007ff9644a0000 - 0x00007ff9644b3000 	C:\WINDOWS\SYSTEM32\UMPDC.dll
0x00007ff9635f0000 - 0x00007ff963608000 	C:\WINDOWS\SYSTEM32\kernel.appcore.dll
0x00007ff920900000 - 0x00007ff92090a000 	C:\Users\HP\.jdks\jbr-17.0.8.1\bin\jimage.dll
0x00007ff95ba10000 - 0x00007ff95bc43000 	C:\WINDOWS\SYSTEM32\DBGHELP.DLL
0x00007ff965b00000 - 0x00007ff965e88000 	C:\WINDOWS\System32\combase.dll
0x00007ff965f70000 - 0x00007ff966047000 	C:\WINDOWS\System32\OLEAUT32.dll
0x00007ff95aa40000 - 0x00007ff95aa72000 	C:\WINDOWS\SYSTEM32\dbgcore.DLL
0x00007ff964e20000 - 0x00007ff964e99000 	C:\WINDOWS\System32\bcryptPrimitives.dll
0x00007ff95f890000 - 0x00007ff95f89e000 	C:\Users\HP\.jdks\jbr-17.0.8.1\bin\instrument.dll
0x00007ff91f450000 - 0x00007ff91f475000 	C:\Users\HP\.jdks\jbr-17.0.8.1\bin\java.dll
0x00007ff91f430000 - 0x00007ff91f448000 	C:\Users\HP\.jdks\jbr-17.0.8.1\bin\zip.dll
0x00007ff912170000 - 0x00007ff912247000 	C:\Users\HP\.jdks\jbr-17.0.8.1\bin\jsvml.dll
0x00007ff9662c0000 - 0x00007ff966b1c000 	C:\WINDOWS\System32\SHELL32.dll
0x00007ff962500000 - 0x00007ff962df9000 	C:\WINDOWS\SYSTEM32\windows.storage.dll
0x00007ff9623c0000 - 0x00007ff9624fe000 	C:\WINDOWS\SYSTEM32\wintypes.dll
0x00007ff966060000 - 0x00007ff966153000 	C:\WINDOWS\System32\SHCORE.dll
0x00007ff965aa0000 - 0x00007ff965afe000 	C:\WINDOWS\System32\shlwapi.dll
0x00007ff964520000 - 0x00007ff964541000 	C:\WINDOWS\SYSTEM32\profapi.dll
0x00007ff91f410000 - 0x00007ff91f429000 	C:\Users\HP\.jdks\jbr-17.0.8.1\bin\net.dll
0x00007ff95dee0000 - 0x00007ff95e016000 	C:\WINDOWS\SYSTEM32\WINHTTP.dll
0x00007ff963a60000 - 0x00007ff963ac9000 	C:\WINDOWS\system32\mswsock.dll
0x00007ff91d3e0000 - 0x00007ff91d3f6000 	C:\Users\HP\.jdks\jbr-17.0.8.1\bin\nio.dll
0x00007ff953010000 - 0x00007ff95302a000 	C:\Program Files\JetBrains\IntelliJ IDEA Community Edition 2023.1\bin\breakgen64.dll
0x00007ff91d780000 - 0x00007ff91d790000 	C:\Users\HP\.jdks\jbr-17.0.8.1\bin\verify.dll
0x00007ff963c60000 - 0x00007ff963c7b000 	C:\WINDOWS\SYSTEM32\CRYPTSP.dll
0x00007ff963550000 - 0x00007ff963585000 	C:\WINDOWS\system32\rsaenh.dll
0x00007ff963b00000 - 0x00007ff963b28000 	C:\WINDOWS\SYSTEM32\USERENV.dll
0x00007ff963c80000 - 0x00007ff963c8c000 	C:\WINDOWS\SYSTEM32\CRYPTBASE.dll
0x00007ff963050000 - 0x00007ff96307d000 	C:\WINDOWS\SYSTEM32\IPHLPAPI.DLL
0x00007ff965000000 - 0x00007ff965009000 	C:\WINDOWS\System32\NSI.dll
0x00007ff95dd30000 - 0x00007ff95dd49000 	C:\WINDOWS\SYSTEM32\dhcpcsvc6.DLL
0x00007ff95dc10000 - 0x00007ff95dc2f000 	C:\WINDOWS\SYSTEM32\dhcpcsvc.DLL
0x00007ff963080000 - 0x00007ff963179000 	C:\WINDOWS\SYSTEM32\DNSAPI.dll
0x00007ff93eee0000 - 0x00007ff93eeea000 	C:\Users\HP\AppData\Local\Temp\jansi-1.17.1-5131473878960548137.dll

dbghelp: loaded successfully - version: 4.0.5 - missing functions: none
symbol engine: initialized successfully - sym options: 0x614 - pdb path: .;C:\Users\HP\.jdks\jbr-17.0.8.1\bin;C:\WINDOWS\SYSTEM32;C:\WINDOWS\WinSxS\amd64_microsoft.windows.common-controls_6595b64144ccf1df_6.0.22621.3235_none_270f74e173860f98;C:\Users\HP\.jdks\jbr-17.0.8.1\bin\server;C:\Program Files\JetBrains\IntelliJ IDEA Community Edition 2023.1\bin;C:\Users\HP\AppData\Local\Temp

VM Arguments:
jvm_args: -Dmaven.multiModuleProjectDirectory=C:\Users\HP\Desktop\demo1\NovaFxInsurrance -Djansi.passthrough=true -Dmaven.home=C:\Program Files\JetBrains\IntelliJ IDEA Community Edition 2023.1\plugins\maven\lib\maven3 -Dclassworlds.conf=C:\Program Files\JetBrains\IntelliJ IDEA Community Edition 2023.1\plugins\maven\lib\maven3\bin\m2.conf -Dmaven.ext.class.path=C:\Program Files\JetBrains\IntelliJ IDEA Community Edition 2023.1\plugins\maven\lib\maven-event-listener.jar -javaagent:C:\Program Files\JetBrains\IntelliJ IDEA Community Edition 2023.1\lib\idea_rt.jar=51842:C:\Program Files\JetBrains\IntelliJ IDEA Community Edition 2023.1\bin -Dfile.encoding=UTF-8 
java_command: org.codehaus.classworlds.Launcher -Didea.version=2023.1 org.openjfx:javafx-maven-plugin:0.0.8:run
java_class_path (initial): C:\Program Files\JetBrains\IntelliJ IDEA Community Edition 2023.1\plugins\maven\lib\maven3\boot\plexus-classworlds-2.6.0.jar;C:\Program Files\JetBrains\IntelliJ IDEA Community Edition 2023.1\plugins\maven\lib\maven3\boot\plexus-classworlds.license
Launcher Type: SUN_STANDARD

[Global flags]
     intx CICompilerCount                          = 4                                         {product} {ergonomic}
     uint ConcGCThreads                            = 3                                         {product} {ergonomic}
     uint G1ConcRefinementThreads                  = 10                                        {product} {ergonomic}
   size_t G1HeapRegionSize                         = 1048576                                   {product} {ergonomic}
    uintx GCDrainStackTargetSize                   = 64                                        {product} {ergonomic}
   size_t InitialHeapSize                          = 123731968                                 {product} {ergonomic}
   size_t MarkStackSize                            = 4194304                                   {product} {ergonomic}
   size_t MaxHeapSize                              = 1971322880                                {product} {ergonomic}
   size_t MaxNewSize                               = 1182793728                                {product} {ergonomic}
   size_t MinHeapDeltaBytes                        = 1048576                                   {product} {ergonomic}
   size_t MinHeapSize                              = 8388608                                   {product} {ergonomic}
    uintx NonNMethodCodeHeapSize                   = 5839372                                {pd product} {ergonomic}
    uintx NonProfiledCodeHeapSize                  = 122909434                              {pd product} {ergonomic}
    uintx ProfiledCodeHeapSize                     = 122909434                              {pd product} {ergonomic}
    uintx ReservedCodeCacheSize                    = 251658240                              {pd product} {ergonomic}
     bool SegmentedCodeCache                       = true                                      {product} {ergonomic}
   size_t SoftMaxHeapSize                          = 1971322880                             {manageable} {ergonomic}
     bool UseCompressedClassPointers               = true                           {product lp64_product} {ergonomic}
     bool UseCompressedOops                        = true                           {product lp64_product} {ergonomic}
     bool UseG1GC                                  = true                                      {product} {ergonomic}
     bool UseLargePagesIndividualAllocation        = false                                  {pd product} {ergonomic}

Logging:
Log output configuration:
 #0: stdout all=warning uptime,level,tags
 #1: stderr all=off uptime,level,tags

Environment Variables:
JAVA_HOME=C:\Program Files\Java\jdk-20
PATH=C:\Program Files (x86)\Common Files\Oracle\Java\javapath;C:\Program Files\Common Files\Oracle\Java\javapath;C:\oraclexe\app\oracle\product\11.2.0\server\bin;C:\WINDOWS\system32;C:\WINDOWS;C:\WINDOWS\System32\Wbem;C:\WINDOWS\System32\WindowsPowerShell\v1.0\;C:\WINDOWS\System32\OpenSSH\;C:\Strawberry\c\bin;C:\Strawberry\perl\site\bin;C:\Strawberry\perl\bin;C:\instantclient12_2;C:\oraclexe\app\oracle\admin\XE;C:\oraclexe;C:\Program Files (x86)\Git\cmd;C:\ProgramData\chocolatey\bin;C:\Program Files\nodejs\;C:\Users\HP\.jdks\jbr-17.0.8.1\bin;C:\composer;C:\Program Files (x86)\CodeBlocks\MinGW\bin;C:\Program Files (x86)\GnuWin32\bin;C:\Program Files\Microsoft SQL Server\150\Tools\Binn\;C:\Program Files\Microsoft SQL Server\Client SDK\ODBC\170\Tools\Binn\;C:\Program Files\dotnet\;C:\xampp\php;C:\Program Files\Docker\Docker\resources\bin;C:\Users\HP\Desktop\3eme\Pidev\apache-maven-3.9.6;C:\Users\HP\Downloads\apache-maven-3.9.6-bin\apache-maven-3.9.6\bin;C:\Users\HP\scoop\shims;C:\Users\HP\Downloads\jdk-20_windows-x64_bin.zip\jdk-20.0.1\bin;C:\Users\HP\AppData\Roaming\npm;C:\Users\HP\AppData\Local\Programs\Microsoft VS Code\bin;C:\Users\HP\AppData\Roaming\Composer\vendor\bin;C:\Users\HP\.dotnet\tools;C:\stripe_1.19.2_windows_x86_64\stripe.exe;C:\Users\HP\Desktop\3eme\Pidev\apache-maven-3.9.6;
USERNAME=HP
OS=Windows_NT
PROCESSOR_IDENTIFIER=AMD64 Family 25 Model 80 Stepping 0, AuthenticAMD
TMP=C:\Users\HP\AppData\Local\Temp
TEMP=C:\Users\HP\AppData\Local\Temp


JNI global refs:
JNI global refs: 18, weak refs: 8

JNI global refs memory usage: 843, weak refs: 841

OOME stack traces (most recent first):
Classloader memory used:
Loader bootstrap                                                                       : 1773K
Loader org.codehaus.plexus.classworlds.realm.ClassRealm                                : 1413K
Loader jdk.internal.loader.ClassLoaders$AppClassLoader                                 : 838K
Loader jdk.internal.loader.ClassLoaders$PlatformClassLoader                            : 64255B
Loader jdk.internal.reflect.DelegatingClassLoader                                      : 10528B
Loader org.eclipse.sisu.space.CloningClassSpace$CloningClassLoader                     : 3228B

Classes loaded by more than one classloader:
Class org.codehaus.plexus.util.StringUtils                                            : loaded 3 times (x 69B)
Class org.codehaus.plexus.util.DirectoryScanner                                       : loaded 2 times (x 95B)
Class org.codehaus.plexus.interpolation.ValueSource                                   : loaded 2 times (x 68B)
Class org.codehaus.plexus.util.xml.XmlStreamReader                                    : loaded 2 times (x 91B)
Class org.codehaus.plexus.interpolation.RecursionInterceptor                          : loaded 2 times (x 68B)
Class org.codehaus.plexus.util.xml.XmlReader                                          : loaded 2 times (x 91B)
Class org.codehaus.plexus.interpolation.SimpleRecursionInterceptor                    : loaded 2 times (x 80B)
Class org.codehaus.plexus.interpolation.PrefixAwareRecursionInterceptor               : loaded 2 times (x 80B)
Class org.codehaus.plexus.interpolation.PropertiesBasedValueSource                    : loaded 2 times (x 80B)
Class org.codehaus.plexus.interpolation.AbstractValueSource                           : loaded 2 times (x 80B)
Class org.codehaus.plexus.util.SelectorUtils                                          : loaded 2 times (x 69B)
Class org.codehaus.plexus.interpolation.InterpolationPostProcessor                    : loaded 2 times (x 68B)
Class org.codehaus.plexus.interpolation.Interpolator                                  : loaded 2 times (x 68B)


---------------  S Y S T E M  ---------------

OS:
 Windows 11 , 64 bit Build 22621 (10.0.22621.3374)
OS uptime: 0 days 8:52 hours
Hyper-V role detected

CPU: total 12 (initial active 12) (12 cores per cpu, 2 threads per core) family 25 model 80 stepping 0 microcode 0x0, cx8, cmov, fxsr, ht, mmx, 3dnowpref, sse, sse2, sse3, ssse3, sse4a, sse4.1, sse4.2, popcnt, lzcnt, tsc, tscinvbit, avx, avx2, aes, erms, clmul, bmi1, bmi2, adx, sha, fma, vzeroupper, clflush, clflushopt, hv
Processor Information for processor 0
  Max Mhz: 3301, Current Mhz: 1805, Mhz Limit: 3301
Processor Information for processor 1
  Max Mhz: 3301, Current Mhz: 1805, Mhz Limit: 3301
Processor Information for processor 2
  Max Mhz: 3301, Current Mhz: 1805, Mhz Limit: 3301
Processor Information for processor 3
  Max Mhz: 3301, Current Mhz: 1805, Mhz Limit: 3301
Processor Information for processor 4
  Max Mhz: 3301, Current Mhz: 1908, Mhz Limit: 3301
Processor Information for processor 5
  Max Mhz: 3301, Current Mhz: 1908, Mhz Limit: 3301
Processor Information for processor 6
  Max Mhz: 3301, Current Mhz: 1805, Mhz Limit: 3301
Processor Information for processor 7
  Max Mhz: 3301, Current Mhz: 1908, Mhz Limit: 3301
Processor Information for processor 8
  Max Mhz: 3301, Current Mhz: 1908, Mhz Limit: 3301
Processor Information for processor 9
  Max Mhz: 3301, Current Mhz: 1908, Mhz Limit: 3301
Processor Information for processor 10
  Max Mhz: 3301, Current Mhz: 1908, Mhz Limit: 3301
Processor Information for processor 11
  Max Mhz: 3301, Current Mhz: 1908, Mhz Limit: 3301

Memory: 4k page, system-wide physical 7519M (308M free)
TotalPageFile size 17599M (AvailPageFile size 0M)
current process WorkingSet (physical memory assigned to process): 187M, peak: 187M
current process commit charge ("private bytes"): 222M, peak: 240M

vm_info: OpenJDK 64-Bit Server VM (17.0.8.1+7-b1059.3) for windows-amd64 JRE (17.0.8.1+7-b1059.3), built on 2023-09-11 by "builduser" with MS VC++ 16.10 / 16.11 (VS2019)

END.
